[2022-08-11 20:06:00,605] {processor.py:153} INFO - Started process (PID=130) to work on /home/airflow/.local/lib/python3.7/site-packages/airflow/example_dags/example_branch_operator.py
[2022-08-11 20:06:00,628] {processor.py:641} INFO - Processing file /home/airflow/.local/lib/python3.7/site-packages/airflow/example_dags/example_branch_operator.py for tasks to queue
[2022-08-11 20:06:00,638] {logging_mixin.py:115} INFO - [2022-08-11 20:06:00,638] {dagbag.py:508} INFO - Filling up the DagBag from /home/airflow/.local/lib/python3.7/site-packages/airflow/example_dags/example_branch_operator.py
[2022-08-11 20:06:01,204] {processor.py:651} INFO - DAG(s) dict_keys(['example_branch_operator']) retrieved from /home/airflow/.local/lib/python3.7/site-packages/airflow/example_dags/example_branch_operator.py
[2022-08-11 20:06:02,012] {logging_mixin.py:115} INFO - [2022-08-11 20:06:02,011] {dag.py:2420} INFO - Sync 1 DAGs
[2022-08-11 20:06:05,098] {logging_mixin.py:115} INFO - [2022-08-11 20:06:05,098] {dag.py:2972} INFO - Setting next_dagrun for example_branch_operator to 2022-08-10T00:00:00+00:00, run_after=2022-08-11T00:00:00+00:00
[2022-08-11 20:06:05,142] {processor.py:161} INFO - Processing /home/airflow/.local/lib/python3.7/site-packages/airflow/example_dags/example_branch_operator.py took 4.577 seconds
[2022-08-11 20:06:35,611] {processor.py:153} INFO - Started process (PID=184) to work on /home/airflow/.local/lib/python3.7/site-packages/airflow/example_dags/example_branch_operator.py
[2022-08-11 20:06:35,615] {processor.py:641} INFO - Processing file /home/airflow/.local/lib/python3.7/site-packages/airflow/example_dags/example_branch_operator.py for tasks to queue
[2022-08-11 20:06:35,620] {logging_mixin.py:115} INFO - [2022-08-11 20:06:35,620] {dagbag.py:508} INFO - Filling up the DagBag from /home/airflow/.local/lib/python3.7/site-packages/airflow/example_dags/example_branch_operator.py
[2022-08-11 20:06:35,670] {processor.py:651} INFO - DAG(s) dict_keys(['example_branch_operator']) retrieved from /home/airflow/.local/lib/python3.7/site-packages/airflow/example_dags/example_branch_operator.py
[2022-08-11 20:06:35,772] {logging_mixin.py:115} INFO - [2022-08-11 20:06:35,772] {dag.py:2420} INFO - Sync 1 DAGs
[2022-08-11 20:06:36,459] {logging_mixin.py:115} INFO - [2022-08-11 20:06:36,459] {dag.py:2972} INFO - Setting next_dagrun for example_branch_operator to 2022-08-10T00:00:00+00:00, run_after=2022-08-11T00:00:00+00:00
[2022-08-11 20:06:36,484] {processor.py:161} INFO - Processing /home/airflow/.local/lib/python3.7/site-packages/airflow/example_dags/example_branch_operator.py took 0.879 seconds
[2022-08-11 20:07:06,816] {processor.py:153} INFO - Started process (PID=237) to work on /home/airflow/.local/lib/python3.7/site-packages/airflow/example_dags/example_branch_operator.py
[2022-08-11 20:07:06,818] {processor.py:641} INFO - Processing file /home/airflow/.local/lib/python3.7/site-packages/airflow/example_dags/example_branch_operator.py for tasks to queue
[2022-08-11 20:07:06,821] {logging_mixin.py:115} INFO - [2022-08-11 20:07:06,821] {dagbag.py:508} INFO - Filling up the DagBag from /home/airflow/.local/lib/python3.7/site-packages/airflow/example_dags/example_branch_operator.py
[2022-08-11 20:07:06,841] {processor.py:651} INFO - DAG(s) dict_keys(['example_branch_operator']) retrieved from /home/airflow/.local/lib/python3.7/site-packages/airflow/example_dags/example_branch_operator.py
[2022-08-11 20:07:06,896] {logging_mixin.py:115} INFO - [2022-08-11 20:07:06,896] {dag.py:2420} INFO - Sync 1 DAGs
[2022-08-11 20:07:07,402] {logging_mixin.py:115} INFO - [2022-08-11 20:07:07,402] {dag.py:2972} INFO - Setting next_dagrun for example_branch_operator to 2022-08-10T00:00:00+00:00, run_after=2022-08-11T00:00:00+00:00
[2022-08-11 20:07:07,432] {processor.py:161} INFO - Processing /home/airflow/.local/lib/python3.7/site-packages/airflow/example_dags/example_branch_operator.py took 0.624 seconds
[2022-08-11 20:07:37,641] {processor.py:153} INFO - Started process (PID=299) to work on /home/airflow/.local/lib/python3.7/site-packages/airflow/example_dags/example_branch_operator.py
[2022-08-11 20:07:37,644] {processor.py:641} INFO - Processing file /home/airflow/.local/lib/python3.7/site-packages/airflow/example_dags/example_branch_operator.py for tasks to queue
[2022-08-11 20:07:37,646] {logging_mixin.py:115} INFO - [2022-08-11 20:07:37,646] {dagbag.py:508} INFO - Filling up the DagBag from /home/airflow/.local/lib/python3.7/site-packages/airflow/example_dags/example_branch_operator.py
[2022-08-11 20:07:37,668] {processor.py:651} INFO - DAG(s) dict_keys(['example_branch_operator']) retrieved from /home/airflow/.local/lib/python3.7/site-packages/airflow/example_dags/example_branch_operator.py
[2022-08-11 20:07:37,723] {logging_mixin.py:115} INFO - [2022-08-11 20:07:37,723] {dag.py:2420} INFO - Sync 1 DAGs
[2022-08-11 20:07:38,094] {logging_mixin.py:115} INFO - [2022-08-11 20:07:38,094] {dag.py:2972} INFO - Setting next_dagrun for example_branch_operator to 2022-08-10T00:00:00+00:00, run_after=2022-08-11T00:00:00+00:00
[2022-08-11 20:07:38,114] {processor.py:161} INFO - Processing /home/airflow/.local/lib/python3.7/site-packages/airflow/example_dags/example_branch_operator.py took 0.480 seconds
[2022-08-11 20:08:08,659] {processor.py:153} INFO - Started process (PID=359) to work on /home/airflow/.local/lib/python3.7/site-packages/airflow/example_dags/example_branch_operator.py
[2022-08-11 20:08:08,661] {processor.py:641} INFO - Processing file /home/airflow/.local/lib/python3.7/site-packages/airflow/example_dags/example_branch_operator.py for tasks to queue
[2022-08-11 20:08:08,663] {logging_mixin.py:115} INFO - [2022-08-11 20:08:08,663] {dagbag.py:508} INFO - Filling up the DagBag from /home/airflow/.local/lib/python3.7/site-packages/airflow/example_dags/example_branch_operator.py
[2022-08-11 20:08:08,693] {processor.py:651} INFO - DAG(s) dict_keys(['example_branch_operator']) retrieved from /home/airflow/.local/lib/python3.7/site-packages/airflow/example_dags/example_branch_operator.py
[2022-08-11 20:08:08,754] {logging_mixin.py:115} INFO - [2022-08-11 20:08:08,753] {dag.py:2420} INFO - Sync 1 DAGs
[2022-08-11 20:08:09,079] {logging_mixin.py:115} INFO - [2022-08-11 20:08:09,079] {dag.py:2972} INFO - Setting next_dagrun for example_branch_operator to 2022-08-10T00:00:00+00:00, run_after=2022-08-11T00:00:00+00:00
[2022-08-11 20:08:09,090] {processor.py:161} INFO - Processing /home/airflow/.local/lib/python3.7/site-packages/airflow/example_dags/example_branch_operator.py took 0.439 seconds
[2022-08-11 20:08:39,190] {processor.py:153} INFO - Started process (PID=421) to work on /home/airflow/.local/lib/python3.7/site-packages/airflow/example_dags/example_branch_operator.py
[2022-08-11 20:08:39,195] {processor.py:641} INFO - Processing file /home/airflow/.local/lib/python3.7/site-packages/airflow/example_dags/example_branch_operator.py for tasks to queue
[2022-08-11 20:08:39,198] {logging_mixin.py:115} INFO - [2022-08-11 20:08:39,198] {dagbag.py:508} INFO - Filling up the DagBag from /home/airflow/.local/lib/python3.7/site-packages/airflow/example_dags/example_branch_operator.py
[2022-08-11 20:08:39,252] {processor.py:651} INFO - DAG(s) dict_keys(['example_branch_operator']) retrieved from /home/airflow/.local/lib/python3.7/site-packages/airflow/example_dags/example_branch_operator.py
[2022-08-11 20:08:39,356] {logging_mixin.py:115} INFO - [2022-08-11 20:08:39,356] {dag.py:2420} INFO - Sync 1 DAGs
[2022-08-11 20:08:39,870] {logging_mixin.py:115} INFO - [2022-08-11 20:08:39,870] {dag.py:2972} INFO - Setting next_dagrun for example_branch_operator to 2022-08-10T00:00:00+00:00, run_after=2022-08-11T00:00:00+00:00
[2022-08-11 20:08:39,885] {processor.py:161} INFO - Processing /home/airflow/.local/lib/python3.7/site-packages/airflow/example_dags/example_branch_operator.py took 0.709 seconds
[2022-08-11 20:09:10,193] {processor.py:153} INFO - Started process (PID=474) to work on /home/airflow/.local/lib/python3.7/site-packages/airflow/example_dags/example_branch_operator.py
[2022-08-11 20:09:10,195] {processor.py:641} INFO - Processing file /home/airflow/.local/lib/python3.7/site-packages/airflow/example_dags/example_branch_operator.py for tasks to queue
[2022-08-11 20:09:10,198] {logging_mixin.py:115} INFO - [2022-08-11 20:09:10,198] {dagbag.py:508} INFO - Filling up the DagBag from /home/airflow/.local/lib/python3.7/site-packages/airflow/example_dags/example_branch_operator.py
[2022-08-11 20:09:10,217] {processor.py:651} INFO - DAG(s) dict_keys(['example_branch_operator']) retrieved from /home/airflow/.local/lib/python3.7/site-packages/airflow/example_dags/example_branch_operator.py
[2022-08-11 20:09:10,283] {logging_mixin.py:115} INFO - [2022-08-11 20:09:10,283] {dag.py:2420} INFO - Sync 1 DAGs
[2022-08-11 20:09:10,641] {logging_mixin.py:115} INFO - [2022-08-11 20:09:10,641] {dag.py:2972} INFO - Setting next_dagrun for example_branch_operator to 2022-08-10T00:00:00+00:00, run_after=2022-08-11T00:00:00+00:00
[2022-08-11 20:09:10,657] {processor.py:161} INFO - Processing /home/airflow/.local/lib/python3.7/site-packages/airflow/example_dags/example_branch_operator.py took 0.470 seconds
[2022-08-11 20:09:41,358] {processor.py:153} INFO - Started process (PID=537) to work on /home/airflow/.local/lib/python3.7/site-packages/airflow/example_dags/example_branch_operator.py
[2022-08-11 20:09:41,361] {processor.py:641} INFO - Processing file /home/airflow/.local/lib/python3.7/site-packages/airflow/example_dags/example_branch_operator.py for tasks to queue
[2022-08-11 20:09:41,362] {logging_mixin.py:115} INFO - [2022-08-11 20:09:41,362] {dagbag.py:508} INFO - Filling up the DagBag from /home/airflow/.local/lib/python3.7/site-packages/airflow/example_dags/example_branch_operator.py
[2022-08-11 20:09:41,405] {processor.py:651} INFO - DAG(s) dict_keys(['example_branch_operator']) retrieved from /home/airflow/.local/lib/python3.7/site-packages/airflow/example_dags/example_branch_operator.py
[2022-08-11 20:09:41,500] {logging_mixin.py:115} INFO - [2022-08-11 20:09:41,500] {dag.py:2420} INFO - Sync 1 DAGs
[2022-08-11 20:09:41,887] {logging_mixin.py:115} INFO - [2022-08-11 20:09:41,887] {dag.py:2972} INFO - Setting next_dagrun for example_branch_operator to 2022-08-10T00:00:00+00:00, run_after=2022-08-11T00:00:00+00:00
[2022-08-11 20:09:41,907] {processor.py:161} INFO - Processing /home/airflow/.local/lib/python3.7/site-packages/airflow/example_dags/example_branch_operator.py took 0.570 seconds
[2022-08-11 20:10:19,699] {processor.py:153} INFO - Started process (PID=599) to work on /home/airflow/.local/lib/python3.7/site-packages/airflow/example_dags/example_branch_operator.py
[2022-08-11 20:10:19,709] {processor.py:641} INFO - Processing file /home/airflow/.local/lib/python3.7/site-packages/airflow/example_dags/example_branch_operator.py for tasks to queue
[2022-08-11 20:10:19,714] {logging_mixin.py:115} INFO - [2022-08-11 20:10:19,714] {dagbag.py:508} INFO - Filling up the DagBag from /home/airflow/.local/lib/python3.7/site-packages/airflow/example_dags/example_branch_operator.py
[2022-08-11 20:10:19,754] {processor.py:651} INFO - DAG(s) dict_keys(['example_branch_operator']) retrieved from /home/airflow/.local/lib/python3.7/site-packages/airflow/example_dags/example_branch_operator.py
[2022-08-11 20:10:20,322] {logging_mixin.py:115} INFO - [2022-08-11 20:10:20,317] {dag.py:2420} INFO - Sync 1 DAGs
[2022-08-11 20:10:29,543] {logging_mixin.py:115} INFO - [2022-08-11 20:10:29,542] {dag.py:2972} INFO - Setting next_dagrun for example_branch_operator to 2022-08-10T00:00:00+00:00, run_after=2022-08-11T00:00:00+00:00
[2022-08-11 20:10:29,647] {processor.py:161} INFO - Processing /home/airflow/.local/lib/python3.7/site-packages/airflow/example_dags/example_branch_operator.py took 9.970 seconds
[2022-08-11 20:10:59,957] {processor.py:153} INFO - Started process (PID=659) to work on /home/airflow/.local/lib/python3.7/site-packages/airflow/example_dags/example_branch_operator.py
[2022-08-11 20:10:59,965] {processor.py:641} INFO - Processing file /home/airflow/.local/lib/python3.7/site-packages/airflow/example_dags/example_branch_operator.py for tasks to queue
[2022-08-11 20:10:59,968] {logging_mixin.py:115} INFO - [2022-08-11 20:10:59,968] {dagbag.py:508} INFO - Filling up the DagBag from /home/airflow/.local/lib/python3.7/site-packages/airflow/example_dags/example_branch_operator.py
[2022-08-11 20:11:00,131] {processor.py:651} INFO - DAG(s) dict_keys(['example_branch_operator']) retrieved from /home/airflow/.local/lib/python3.7/site-packages/airflow/example_dags/example_branch_operator.py
[2022-08-11 20:11:00,198] {logging_mixin.py:115} INFO - [2022-08-11 20:11:00,198] {dag.py:2420} INFO - Sync 1 DAGs
[2022-08-11 20:11:00,703] {logging_mixin.py:115} INFO - [2022-08-11 20:11:00,703] {dag.py:2972} INFO - Setting next_dagrun for example_branch_operator to 2022-08-10T00:00:00+00:00, run_after=2022-08-11T00:00:00+00:00
[2022-08-11 20:11:00,714] {processor.py:161} INFO - Processing /home/airflow/.local/lib/python3.7/site-packages/airflow/example_dags/example_branch_operator.py took 0.786 seconds
[2022-08-11 20:11:31,230] {processor.py:153} INFO - Started process (PID=713) to work on /home/airflow/.local/lib/python3.7/site-packages/airflow/example_dags/example_branch_operator.py
[2022-08-11 20:11:31,248] {processor.py:641} INFO - Processing file /home/airflow/.local/lib/python3.7/site-packages/airflow/example_dags/example_branch_operator.py for tasks to queue
[2022-08-11 20:11:31,258] {logging_mixin.py:115} INFO - [2022-08-11 20:11:31,258] {dagbag.py:508} INFO - Filling up the DagBag from /home/airflow/.local/lib/python3.7/site-packages/airflow/example_dags/example_branch_operator.py
[2022-08-11 20:11:31,360] {processor.py:651} INFO - DAG(s) dict_keys(['example_branch_operator']) retrieved from /home/airflow/.local/lib/python3.7/site-packages/airflow/example_dags/example_branch_operator.py
[2022-08-11 20:11:31,457] {logging_mixin.py:115} INFO - [2022-08-11 20:11:31,457] {dag.py:2420} INFO - Sync 1 DAGs
[2022-08-11 20:11:38,031] {logging_mixin.py:115} INFO - [2022-08-11 20:11:38,024] {dag.py:2972} INFO - Setting next_dagrun for example_branch_operator to 2022-08-10T00:00:00+00:00, run_after=2022-08-11T00:00:00+00:00
[2022-08-11 20:11:38,158] {processor.py:161} INFO - Processing /home/airflow/.local/lib/python3.7/site-packages/airflow/example_dags/example_branch_operator.py took 6.950 seconds
[2022-08-11 20:12:11,136] {processor.py:153} INFO - Started process (PID=775) to work on /home/airflow/.local/lib/python3.7/site-packages/airflow/example_dags/example_branch_operator.py
[2022-08-11 20:12:11,145] {processor.py:641} INFO - Processing file /home/airflow/.local/lib/python3.7/site-packages/airflow/example_dags/example_branch_operator.py for tasks to queue
[2022-08-11 20:12:11,152] {logging_mixin.py:115} INFO - [2022-08-11 20:12:11,152] {dagbag.py:508} INFO - Filling up the DagBag from /home/airflow/.local/lib/python3.7/site-packages/airflow/example_dags/example_branch_operator.py
[2022-08-11 20:12:11,237] {processor.py:651} INFO - DAG(s) dict_keys(['example_branch_operator']) retrieved from /home/airflow/.local/lib/python3.7/site-packages/airflow/example_dags/example_branch_operator.py
[2022-08-11 20:12:11,425] {logging_mixin.py:115} INFO - [2022-08-11 20:12:11,424] {dag.py:2420} INFO - Sync 1 DAGs
[2022-08-11 20:12:12,378] {logging_mixin.py:115} INFO - [2022-08-11 20:12:12,378] {dag.py:2972} INFO - Setting next_dagrun for example_branch_operator to 2022-08-10T00:00:00+00:00, run_after=2022-08-11T00:00:00+00:00
[2022-08-11 20:12:12,415] {processor.py:161} INFO - Processing /home/airflow/.local/lib/python3.7/site-packages/airflow/example_dags/example_branch_operator.py took 1.294 seconds
[2022-08-11 20:12:43,658] {processor.py:153} INFO - Started process (PID=827) to work on /home/airflow/.local/lib/python3.7/site-packages/airflow/example_dags/example_branch_operator.py
[2022-08-11 20:12:43,669] {processor.py:641} INFO - Processing file /home/airflow/.local/lib/python3.7/site-packages/airflow/example_dags/example_branch_operator.py for tasks to queue
[2022-08-11 20:12:43,676] {logging_mixin.py:115} INFO - [2022-08-11 20:12:43,675] {dagbag.py:508} INFO - Filling up the DagBag from /home/airflow/.local/lib/python3.7/site-packages/airflow/example_dags/example_branch_operator.py
[2022-08-11 20:12:43,710] {processor.py:651} INFO - DAG(s) dict_keys(['example_branch_operator']) retrieved from /home/airflow/.local/lib/python3.7/site-packages/airflow/example_dags/example_branch_operator.py
[2022-08-11 20:12:43,823] {logging_mixin.py:115} INFO - [2022-08-11 20:12:43,823] {dag.py:2420} INFO - Sync 1 DAGs
[2022-08-11 20:12:44,061] {logging_mixin.py:115} INFO - [2022-08-11 20:12:44,061] {dag.py:2972} INFO - Setting next_dagrun for example_branch_operator to 2022-08-10T00:00:00+00:00, run_after=2022-08-11T00:00:00+00:00
[2022-08-11 20:12:44,073] {processor.py:161} INFO - Processing /home/airflow/.local/lib/python3.7/site-packages/airflow/example_dags/example_branch_operator.py took 0.425 seconds
[2022-08-11 20:13:21,001] {processor.py:153} INFO - Started process (PID=881) to work on /home/airflow/.local/lib/python3.7/site-packages/airflow/example_dags/example_branch_operator.py
[2022-08-11 20:13:21,007] {processor.py:641} INFO - Processing file /home/airflow/.local/lib/python3.7/site-packages/airflow/example_dags/example_branch_operator.py for tasks to queue
[2022-08-11 20:13:21,008] {logging_mixin.py:115} INFO - [2022-08-11 20:13:21,008] {dagbag.py:508} INFO - Filling up the DagBag from /home/airflow/.local/lib/python3.7/site-packages/airflow/example_dags/example_branch_operator.py
[2022-08-11 20:13:21,035] {processor.py:651} INFO - DAG(s) dict_keys(['example_branch_operator']) retrieved from /home/airflow/.local/lib/python3.7/site-packages/airflow/example_dags/example_branch_operator.py
[2022-08-11 20:13:21,107] {logging_mixin.py:115} INFO - [2022-08-11 20:13:21,106] {dag.py:2420} INFO - Sync 1 DAGs
[2022-08-11 20:13:21,993] {logging_mixin.py:115} INFO - [2022-08-11 20:13:21,992] {dag.py:2972} INFO - Setting next_dagrun for example_branch_operator to 2022-08-10T00:00:00+00:00, run_after=2022-08-11T00:00:00+00:00
[2022-08-11 20:13:22,085] {processor.py:161} INFO - Processing /home/airflow/.local/lib/python3.7/site-packages/airflow/example_dags/example_branch_operator.py took 1.087 seconds
[2022-08-11 20:14:08,962] {processor.py:153} INFO - Started process (PID=942) to work on /home/airflow/.local/lib/python3.7/site-packages/airflow/example_dags/example_branch_operator.py
[2022-08-11 20:14:08,965] {processor.py:641} INFO - Processing file /home/airflow/.local/lib/python3.7/site-packages/airflow/example_dags/example_branch_operator.py for tasks to queue
[2022-08-11 20:14:08,966] {logging_mixin.py:115} INFO - [2022-08-11 20:14:08,966] {dagbag.py:508} INFO - Filling up the DagBag from /home/airflow/.local/lib/python3.7/site-packages/airflow/example_dags/example_branch_operator.py
[2022-08-11 20:14:08,991] {processor.py:651} INFO - DAG(s) dict_keys(['example_branch_operator']) retrieved from /home/airflow/.local/lib/python3.7/site-packages/airflow/example_dags/example_branch_operator.py
[2022-08-11 20:14:09,074] {logging_mixin.py:115} INFO - [2022-08-11 20:14:09,074] {dag.py:2420} INFO - Sync 1 DAGs
[2022-08-11 20:14:09,754] {logging_mixin.py:115} INFO - [2022-08-11 20:14:09,754] {dag.py:2972} INFO - Setting next_dagrun for example_branch_operator to 2022-08-10T00:00:00+00:00, run_after=2022-08-11T00:00:00+00:00
[2022-08-11 20:14:09,770] {processor.py:161} INFO - Processing /home/airflow/.local/lib/python3.7/site-packages/airflow/example_dags/example_branch_operator.py took 0.812 seconds
[2022-08-11 20:14:40,470] {processor.py:153} INFO - Started process (PID=995) to work on /home/airflow/.local/lib/python3.7/site-packages/airflow/example_dags/example_branch_operator.py
[2022-08-11 20:14:40,473] {processor.py:641} INFO - Processing file /home/airflow/.local/lib/python3.7/site-packages/airflow/example_dags/example_branch_operator.py for tasks to queue
[2022-08-11 20:14:40,475] {logging_mixin.py:115} INFO - [2022-08-11 20:14:40,475] {dagbag.py:508} INFO - Filling up the DagBag from /home/airflow/.local/lib/python3.7/site-packages/airflow/example_dags/example_branch_operator.py
[2022-08-11 20:14:40,492] {processor.py:651} INFO - DAG(s) dict_keys(['example_branch_operator']) retrieved from /home/airflow/.local/lib/python3.7/site-packages/airflow/example_dags/example_branch_operator.py
[2022-08-11 20:14:40,523] {logging_mixin.py:115} INFO - [2022-08-11 20:14:40,522] {dag.py:2420} INFO - Sync 1 DAGs
[2022-08-11 20:14:40,639] {logging_mixin.py:115} INFO - [2022-08-11 20:14:40,639] {dag.py:2972} INFO - Setting next_dagrun for example_branch_operator to 2022-08-10T00:00:00+00:00, run_after=2022-08-11T00:00:00+00:00
[2022-08-11 20:14:40,648] {processor.py:161} INFO - Processing /home/airflow/.local/lib/python3.7/site-packages/airflow/example_dags/example_branch_operator.py took 0.183 seconds
[2022-08-11 20:15:11,633] {processor.py:153} INFO - Started process (PID=1056) to work on /home/airflow/.local/lib/python3.7/site-packages/airflow/example_dags/example_branch_operator.py
[2022-08-11 20:15:11,642] {processor.py:641} INFO - Processing file /home/airflow/.local/lib/python3.7/site-packages/airflow/example_dags/example_branch_operator.py for tasks to queue
[2022-08-11 20:15:11,651] {logging_mixin.py:115} INFO - [2022-08-11 20:15:11,651] {dagbag.py:508} INFO - Filling up the DagBag from /home/airflow/.local/lib/python3.7/site-packages/airflow/example_dags/example_branch_operator.py
[2022-08-11 20:15:11,841] {processor.py:651} INFO - DAG(s) dict_keys(['example_branch_operator']) retrieved from /home/airflow/.local/lib/python3.7/site-packages/airflow/example_dags/example_branch_operator.py
[2022-08-11 20:15:12,471] {logging_mixin.py:115} INFO - [2022-08-11 20:15:12,469] {dag.py:2420} INFO - Sync 1 DAGs
[2022-08-11 20:15:13,463] {logging_mixin.py:115} INFO - [2022-08-11 20:15:13,463] {dag.py:2972} INFO - Setting next_dagrun for example_branch_operator to 2022-08-10T00:00:00+00:00, run_after=2022-08-11T00:00:00+00:00
[2022-08-11 20:15:13,510] {processor.py:161} INFO - Processing /home/airflow/.local/lib/python3.7/site-packages/airflow/example_dags/example_branch_operator.py took 1.899 seconds
[2022-08-11 20:15:43,880] {processor.py:153} INFO - Started process (PID=1110) to work on /home/airflow/.local/lib/python3.7/site-packages/airflow/example_dags/example_branch_operator.py
[2022-08-11 20:15:43,882] {processor.py:641} INFO - Processing file /home/airflow/.local/lib/python3.7/site-packages/airflow/example_dags/example_branch_operator.py for tasks to queue
[2022-08-11 20:15:43,885] {logging_mixin.py:115} INFO - [2022-08-11 20:15:43,885] {dagbag.py:508} INFO - Filling up the DagBag from /home/airflow/.local/lib/python3.7/site-packages/airflow/example_dags/example_branch_operator.py
[2022-08-11 20:15:43,910] {processor.py:651} INFO - DAG(s) dict_keys(['example_branch_operator']) retrieved from /home/airflow/.local/lib/python3.7/site-packages/airflow/example_dags/example_branch_operator.py
[2022-08-11 20:15:44,038] {logging_mixin.py:115} INFO - [2022-08-11 20:15:44,038] {dag.py:2420} INFO - Sync 1 DAGs
[2022-08-11 20:15:44,700] {logging_mixin.py:115} INFO - [2022-08-11 20:15:44,700] {dag.py:2972} INFO - Setting next_dagrun for example_branch_operator to 2022-08-10T00:00:00+00:00, run_after=2022-08-11T00:00:00+00:00
[2022-08-11 20:15:44,736] {processor.py:161} INFO - Processing /home/airflow/.local/lib/python3.7/site-packages/airflow/example_dags/example_branch_operator.py took 0.859 seconds
