[2022-08-11 20:04:32,411] {processor.py:153} INFO - Started process (PID=80) to work on /home/airflow/.local/lib/python3.7/site-packages/airflow/example_dags/example_external_task_marker_dag.py
[2022-08-11 20:04:32,928] {processor.py:641} INFO - Processing file /home/airflow/.local/lib/python3.7/site-packages/airflow/example_dags/example_external_task_marker_dag.py for tasks to queue
[2022-08-11 20:04:33,636] {logging_mixin.py:115} INFO - [2022-08-11 20:04:33,635] {dagbag.py:508} INFO - Filling up the DagBag from /home/airflow/.local/lib/python3.7/site-packages/airflow/example_dags/example_external_task_marker_dag.py
[2022-08-11 20:04:35,836] {processor.py:651} INFO - DAG(s) dict_keys(['example_external_task_marker_parent', 'example_external_task_marker_child']) retrieved from /home/airflow/.local/lib/python3.7/site-packages/airflow/example_dags/example_external_task_marker_dag.py
[2022-08-11 20:04:39,699] {logging_mixin.py:115} INFO - [2022-08-11 20:04:39,698] {dag.py:2420} INFO - Sync 2 DAGs
[2022-08-11 20:05:00,628] {logging_mixin.py:115} INFO - [2022-08-11 20:05:00,627] {dag.py:2972} INFO - Setting next_dagrun for example_external_task_marker_child to None, run_after=None
[2022-08-11 20:05:00,661] {logging_mixin.py:115} INFO - [2022-08-11 20:05:00,661] {dag.py:2972} INFO - Setting next_dagrun for example_external_task_marker_parent to None, run_after=None
[2022-08-11 20:05:08,933] {processor.py:161} INFO - Processing /home/airflow/.local/lib/python3.7/site-packages/airflow/example_dags/example_external_task_marker_dag.py took 36.592 seconds
[2022-08-11 20:06:11,124] {processor.py:153} INFO - Started process (PID=160) to work on /home/airflow/.local/lib/python3.7/site-packages/airflow/example_dags/example_external_task_marker_dag.py
[2022-08-11 20:06:11,128] {processor.py:641} INFO - Processing file /home/airflow/.local/lib/python3.7/site-packages/airflow/example_dags/example_external_task_marker_dag.py for tasks to queue
[2022-08-11 20:06:11,133] {logging_mixin.py:115} INFO - [2022-08-11 20:06:11,133] {dagbag.py:508} INFO - Filling up the DagBag from /home/airflow/.local/lib/python3.7/site-packages/airflow/example_dags/example_external_task_marker_dag.py
[2022-08-11 20:06:11,142] {processor.py:651} INFO - DAG(s) dict_keys(['example_external_task_marker_parent', 'example_external_task_marker_child']) retrieved from /home/airflow/.local/lib/python3.7/site-packages/airflow/example_dags/example_external_task_marker_dag.py
[2022-08-11 20:06:11,213] {logging_mixin.py:115} INFO - [2022-08-11 20:06:11,213] {dag.py:2420} INFO - Sync 2 DAGs
[2022-08-11 20:06:11,388] {logging_mixin.py:115} INFO - [2022-08-11 20:06:11,388] {dag.py:2972} INFO - Setting next_dagrun for example_external_task_marker_child to None, run_after=None
[2022-08-11 20:06:11,392] {logging_mixin.py:115} INFO - [2022-08-11 20:06:11,392] {dag.py:2972} INFO - Setting next_dagrun for example_external_task_marker_parent to None, run_after=None
[2022-08-11 20:06:11,405] {processor.py:161} INFO - Processing /home/airflow/.local/lib/python3.7/site-packages/airflow/example_dags/example_external_task_marker_dag.py took 0.288 seconds
[2022-08-11 20:06:42,145] {processor.py:153} INFO - Started process (PID=214) to work on /home/airflow/.local/lib/python3.7/site-packages/airflow/example_dags/example_external_task_marker_dag.py
[2022-08-11 20:06:42,147] {processor.py:641} INFO - Processing file /home/airflow/.local/lib/python3.7/site-packages/airflow/example_dags/example_external_task_marker_dag.py for tasks to queue
[2022-08-11 20:06:42,147] {logging_mixin.py:115} INFO - [2022-08-11 20:06:42,147] {dagbag.py:508} INFO - Filling up the DagBag from /home/airflow/.local/lib/python3.7/site-packages/airflow/example_dags/example_external_task_marker_dag.py
[2022-08-11 20:06:42,151] {processor.py:651} INFO - DAG(s) dict_keys(['example_external_task_marker_parent', 'example_external_task_marker_child']) retrieved from /home/airflow/.local/lib/python3.7/site-packages/airflow/example_dags/example_external_task_marker_dag.py
[2022-08-11 20:06:42,193] {logging_mixin.py:115} INFO - [2022-08-11 20:06:42,193] {dag.py:2420} INFO - Sync 2 DAGs
[2022-08-11 20:06:42,324] {logging_mixin.py:115} INFO - [2022-08-11 20:06:42,324] {dag.py:2972} INFO - Setting next_dagrun for example_external_task_marker_child to None, run_after=None
[2022-08-11 20:06:42,327] {logging_mixin.py:115} INFO - [2022-08-11 20:06:42,327] {dag.py:2972} INFO - Setting next_dagrun for example_external_task_marker_parent to None, run_after=None
[2022-08-11 20:06:42,344] {processor.py:161} INFO - Processing /home/airflow/.local/lib/python3.7/site-packages/airflow/example_dags/example_external_task_marker_dag.py took 0.201 seconds
[2022-08-11 20:07:13,497] {processor.py:153} INFO - Started process (PID=276) to work on /home/airflow/.local/lib/python3.7/site-packages/airflow/example_dags/example_external_task_marker_dag.py
[2022-08-11 20:07:13,499] {processor.py:641} INFO - Processing file /home/airflow/.local/lib/python3.7/site-packages/airflow/example_dags/example_external_task_marker_dag.py for tasks to queue
[2022-08-11 20:07:13,500] {logging_mixin.py:115} INFO - [2022-08-11 20:07:13,500] {dagbag.py:508} INFO - Filling up the DagBag from /home/airflow/.local/lib/python3.7/site-packages/airflow/example_dags/example_external_task_marker_dag.py
[2022-08-11 20:07:13,509] {processor.py:651} INFO - DAG(s) dict_keys(['example_external_task_marker_parent', 'example_external_task_marker_child']) retrieved from /home/airflow/.local/lib/python3.7/site-packages/airflow/example_dags/example_external_task_marker_dag.py
[2022-08-11 20:07:13,563] {logging_mixin.py:115} INFO - [2022-08-11 20:07:13,563] {dag.py:2420} INFO - Sync 2 DAGs
[2022-08-11 20:07:13,731] {logging_mixin.py:115} INFO - [2022-08-11 20:07:13,731] {dag.py:2972} INFO - Setting next_dagrun for example_external_task_marker_child to None, run_after=None
[2022-08-11 20:07:13,743] {logging_mixin.py:115} INFO - [2022-08-11 20:07:13,743] {dag.py:2972} INFO - Setting next_dagrun for example_external_task_marker_parent to None, run_after=None
[2022-08-11 20:07:13,752] {processor.py:161} INFO - Processing /home/airflow/.local/lib/python3.7/site-packages/airflow/example_dags/example_external_task_marker_dag.py took 0.258 seconds
[2022-08-11 20:07:44,483] {processor.py:153} INFO - Started process (PID=337) to work on /home/airflow/.local/lib/python3.7/site-packages/airflow/example_dags/example_external_task_marker_dag.py
[2022-08-11 20:07:44,486] {processor.py:641} INFO - Processing file /home/airflow/.local/lib/python3.7/site-packages/airflow/example_dags/example_external_task_marker_dag.py for tasks to queue
[2022-08-11 20:07:44,488] {logging_mixin.py:115} INFO - [2022-08-11 20:07:44,488] {dagbag.py:508} INFO - Filling up the DagBag from /home/airflow/.local/lib/python3.7/site-packages/airflow/example_dags/example_external_task_marker_dag.py
[2022-08-11 20:07:44,492] {processor.py:651} INFO - DAG(s) dict_keys(['example_external_task_marker_parent', 'example_external_task_marker_child']) retrieved from /home/airflow/.local/lib/python3.7/site-packages/airflow/example_dags/example_external_task_marker_dag.py
[2022-08-11 20:07:44,532] {logging_mixin.py:115} INFO - [2022-08-11 20:07:44,532] {dag.py:2420} INFO - Sync 2 DAGs
[2022-08-11 20:07:44,729] {logging_mixin.py:115} INFO - [2022-08-11 20:07:44,729] {dag.py:2972} INFO - Setting next_dagrun for example_external_task_marker_child to None, run_after=None
[2022-08-11 20:07:44,733] {logging_mixin.py:115} INFO - [2022-08-11 20:07:44,733] {dag.py:2972} INFO - Setting next_dagrun for example_external_task_marker_parent to None, run_after=None
[2022-08-11 20:07:44,746] {processor.py:161} INFO - Processing /home/airflow/.local/lib/python3.7/site-packages/airflow/example_dags/example_external_task_marker_dag.py took 0.266 seconds
[2022-08-11 20:08:15,458] {processor.py:153} INFO - Started process (PID=389) to work on /home/airflow/.local/lib/python3.7/site-packages/airflow/example_dags/example_external_task_marker_dag.py
[2022-08-11 20:08:15,461] {processor.py:641} INFO - Processing file /home/airflow/.local/lib/python3.7/site-packages/airflow/example_dags/example_external_task_marker_dag.py for tasks to queue
[2022-08-11 20:08:15,463] {logging_mixin.py:115} INFO - [2022-08-11 20:08:15,463] {dagbag.py:508} INFO - Filling up the DagBag from /home/airflow/.local/lib/python3.7/site-packages/airflow/example_dags/example_external_task_marker_dag.py
[2022-08-11 20:08:15,472] {processor.py:651} INFO - DAG(s) dict_keys(['example_external_task_marker_parent', 'example_external_task_marker_child']) retrieved from /home/airflow/.local/lib/python3.7/site-packages/airflow/example_dags/example_external_task_marker_dag.py
[2022-08-11 20:08:15,564] {logging_mixin.py:115} INFO - [2022-08-11 20:08:15,564] {dag.py:2420} INFO - Sync 2 DAGs
[2022-08-11 20:08:15,762] {logging_mixin.py:115} INFO - [2022-08-11 20:08:15,762] {dag.py:2972} INFO - Setting next_dagrun for example_external_task_marker_child to None, run_after=None
[2022-08-11 20:08:15,764] {logging_mixin.py:115} INFO - [2022-08-11 20:08:15,764] {dag.py:2972} INFO - Setting next_dagrun for example_external_task_marker_parent to None, run_after=None
[2022-08-11 20:08:15,781] {processor.py:161} INFO - Processing /home/airflow/.local/lib/python3.7/site-packages/airflow/example_dags/example_external_task_marker_dag.py took 0.328 seconds
[2022-08-11 20:08:46,096] {processor.py:153} INFO - Started process (PID=451) to work on /home/airflow/.local/lib/python3.7/site-packages/airflow/example_dags/example_external_task_marker_dag.py
[2022-08-11 20:08:46,100] {processor.py:641} INFO - Processing file /home/airflow/.local/lib/python3.7/site-packages/airflow/example_dags/example_external_task_marker_dag.py for tasks to queue
[2022-08-11 20:08:46,103] {logging_mixin.py:115} INFO - [2022-08-11 20:08:46,103] {dagbag.py:508} INFO - Filling up the DagBag from /home/airflow/.local/lib/python3.7/site-packages/airflow/example_dags/example_external_task_marker_dag.py
[2022-08-11 20:08:46,112] {processor.py:651} INFO - DAG(s) dict_keys(['example_external_task_marker_parent', 'example_external_task_marker_child']) retrieved from /home/airflow/.local/lib/python3.7/site-packages/airflow/example_dags/example_external_task_marker_dag.py
[2022-08-11 20:08:46,191] {logging_mixin.py:115} INFO - [2022-08-11 20:08:46,191] {dag.py:2420} INFO - Sync 2 DAGs
[2022-08-11 20:08:46,326] {logging_mixin.py:115} INFO - [2022-08-11 20:08:46,326] {dag.py:2972} INFO - Setting next_dagrun for example_external_task_marker_child to None, run_after=None
[2022-08-11 20:08:46,328] {logging_mixin.py:115} INFO - [2022-08-11 20:08:46,328] {dag.py:2972} INFO - Setting next_dagrun for example_external_task_marker_parent to None, run_after=None
[2022-08-11 20:08:46,338] {processor.py:161} INFO - Processing /home/airflow/.local/lib/python3.7/site-packages/airflow/example_dags/example_external_task_marker_dag.py took 0.250 seconds
[2022-08-11 20:09:16,384] {processor.py:153} INFO - Started process (PID=510) to work on /home/airflow/.local/lib/python3.7/site-packages/airflow/example_dags/example_external_task_marker_dag.py
[2022-08-11 20:09:16,386] {processor.py:641} INFO - Processing file /home/airflow/.local/lib/python3.7/site-packages/airflow/example_dags/example_external_task_marker_dag.py for tasks to queue
[2022-08-11 20:09:16,387] {logging_mixin.py:115} INFO - [2022-08-11 20:09:16,387] {dagbag.py:508} INFO - Filling up the DagBag from /home/airflow/.local/lib/python3.7/site-packages/airflow/example_dags/example_external_task_marker_dag.py
[2022-08-11 20:09:16,390] {processor.py:651} INFO - DAG(s) dict_keys(['example_external_task_marker_parent', 'example_external_task_marker_child']) retrieved from /home/airflow/.local/lib/python3.7/site-packages/airflow/example_dags/example_external_task_marker_dag.py
[2022-08-11 20:09:16,429] {logging_mixin.py:115} INFO - [2022-08-11 20:09:16,429] {dag.py:2420} INFO - Sync 2 DAGs
[2022-08-11 20:09:16,543] {logging_mixin.py:115} INFO - [2022-08-11 20:09:16,543] {dag.py:2972} INFO - Setting next_dagrun for example_external_task_marker_child to None, run_after=None
[2022-08-11 20:09:16,545] {logging_mixin.py:115} INFO - [2022-08-11 20:09:16,545] {dag.py:2972} INFO - Setting next_dagrun for example_external_task_marker_parent to None, run_after=None
[2022-08-11 20:09:16,554] {processor.py:161} INFO - Processing /home/airflow/.local/lib/python3.7/site-packages/airflow/example_dags/example_external_task_marker_dag.py took 0.172 seconds
[2022-08-11 20:09:49,250] {processor.py:153} INFO - Started process (PID=571) to work on /home/airflow/.local/lib/python3.7/site-packages/airflow/example_dags/example_external_task_marker_dag.py
[2022-08-11 20:09:49,255] {processor.py:641} INFO - Processing file /home/airflow/.local/lib/python3.7/site-packages/airflow/example_dags/example_external_task_marker_dag.py for tasks to queue
[2022-08-11 20:09:49,261] {logging_mixin.py:115} INFO - [2022-08-11 20:09:49,260] {dagbag.py:508} INFO - Filling up the DagBag from /home/airflow/.local/lib/python3.7/site-packages/airflow/example_dags/example_external_task_marker_dag.py
[2022-08-11 20:09:49,267] {processor.py:651} INFO - DAG(s) dict_keys(['example_external_task_marker_parent', 'example_external_task_marker_child']) retrieved from /home/airflow/.local/lib/python3.7/site-packages/airflow/example_dags/example_external_task_marker_dag.py
[2022-08-11 20:09:49,345] {logging_mixin.py:115} INFO - [2022-08-11 20:09:49,344] {dag.py:2420} INFO - Sync 2 DAGs
[2022-08-11 20:09:49,490] {logging_mixin.py:115} INFO - [2022-08-11 20:09:49,490] {dag.py:2972} INFO - Setting next_dagrun for example_external_task_marker_child to None, run_after=None
[2022-08-11 20:09:49,492] {logging_mixin.py:115} INFO - [2022-08-11 20:09:49,492] {dag.py:2972} INFO - Setting next_dagrun for example_external_task_marker_parent to None, run_after=None
[2022-08-11 20:09:49,499] {processor.py:161} INFO - Processing /home/airflow/.local/lib/python3.7/site-packages/airflow/example_dags/example_external_task_marker_dag.py took 0.254 seconds
[2022-08-11 20:10:33,507] {processor.py:153} INFO - Started process (PID=619) to work on /home/airflow/.local/lib/python3.7/site-packages/airflow/example_dags/example_external_task_marker_dag.py
[2022-08-11 20:10:33,512] {processor.py:641} INFO - Processing file /home/airflow/.local/lib/python3.7/site-packages/airflow/example_dags/example_external_task_marker_dag.py for tasks to queue
[2022-08-11 20:10:33,514] {logging_mixin.py:115} INFO - [2022-08-11 20:10:33,514] {dagbag.py:508} INFO - Filling up the DagBag from /home/airflow/.local/lib/python3.7/site-packages/airflow/example_dags/example_external_task_marker_dag.py
[2022-08-11 20:10:33,521] {processor.py:651} INFO - DAG(s) dict_keys(['example_external_task_marker_parent', 'example_external_task_marker_child']) retrieved from /home/airflow/.local/lib/python3.7/site-packages/airflow/example_dags/example_external_task_marker_dag.py
[2022-08-11 20:10:33,603] {logging_mixin.py:115} INFO - [2022-08-11 20:10:33,603] {dag.py:2420} INFO - Sync 2 DAGs
[2022-08-11 20:10:33,800] {logging_mixin.py:115} INFO - [2022-08-11 20:10:33,800] {dag.py:2972} INFO - Setting next_dagrun for example_external_task_marker_child to None, run_after=None
[2022-08-11 20:10:33,802] {logging_mixin.py:115} INFO - [2022-08-11 20:10:33,802] {dag.py:2972} INFO - Setting next_dagrun for example_external_task_marker_parent to None, run_after=None
[2022-08-11 20:10:33,828] {processor.py:161} INFO - Processing /home/airflow/.local/lib/python3.7/site-packages/airflow/example_dags/example_external_task_marker_dag.py took 0.326 seconds
[2022-08-11 20:11:04,095] {processor.py:153} INFO - Started process (PID=671) to work on /home/airflow/.local/lib/python3.7/site-packages/airflow/example_dags/example_external_task_marker_dag.py
[2022-08-11 20:11:04,097] {processor.py:641} INFO - Processing file /home/airflow/.local/lib/python3.7/site-packages/airflow/example_dags/example_external_task_marker_dag.py for tasks to queue
[2022-08-11 20:11:04,097] {logging_mixin.py:115} INFO - [2022-08-11 20:11:04,097] {dagbag.py:508} INFO - Filling up the DagBag from /home/airflow/.local/lib/python3.7/site-packages/airflow/example_dags/example_external_task_marker_dag.py
[2022-08-11 20:11:04,101] {processor.py:651} INFO - DAG(s) dict_keys(['example_external_task_marker_parent', 'example_external_task_marker_child']) retrieved from /home/airflow/.local/lib/python3.7/site-packages/airflow/example_dags/example_external_task_marker_dag.py
[2022-08-11 20:11:04,149] {logging_mixin.py:115} INFO - [2022-08-11 20:11:04,149] {dag.py:2420} INFO - Sync 2 DAGs
[2022-08-11 20:11:04,280] {logging_mixin.py:115} INFO - [2022-08-11 20:11:04,280] {dag.py:2972} INFO - Setting next_dagrun for example_external_task_marker_child to None, run_after=None
[2022-08-11 20:11:04,282] {logging_mixin.py:115} INFO - [2022-08-11 20:11:04,281] {dag.py:2972} INFO - Setting next_dagrun for example_external_task_marker_parent to None, run_after=None
[2022-08-11 20:11:04,289] {processor.py:161} INFO - Processing /home/airflow/.local/lib/python3.7/site-packages/airflow/example_dags/example_external_task_marker_dag.py took 0.196 seconds
[2022-08-11 20:11:50,987] {processor.py:153} INFO - Started process (PID=733) to work on /home/airflow/.local/lib/python3.7/site-packages/airflow/example_dags/example_external_task_marker_dag.py
[2022-08-11 20:11:50,990] {processor.py:641} INFO - Processing file /home/airflow/.local/lib/python3.7/site-packages/airflow/example_dags/example_external_task_marker_dag.py for tasks to queue
[2022-08-11 20:11:50,992] {logging_mixin.py:115} INFO - [2022-08-11 20:11:50,992] {dagbag.py:508} INFO - Filling up the DagBag from /home/airflow/.local/lib/python3.7/site-packages/airflow/example_dags/example_external_task_marker_dag.py
[2022-08-11 20:11:51,007] {processor.py:651} INFO - DAG(s) dict_keys(['example_external_task_marker_parent', 'example_external_task_marker_child']) retrieved from /home/airflow/.local/lib/python3.7/site-packages/airflow/example_dags/example_external_task_marker_dag.py
[2022-08-11 20:11:51,141] {logging_mixin.py:115} INFO - [2022-08-11 20:11:51,141] {dag.py:2420} INFO - Sync 2 DAGs
[2022-08-11 20:11:51,372] {logging_mixin.py:115} INFO - [2022-08-11 20:11:51,372] {dag.py:2972} INFO - Setting next_dagrun for example_external_task_marker_child to None, run_after=None
[2022-08-11 20:11:51,374] {logging_mixin.py:115} INFO - [2022-08-11 20:11:51,374] {dag.py:2972} INFO - Setting next_dagrun for example_external_task_marker_parent to None, run_after=None
[2022-08-11 20:11:51,392] {processor.py:161} INFO - Processing /home/airflow/.local/lib/python3.7/site-packages/airflow/example_dags/example_external_task_marker_dag.py took 0.411 seconds
[2022-08-11 20:12:31,152] {processor.py:153} INFO - Started process (PID=795) to work on /home/airflow/.local/lib/python3.7/site-packages/airflow/example_dags/example_external_task_marker_dag.py
[2022-08-11 20:12:31,157] {processor.py:641} INFO - Processing file /home/airflow/.local/lib/python3.7/site-packages/airflow/example_dags/example_external_task_marker_dag.py for tasks to queue
[2022-08-11 20:12:31,159] {logging_mixin.py:115} INFO - [2022-08-11 20:12:31,159] {dagbag.py:508} INFO - Filling up the DagBag from /home/airflow/.local/lib/python3.7/site-packages/airflow/example_dags/example_external_task_marker_dag.py
[2022-08-11 20:12:31,168] {processor.py:651} INFO - DAG(s) dict_keys(['example_external_task_marker_parent', 'example_external_task_marker_child']) retrieved from /home/airflow/.local/lib/python3.7/site-packages/airflow/example_dags/example_external_task_marker_dag.py
[2022-08-11 20:12:31,483] {logging_mixin.py:115} INFO - [2022-08-11 20:12:31,482] {dag.py:2420} INFO - Sync 2 DAGs
[2022-08-11 20:12:31,529] {logging_mixin.py:115} INFO - [2022-08-11 20:12:31,528] {dag.py:2972} INFO - Setting next_dagrun for example_external_task_marker_child to None, run_after=None
[2022-08-11 20:12:31,535] {logging_mixin.py:115} INFO - [2022-08-11 20:12:31,534] {dag.py:2972} INFO - Setting next_dagrun for example_external_task_marker_parent to None, run_after=None
[2022-08-11 20:12:31,579] {processor.py:161} INFO - Processing /home/airflow/.local/lib/python3.7/site-packages/airflow/example_dags/example_external_task_marker_dag.py took 0.430 seconds
[2022-08-11 20:13:05,200] {processor.py:153} INFO - Started process (PID=847) to work on /home/airflow/.local/lib/python3.7/site-packages/airflow/example_dags/example_external_task_marker_dag.py
[2022-08-11 20:13:05,203] {processor.py:641} INFO - Processing file /home/airflow/.local/lib/python3.7/site-packages/airflow/example_dags/example_external_task_marker_dag.py for tasks to queue
[2022-08-11 20:13:05,205] {logging_mixin.py:115} INFO - [2022-08-11 20:13:05,205] {dagbag.py:508} INFO - Filling up the DagBag from /home/airflow/.local/lib/python3.7/site-packages/airflow/example_dags/example_external_task_marker_dag.py
[2022-08-11 20:13:05,211] {processor.py:651} INFO - DAG(s) dict_keys(['example_external_task_marker_parent', 'example_external_task_marker_child']) retrieved from /home/airflow/.local/lib/python3.7/site-packages/airflow/example_dags/example_external_task_marker_dag.py
[2022-08-11 20:13:05,443] {logging_mixin.py:115} INFO - [2022-08-11 20:13:05,443] {dag.py:2420} INFO - Sync 2 DAGs
[2022-08-11 20:13:05,465] {logging_mixin.py:115} INFO - [2022-08-11 20:13:05,465] {dag.py:2972} INFO - Setting next_dagrun for example_external_task_marker_child to None, run_after=None
[2022-08-11 20:13:05,467] {logging_mixin.py:115} INFO - [2022-08-11 20:13:05,467] {dag.py:2972} INFO - Setting next_dagrun for example_external_task_marker_parent to None, run_after=None
[2022-08-11 20:13:05,495] {processor.py:161} INFO - Processing /home/airflow/.local/lib/python3.7/site-packages/airflow/example_dags/example_external_task_marker_dag.py took 0.299 seconds
[2022-08-11 20:13:35,971] {processor.py:153} INFO - Started process (PID=901) to work on /home/airflow/.local/lib/python3.7/site-packages/airflow/example_dags/example_external_task_marker_dag.py
[2022-08-11 20:13:35,972] {processor.py:641} INFO - Processing file /home/airflow/.local/lib/python3.7/site-packages/airflow/example_dags/example_external_task_marker_dag.py for tasks to queue
[2022-08-11 20:13:35,974] {logging_mixin.py:115} INFO - [2022-08-11 20:13:35,974] {dagbag.py:508} INFO - Filling up the DagBag from /home/airflow/.local/lib/python3.7/site-packages/airflow/example_dags/example_external_task_marker_dag.py
[2022-08-11 20:13:35,979] {processor.py:651} INFO - DAG(s) dict_keys(['example_external_task_marker_parent', 'example_external_task_marker_child']) retrieved from /home/airflow/.local/lib/python3.7/site-packages/airflow/example_dags/example_external_task_marker_dag.py
[2022-08-11 20:13:36,216] {logging_mixin.py:115} INFO - [2022-08-11 20:13:36,216] {dag.py:2420} INFO - Sync 2 DAGs
[2022-08-11 20:13:36,227] {logging_mixin.py:115} INFO - [2022-08-11 20:13:36,227] {dag.py:2972} INFO - Setting next_dagrun for example_external_task_marker_child to None, run_after=None
[2022-08-11 20:13:36,229] {logging_mixin.py:115} INFO - [2022-08-11 20:13:36,229] {dag.py:2972} INFO - Setting next_dagrun for example_external_task_marker_parent to None, run_after=None
[2022-08-11 20:13:36,235] {processor.py:161} INFO - Processing /home/airflow/.local/lib/python3.7/site-packages/airflow/example_dags/example_external_task_marker_dag.py took 0.267 seconds
[2022-08-11 20:14:11,107] {processor.py:153} INFO - Started process (PID=953) to work on /home/airflow/.local/lib/python3.7/site-packages/airflow/example_dags/example_external_task_marker_dag.py
[2022-08-11 20:14:11,111] {processor.py:641} INFO - Processing file /home/airflow/.local/lib/python3.7/site-packages/airflow/example_dags/example_external_task_marker_dag.py for tasks to queue
[2022-08-11 20:14:11,112] {logging_mixin.py:115} INFO - [2022-08-11 20:14:11,112] {dagbag.py:508} INFO - Filling up the DagBag from /home/airflow/.local/lib/python3.7/site-packages/airflow/example_dags/example_external_task_marker_dag.py
[2022-08-11 20:14:11,119] {processor.py:651} INFO - DAG(s) dict_keys(['example_external_task_marker_parent', 'example_external_task_marker_child']) retrieved from /home/airflow/.local/lib/python3.7/site-packages/airflow/example_dags/example_external_task_marker_dag.py
[2022-08-11 20:14:11,357] {logging_mixin.py:115} INFO - [2022-08-11 20:14:11,357] {dag.py:2420} INFO - Sync 2 DAGs
[2022-08-11 20:14:11,374] {logging_mixin.py:115} INFO - [2022-08-11 20:14:11,374] {dag.py:2972} INFO - Setting next_dagrun for example_external_task_marker_child to None, run_after=None
[2022-08-11 20:14:11,377] {logging_mixin.py:115} INFO - [2022-08-11 20:14:11,377] {dag.py:2972} INFO - Setting next_dagrun for example_external_task_marker_parent to None, run_after=None
[2022-08-11 20:14:11,387] {processor.py:161} INFO - Processing /home/airflow/.local/lib/python3.7/site-packages/airflow/example_dags/example_external_task_marker_dag.py took 0.286 seconds
[2022-08-11 20:14:43,026] {processor.py:153} INFO - Started process (PID=1013) to work on /home/airflow/.local/lib/python3.7/site-packages/airflow/example_dags/example_external_task_marker_dag.py
[2022-08-11 20:14:43,030] {processor.py:641} INFO - Processing file /home/airflow/.local/lib/python3.7/site-packages/airflow/example_dags/example_external_task_marker_dag.py for tasks to queue
[2022-08-11 20:14:43,032] {logging_mixin.py:115} INFO - [2022-08-11 20:14:43,032] {dagbag.py:508} INFO - Filling up the DagBag from /home/airflow/.local/lib/python3.7/site-packages/airflow/example_dags/example_external_task_marker_dag.py
[2022-08-11 20:14:43,052] {processor.py:651} INFO - DAG(s) dict_keys(['example_external_task_marker_parent', 'example_external_task_marker_child']) retrieved from /home/airflow/.local/lib/python3.7/site-packages/airflow/example_dags/example_external_task_marker_dag.py
[2022-08-11 20:14:43,541] {logging_mixin.py:115} INFO - [2022-08-11 20:14:43,541] {dag.py:2420} INFO - Sync 2 DAGs
[2022-08-11 20:14:43,557] {logging_mixin.py:115} INFO - [2022-08-11 20:14:43,557] {dag.py:2972} INFO - Setting next_dagrun for example_external_task_marker_child to None, run_after=None
[2022-08-11 20:14:43,559] {logging_mixin.py:115} INFO - [2022-08-11 20:14:43,559] {dag.py:2972} INFO - Setting next_dagrun for example_external_task_marker_parent to None, run_after=None
[2022-08-11 20:14:43,571] {processor.py:161} INFO - Processing /home/airflow/.local/lib/python3.7/site-packages/airflow/example_dags/example_external_task_marker_dag.py took 0.551 seconds
[2022-08-11 20:15:14,959] {processor.py:153} INFO - Started process (PID=1067) to work on /home/airflow/.local/lib/python3.7/site-packages/airflow/example_dags/example_external_task_marker_dag.py
[2022-08-11 20:15:14,961] {processor.py:641} INFO - Processing file /home/airflow/.local/lib/python3.7/site-packages/airflow/example_dags/example_external_task_marker_dag.py for tasks to queue
[2022-08-11 20:15:14,962] {logging_mixin.py:115} INFO - [2022-08-11 20:15:14,962] {dagbag.py:508} INFO - Filling up the DagBag from /home/airflow/.local/lib/python3.7/site-packages/airflow/example_dags/example_external_task_marker_dag.py
[2022-08-11 20:15:14,968] {processor.py:651} INFO - DAG(s) dict_keys(['example_external_task_marker_parent', 'example_external_task_marker_child']) retrieved from /home/airflow/.local/lib/python3.7/site-packages/airflow/example_dags/example_external_task_marker_dag.py
[2022-08-11 20:15:15,097] {logging_mixin.py:115} INFO - [2022-08-11 20:15:15,097] {dag.py:2420} INFO - Sync 2 DAGs
[2022-08-11 20:15:15,113] {logging_mixin.py:115} INFO - [2022-08-11 20:15:15,113] {dag.py:2972} INFO - Setting next_dagrun for example_external_task_marker_child to None, run_after=None
[2022-08-11 20:15:15,114] {logging_mixin.py:115} INFO - [2022-08-11 20:15:15,114] {dag.py:2972} INFO - Setting next_dagrun for example_external_task_marker_parent to None, run_after=None
[2022-08-11 20:15:15,125] {processor.py:161} INFO - Processing /home/airflow/.local/lib/python3.7/site-packages/airflow/example_dags/example_external_task_marker_dag.py took 0.170 seconds
[2022-08-11 20:15:45,955] {processor.py:153} INFO - Started process (PID=1119) to work on /home/airflow/.local/lib/python3.7/site-packages/airflow/example_dags/example_external_task_marker_dag.py
[2022-08-11 20:15:45,957] {processor.py:641} INFO - Processing file /home/airflow/.local/lib/python3.7/site-packages/airflow/example_dags/example_external_task_marker_dag.py for tasks to queue
[2022-08-11 20:15:45,958] {logging_mixin.py:115} INFO - [2022-08-11 20:15:45,958] {dagbag.py:508} INFO - Filling up the DagBag from /home/airflow/.local/lib/python3.7/site-packages/airflow/example_dags/example_external_task_marker_dag.py
[2022-08-11 20:15:45,963] {processor.py:651} INFO - DAG(s) dict_keys(['example_external_task_marker_parent', 'example_external_task_marker_child']) retrieved from /home/airflow/.local/lib/python3.7/site-packages/airflow/example_dags/example_external_task_marker_dag.py
[2022-08-11 20:15:46,241] {logging_mixin.py:115} INFO - [2022-08-11 20:15:46,241] {dag.py:2420} INFO - Sync 2 DAGs
[2022-08-11 20:15:46,261] {logging_mixin.py:115} INFO - [2022-08-11 20:15:46,261] {dag.py:2972} INFO - Setting next_dagrun for example_external_task_marker_child to None, run_after=None
[2022-08-11 20:15:46,263] {logging_mixin.py:115} INFO - [2022-08-11 20:15:46,262] {dag.py:2972} INFO - Setting next_dagrun for example_external_task_marker_parent to None, run_after=None
[2022-08-11 20:15:46,274] {processor.py:161} INFO - Processing /home/airflow/.local/lib/python3.7/site-packages/airflow/example_dags/example_external_task_marker_dag.py took 0.322 seconds
