[2022-08-11 20:04:32,418] {processor.py:153} INFO - Started process (PID=81) to work on /home/airflow/.local/lib/python3.7/site-packages/airflow/example_dags/example_skip_dag.py
[2022-08-11 20:04:32,934] {processor.py:641} INFO - Processing file /home/airflow/.local/lib/python3.7/site-packages/airflow/example_dags/example_skip_dag.py for tasks to queue
[2022-08-11 20:04:33,656] {logging_mixin.py:115} INFO - [2022-08-11 20:04:33,638] {dagbag.py:508} INFO - Filling up the DagBag from /home/airflow/.local/lib/python3.7/site-packages/airflow/example_dags/example_skip_dag.py
[2022-08-11 20:04:35,847] {processor.py:651} INFO - DAG(s) dict_keys(['example_skip_dag']) retrieved from /home/airflow/.local/lib/python3.7/site-packages/airflow/example_dags/example_skip_dag.py
[2022-08-11 20:04:38,105] {logging_mixin.py:115} INFO - [2022-08-11 20:04:38,096] {dag.py:2420} INFO - Sync 1 DAGs
[2022-08-11 20:04:59,704] {logging_mixin.py:115} INFO - [2022-08-11 20:04:59,703] {dag.py:2972} INFO - Setting next_dagrun for example_skip_dag to 2022-08-10T20:04:59.702915+00:00, run_after=2022-08-11T20:04:59.702915+00:00
[2022-08-11 20:05:03,847] {processor.py:161} INFO - Processing /home/airflow/.local/lib/python3.7/site-packages/airflow/example_dags/example_skip_dag.py took 31.450 seconds
[2022-08-11 20:06:11,453] {processor.py:153} INFO - Started process (PID=161) to work on /home/airflow/.local/lib/python3.7/site-packages/airflow/example_dags/example_skip_dag.py
[2022-08-11 20:06:11,456] {processor.py:641} INFO - Processing file /home/airflow/.local/lib/python3.7/site-packages/airflow/example_dags/example_skip_dag.py for tasks to queue
[2022-08-11 20:06:11,458] {logging_mixin.py:115} INFO - [2022-08-11 20:06:11,457] {dagbag.py:508} INFO - Filling up the DagBag from /home/airflow/.local/lib/python3.7/site-packages/airflow/example_dags/example_skip_dag.py
[2022-08-11 20:06:11,464] {processor.py:651} INFO - DAG(s) dict_keys(['example_skip_dag']) retrieved from /home/airflow/.local/lib/python3.7/site-packages/airflow/example_dags/example_skip_dag.py
[2022-08-11 20:06:11,492] {logging_mixin.py:115} INFO - [2022-08-11 20:06:11,491] {dag.py:2420} INFO - Sync 1 DAGs
[2022-08-11 20:06:11,610] {logging_mixin.py:115} INFO - [2022-08-11 20:06:11,609] {dag.py:2972} INFO - Setting next_dagrun for example_skip_dag to 2022-08-10T20:06:11.609819+00:00, run_after=2022-08-11T20:06:11.609819+00:00
[2022-08-11 20:06:11,619] {processor.py:161} INFO - Processing /home/airflow/.local/lib/python3.7/site-packages/airflow/example_dags/example_skip_dag.py took 0.169 seconds
[2022-08-11 20:06:42,432] {processor.py:153} INFO - Started process (PID=215) to work on /home/airflow/.local/lib/python3.7/site-packages/airflow/example_dags/example_skip_dag.py
[2022-08-11 20:06:42,437] {processor.py:641} INFO - Processing file /home/airflow/.local/lib/python3.7/site-packages/airflow/example_dags/example_skip_dag.py for tasks to queue
[2022-08-11 20:06:42,440] {logging_mixin.py:115} INFO - [2022-08-11 20:06:42,440] {dagbag.py:508} INFO - Filling up the DagBag from /home/airflow/.local/lib/python3.7/site-packages/airflow/example_dags/example_skip_dag.py
[2022-08-11 20:06:42,449] {processor.py:651} INFO - DAG(s) dict_keys(['example_skip_dag']) retrieved from /home/airflow/.local/lib/python3.7/site-packages/airflow/example_dags/example_skip_dag.py
[2022-08-11 20:06:42,478] {logging_mixin.py:115} INFO - [2022-08-11 20:06:42,478] {dag.py:2420} INFO - Sync 1 DAGs
[2022-08-11 20:06:42,605] {logging_mixin.py:115} INFO - [2022-08-11 20:06:42,605] {dag.py:2972} INFO - Setting next_dagrun for example_skip_dag to 2022-08-10T20:06:42.605442+00:00, run_after=2022-08-11T20:06:42.605442+00:00
[2022-08-11 20:06:42,612] {processor.py:161} INFO - Processing /home/airflow/.local/lib/python3.7/site-packages/airflow/example_dags/example_skip_dag.py took 0.187 seconds
[2022-08-11 20:07:13,534] {processor.py:153} INFO - Started process (PID=277) to work on /home/airflow/.local/lib/python3.7/site-packages/airflow/example_dags/example_skip_dag.py
[2022-08-11 20:07:13,535] {processor.py:641} INFO - Processing file /home/airflow/.local/lib/python3.7/site-packages/airflow/example_dags/example_skip_dag.py for tasks to queue
[2022-08-11 20:07:13,537] {logging_mixin.py:115} INFO - [2022-08-11 20:07:13,537] {dagbag.py:508} INFO - Filling up the DagBag from /home/airflow/.local/lib/python3.7/site-packages/airflow/example_dags/example_skip_dag.py
[2022-08-11 20:07:13,542] {processor.py:651} INFO - DAG(s) dict_keys(['example_skip_dag']) retrieved from /home/airflow/.local/lib/python3.7/site-packages/airflow/example_dags/example_skip_dag.py
[2022-08-11 20:07:13,567] {logging_mixin.py:115} INFO - [2022-08-11 20:07:13,567] {dag.py:2420} INFO - Sync 1 DAGs
[2022-08-11 20:07:13,729] {logging_mixin.py:115} INFO - [2022-08-11 20:07:13,729] {dag.py:2972} INFO - Setting next_dagrun for example_skip_dag to 2022-08-10T20:07:13.729319+00:00, run_after=2022-08-11T20:07:13.729319+00:00
[2022-08-11 20:07:13,752] {processor.py:161} INFO - Processing /home/airflow/.local/lib/python3.7/site-packages/airflow/example_dags/example_skip_dag.py took 0.221 seconds
[2022-08-11 20:07:44,783] {processor.py:153} INFO - Started process (PID=338) to work on /home/airflow/.local/lib/python3.7/site-packages/airflow/example_dags/example_skip_dag.py
[2022-08-11 20:07:44,785] {processor.py:641} INFO - Processing file /home/airflow/.local/lib/python3.7/site-packages/airflow/example_dags/example_skip_dag.py for tasks to queue
[2022-08-11 20:07:44,788] {logging_mixin.py:115} INFO - [2022-08-11 20:07:44,788] {dagbag.py:508} INFO - Filling up the DagBag from /home/airflow/.local/lib/python3.7/site-packages/airflow/example_dags/example_skip_dag.py
[2022-08-11 20:07:44,796] {processor.py:651} INFO - DAG(s) dict_keys(['example_skip_dag']) retrieved from /home/airflow/.local/lib/python3.7/site-packages/airflow/example_dags/example_skip_dag.py
[2022-08-11 20:07:44,832] {logging_mixin.py:115} INFO - [2022-08-11 20:07:44,832] {dag.py:2420} INFO - Sync 1 DAGs
[2022-08-11 20:07:44,968] {logging_mixin.py:115} INFO - [2022-08-11 20:07:44,968] {dag.py:2972} INFO - Setting next_dagrun for example_skip_dag to 2022-08-10T20:07:44.968488+00:00, run_after=2022-08-11T20:07:44.968488+00:00
[2022-08-11 20:07:44,981] {processor.py:161} INFO - Processing /home/airflow/.local/lib/python3.7/site-packages/airflow/example_dags/example_skip_dag.py took 0.203 seconds
[2022-08-11 20:08:15,606] {processor.py:153} INFO - Started process (PID=390) to work on /home/airflow/.local/lib/python3.7/site-packages/airflow/example_dags/example_skip_dag.py
[2022-08-11 20:08:15,608] {processor.py:641} INFO - Processing file /home/airflow/.local/lib/python3.7/site-packages/airflow/example_dags/example_skip_dag.py for tasks to queue
[2022-08-11 20:08:15,610] {logging_mixin.py:115} INFO - [2022-08-11 20:08:15,610] {dagbag.py:508} INFO - Filling up the DagBag from /home/airflow/.local/lib/python3.7/site-packages/airflow/example_dags/example_skip_dag.py
[2022-08-11 20:08:15,617] {processor.py:651} INFO - DAG(s) dict_keys(['example_skip_dag']) retrieved from /home/airflow/.local/lib/python3.7/site-packages/airflow/example_dags/example_skip_dag.py
[2022-08-11 20:08:15,655] {logging_mixin.py:115} INFO - [2022-08-11 20:08:15,655] {dag.py:2420} INFO - Sync 1 DAGs
[2022-08-11 20:08:15,841] {logging_mixin.py:115} INFO - [2022-08-11 20:08:15,841] {dag.py:2972} INFO - Setting next_dagrun for example_skip_dag to 2022-08-10T20:08:15.841457+00:00, run_after=2022-08-11T20:08:15.841457+00:00
[2022-08-11 20:08:15,859] {processor.py:161} INFO - Processing /home/airflow/.local/lib/python3.7/site-packages/airflow/example_dags/example_skip_dag.py took 0.259 seconds
[2022-08-11 20:08:46,132] {processor.py:153} INFO - Started process (PID=452) to work on /home/airflow/.local/lib/python3.7/site-packages/airflow/example_dags/example_skip_dag.py
[2022-08-11 20:08:46,134] {processor.py:641} INFO - Processing file /home/airflow/.local/lib/python3.7/site-packages/airflow/example_dags/example_skip_dag.py for tasks to queue
[2022-08-11 20:08:46,135] {logging_mixin.py:115} INFO - [2022-08-11 20:08:46,135] {dagbag.py:508} INFO - Filling up the DagBag from /home/airflow/.local/lib/python3.7/site-packages/airflow/example_dags/example_skip_dag.py
[2022-08-11 20:08:46,145] {processor.py:651} INFO - DAG(s) dict_keys(['example_skip_dag']) retrieved from /home/airflow/.local/lib/python3.7/site-packages/airflow/example_dags/example_skip_dag.py
[2022-08-11 20:08:46,186] {logging_mixin.py:115} INFO - [2022-08-11 20:08:46,186] {dag.py:2420} INFO - Sync 1 DAGs
[2022-08-11 20:08:46,325] {logging_mixin.py:115} INFO - [2022-08-11 20:08:46,325] {dag.py:2972} INFO - Setting next_dagrun for example_skip_dag to 2022-08-10T20:08:46.324970+00:00, run_after=2022-08-11T20:08:46.324970+00:00
[2022-08-11 20:08:46,337] {processor.py:161} INFO - Processing /home/airflow/.local/lib/python3.7/site-packages/airflow/example_dags/example_skip_dag.py took 0.208 seconds
[2022-08-11 20:09:16,395] {processor.py:153} INFO - Started process (PID=511) to work on /home/airflow/.local/lib/python3.7/site-packages/airflow/example_dags/example_skip_dag.py
[2022-08-11 20:09:16,396] {processor.py:641} INFO - Processing file /home/airflow/.local/lib/python3.7/site-packages/airflow/example_dags/example_skip_dag.py for tasks to queue
[2022-08-11 20:09:16,397] {logging_mixin.py:115} INFO - [2022-08-11 20:09:16,397] {dagbag.py:508} INFO - Filling up the DagBag from /home/airflow/.local/lib/python3.7/site-packages/airflow/example_dags/example_skip_dag.py
[2022-08-11 20:09:16,401] {processor.py:651} INFO - DAG(s) dict_keys(['example_skip_dag']) retrieved from /home/airflow/.local/lib/python3.7/site-packages/airflow/example_dags/example_skip_dag.py
[2022-08-11 20:09:16,424] {logging_mixin.py:115} INFO - [2022-08-11 20:09:16,424] {dag.py:2420} INFO - Sync 1 DAGs
[2022-08-11 20:09:16,540] {logging_mixin.py:115} INFO - [2022-08-11 20:09:16,540] {dag.py:2972} INFO - Setting next_dagrun for example_skip_dag to 2022-08-10T20:09:16.540524+00:00, run_after=2022-08-11T20:09:16.540524+00:00
[2022-08-11 20:09:16,553] {processor.py:161} INFO - Processing /home/airflow/.local/lib/python3.7/site-packages/airflow/example_dags/example_skip_dag.py took 0.160 seconds
[2022-08-11 20:09:49,545] {processor.py:153} INFO - Started process (PID=572) to work on /home/airflow/.local/lib/python3.7/site-packages/airflow/example_dags/example_skip_dag.py
[2022-08-11 20:09:49,548] {processor.py:641} INFO - Processing file /home/airflow/.local/lib/python3.7/site-packages/airflow/example_dags/example_skip_dag.py for tasks to queue
[2022-08-11 20:09:49,549] {logging_mixin.py:115} INFO - [2022-08-11 20:09:49,549] {dagbag.py:508} INFO - Filling up the DagBag from /home/airflow/.local/lib/python3.7/site-packages/airflow/example_dags/example_skip_dag.py
[2022-08-11 20:09:49,567] {processor.py:651} INFO - DAG(s) dict_keys(['example_skip_dag']) retrieved from /home/airflow/.local/lib/python3.7/site-packages/airflow/example_dags/example_skip_dag.py
[2022-08-11 20:09:49,662] {logging_mixin.py:115} INFO - [2022-08-11 20:09:49,662] {dag.py:2420} INFO - Sync 1 DAGs
[2022-08-11 20:09:49,800] {logging_mixin.py:115} INFO - [2022-08-11 20:09:49,800] {dag.py:2972} INFO - Setting next_dagrun for example_skip_dag to 2022-08-10T20:09:49.800724+00:00, run_after=2022-08-11T20:09:49.800724+00:00
[2022-08-11 20:09:49,809] {processor.py:161} INFO - Processing /home/airflow/.local/lib/python3.7/site-packages/airflow/example_dags/example_skip_dag.py took 0.267 seconds
[2022-08-11 20:10:33,647] {processor.py:153} INFO - Started process (PID=620) to work on /home/airflow/.local/lib/python3.7/site-packages/airflow/example_dags/example_skip_dag.py
[2022-08-11 20:10:33,651] {processor.py:641} INFO - Processing file /home/airflow/.local/lib/python3.7/site-packages/airflow/example_dags/example_skip_dag.py for tasks to queue
[2022-08-11 20:10:33,654] {logging_mixin.py:115} INFO - [2022-08-11 20:10:33,653] {dagbag.py:508} INFO - Filling up the DagBag from /home/airflow/.local/lib/python3.7/site-packages/airflow/example_dags/example_skip_dag.py
[2022-08-11 20:10:33,662] {processor.py:651} INFO - DAG(s) dict_keys(['example_skip_dag']) retrieved from /home/airflow/.local/lib/python3.7/site-packages/airflow/example_dags/example_skip_dag.py
[2022-08-11 20:10:33,699] {logging_mixin.py:115} INFO - [2022-08-11 20:10:33,699] {dag.py:2420} INFO - Sync 1 DAGs
[2022-08-11 20:10:33,936] {logging_mixin.py:115} INFO - [2022-08-11 20:10:33,936] {dag.py:2972} INFO - Setting next_dagrun for example_skip_dag to 2022-08-10T20:10:33.935899+00:00, run_after=2022-08-11T20:10:33.935899+00:00
[2022-08-11 20:10:33,997] {processor.py:161} INFO - Processing /home/airflow/.local/lib/python3.7/site-packages/airflow/example_dags/example_skip_dag.py took 0.355 seconds
[2022-08-11 20:11:04,130] {processor.py:153} INFO - Started process (PID=672) to work on /home/airflow/.local/lib/python3.7/site-packages/airflow/example_dags/example_skip_dag.py
[2022-08-11 20:11:04,132] {processor.py:641} INFO - Processing file /home/airflow/.local/lib/python3.7/site-packages/airflow/example_dags/example_skip_dag.py for tasks to queue
[2022-08-11 20:11:04,133] {logging_mixin.py:115} INFO - [2022-08-11 20:11:04,133] {dagbag.py:508} INFO - Filling up the DagBag from /home/airflow/.local/lib/python3.7/site-packages/airflow/example_dags/example_skip_dag.py
[2022-08-11 20:11:04,138] {processor.py:651} INFO - DAG(s) dict_keys(['example_skip_dag']) retrieved from /home/airflow/.local/lib/python3.7/site-packages/airflow/example_dags/example_skip_dag.py
[2022-08-11 20:11:04,172] {logging_mixin.py:115} INFO - [2022-08-11 20:11:04,172] {dag.py:2420} INFO - Sync 1 DAGs
[2022-08-11 20:11:04,290] {logging_mixin.py:115} INFO - [2022-08-11 20:11:04,290] {dag.py:2972} INFO - Setting next_dagrun for example_skip_dag to 2022-08-10T20:11:04.290241+00:00, run_after=2022-08-11T20:11:04.290241+00:00
[2022-08-11 20:11:04,298] {processor.py:161} INFO - Processing /home/airflow/.local/lib/python3.7/site-packages/airflow/example_dags/example_skip_dag.py took 0.170 seconds
[2022-08-11 20:11:51,020] {processor.py:153} INFO - Started process (PID=734) to work on /home/airflow/.local/lib/python3.7/site-packages/airflow/example_dags/example_skip_dag.py
[2022-08-11 20:11:51,024] {processor.py:641} INFO - Processing file /home/airflow/.local/lib/python3.7/site-packages/airflow/example_dags/example_skip_dag.py for tasks to queue
[2022-08-11 20:11:51,027] {logging_mixin.py:115} INFO - [2022-08-11 20:11:51,026] {dagbag.py:508} INFO - Filling up the DagBag from /home/airflow/.local/lib/python3.7/site-packages/airflow/example_dags/example_skip_dag.py
[2022-08-11 20:11:51,039] {processor.py:651} INFO - DAG(s) dict_keys(['example_skip_dag']) retrieved from /home/airflow/.local/lib/python3.7/site-packages/airflow/example_dags/example_skip_dag.py
[2022-08-11 20:11:51,117] {logging_mixin.py:115} INFO - [2022-08-11 20:11:51,117] {dag.py:2420} INFO - Sync 1 DAGs
[2022-08-11 20:11:51,368] {logging_mixin.py:115} INFO - [2022-08-11 20:11:51,368] {dag.py:2972} INFO - Setting next_dagrun for example_skip_dag to 2022-08-10T20:11:51.367966+00:00, run_after=2022-08-11T20:11:51.367966+00:00
[2022-08-11 20:11:51,382] {processor.py:161} INFO - Processing /home/airflow/.local/lib/python3.7/site-packages/airflow/example_dags/example_skip_dag.py took 0.369 seconds
[2022-08-11 20:12:31,294] {processor.py:153} INFO - Started process (PID=796) to work on /home/airflow/.local/lib/python3.7/site-packages/airflow/example_dags/example_skip_dag.py
[2022-08-11 20:12:31,298] {processor.py:641} INFO - Processing file /home/airflow/.local/lib/python3.7/site-packages/airflow/example_dags/example_skip_dag.py for tasks to queue
[2022-08-11 20:12:31,300] {logging_mixin.py:115} INFO - [2022-08-11 20:12:31,300] {dagbag.py:508} INFO - Filling up the DagBag from /home/airflow/.local/lib/python3.7/site-packages/airflow/example_dags/example_skip_dag.py
[2022-08-11 20:12:31,310] {processor.py:651} INFO - DAG(s) dict_keys(['example_skip_dag']) retrieved from /home/airflow/.local/lib/python3.7/site-packages/airflow/example_dags/example_skip_dag.py
[2022-08-11 20:12:31,362] {logging_mixin.py:115} INFO - [2022-08-11 20:12:31,362] {dag.py:2420} INFO - Sync 1 DAGs
[2022-08-11 20:12:31,717] {logging_mixin.py:115} INFO - [2022-08-11 20:12:31,717] {dag.py:2972} INFO - Setting next_dagrun for example_skip_dag to 2022-08-10T20:12:31.716664+00:00, run_after=2022-08-11T20:12:31.716664+00:00
[2022-08-11 20:12:31,743] {processor.py:161} INFO - Processing /home/airflow/.local/lib/python3.7/site-packages/airflow/example_dags/example_skip_dag.py took 0.453 seconds
[2022-08-11 20:13:05,436] {processor.py:153} INFO - Started process (PID=848) to work on /home/airflow/.local/lib/python3.7/site-packages/airflow/example_dags/example_skip_dag.py
[2022-08-11 20:13:05,438] {processor.py:641} INFO - Processing file /home/airflow/.local/lib/python3.7/site-packages/airflow/example_dags/example_skip_dag.py for tasks to queue
[2022-08-11 20:13:05,441] {logging_mixin.py:115} INFO - [2022-08-11 20:13:05,440] {dagbag.py:508} INFO - Filling up the DagBag from /home/airflow/.local/lib/python3.7/site-packages/airflow/example_dags/example_skip_dag.py
[2022-08-11 20:13:05,448] {processor.py:651} INFO - DAG(s) dict_keys(['example_skip_dag']) retrieved from /home/airflow/.local/lib/python3.7/site-packages/airflow/example_dags/example_skip_dag.py
[2022-08-11 20:13:05,515] {logging_mixin.py:115} INFO - [2022-08-11 20:13:05,515] {dag.py:2420} INFO - Sync 1 DAGs
[2022-08-11 20:13:05,729] {logging_mixin.py:115} INFO - [2022-08-11 20:13:05,729] {dag.py:2972} INFO - Setting next_dagrun for example_skip_dag to 2022-08-10T20:13:05.728933+00:00, run_after=2022-08-11T20:13:05.728933+00:00
[2022-08-11 20:13:05,740] {processor.py:161} INFO - Processing /home/airflow/.local/lib/python3.7/site-packages/airflow/example_dags/example_skip_dag.py took 0.307 seconds
[2022-08-11 20:13:36,283] {processor.py:153} INFO - Started process (PID=902) to work on /home/airflow/.local/lib/python3.7/site-packages/airflow/example_dags/example_skip_dag.py
[2022-08-11 20:13:36,285] {processor.py:641} INFO - Processing file /home/airflow/.local/lib/python3.7/site-packages/airflow/example_dags/example_skip_dag.py for tasks to queue
[2022-08-11 20:13:36,287] {logging_mixin.py:115} INFO - [2022-08-11 20:13:36,287] {dagbag.py:508} INFO - Filling up the DagBag from /home/airflow/.local/lib/python3.7/site-packages/airflow/example_dags/example_skip_dag.py
[2022-08-11 20:13:36,295] {processor.py:651} INFO - DAG(s) dict_keys(['example_skip_dag']) retrieved from /home/airflow/.local/lib/python3.7/site-packages/airflow/example_dags/example_skip_dag.py
[2022-08-11 20:13:36,332] {logging_mixin.py:115} INFO - [2022-08-11 20:13:36,332] {dag.py:2420} INFO - Sync 1 DAGs
[2022-08-11 20:13:36,639] {logging_mixin.py:115} INFO - [2022-08-11 20:13:36,639] {dag.py:2972} INFO - Setting next_dagrun for example_skip_dag to 2022-08-10T20:13:36.639262+00:00, run_after=2022-08-11T20:13:36.639262+00:00
[2022-08-11 20:13:36,660] {processor.py:161} INFO - Processing /home/airflow/.local/lib/python3.7/site-packages/airflow/example_dags/example_skip_dag.py took 0.383 seconds
[2022-08-11 20:14:11,369] {processor.py:153} INFO - Started process (PID=954) to work on /home/airflow/.local/lib/python3.7/site-packages/airflow/example_dags/example_skip_dag.py
[2022-08-11 20:14:11,372] {processor.py:641} INFO - Processing file /home/airflow/.local/lib/python3.7/site-packages/airflow/example_dags/example_skip_dag.py for tasks to queue
[2022-08-11 20:14:11,373] {logging_mixin.py:115} INFO - [2022-08-11 20:14:11,373] {dagbag.py:508} INFO - Filling up the DagBag from /home/airflow/.local/lib/python3.7/site-packages/airflow/example_dags/example_skip_dag.py
[2022-08-11 20:14:11,381] {processor.py:651} INFO - DAG(s) dict_keys(['example_skip_dag']) retrieved from /home/airflow/.local/lib/python3.7/site-packages/airflow/example_dags/example_skip_dag.py
[2022-08-11 20:14:11,408] {logging_mixin.py:115} INFO - [2022-08-11 20:14:11,408] {dag.py:2420} INFO - Sync 1 DAGs
[2022-08-11 20:14:11,557] {logging_mixin.py:115} INFO - [2022-08-11 20:14:11,557] {dag.py:2972} INFO - Setting next_dagrun for example_skip_dag to 2022-08-10T20:14:11.557598+00:00, run_after=2022-08-11T20:14:11.557598+00:00
[2022-08-11 20:14:11,569] {processor.py:161} INFO - Processing /home/airflow/.local/lib/python3.7/site-packages/airflow/example_dags/example_skip_dag.py took 0.203 seconds
[2022-08-11 20:14:43,667] {processor.py:153} INFO - Started process (PID=1016) to work on /home/airflow/.local/lib/python3.7/site-packages/airflow/example_dags/example_skip_dag.py
[2022-08-11 20:14:43,670] {processor.py:641} INFO - Processing file /home/airflow/.local/lib/python3.7/site-packages/airflow/example_dags/example_skip_dag.py for tasks to queue
[2022-08-11 20:14:43,675] {logging_mixin.py:115} INFO - [2022-08-11 20:14:43,674] {dagbag.py:508} INFO - Filling up the DagBag from /home/airflow/.local/lib/python3.7/site-packages/airflow/example_dags/example_skip_dag.py
[2022-08-11 20:14:43,732] {processor.py:651} INFO - DAG(s) dict_keys(['example_skip_dag']) retrieved from /home/airflow/.local/lib/python3.7/site-packages/airflow/example_dags/example_skip_dag.py
[2022-08-11 20:14:43,885] {logging_mixin.py:115} INFO - [2022-08-11 20:14:43,885] {dag.py:2420} INFO - Sync 1 DAGs
[2022-08-11 20:14:45,648] {logging_mixin.py:115} INFO - [2022-08-11 20:14:45,647] {dag.py:2972} INFO - Setting next_dagrun for example_skip_dag to 2022-08-10T20:14:45.645893+00:00, run_after=2022-08-11T20:14:45.645893+00:00
[2022-08-11 20:14:45,789] {processor.py:161} INFO - Processing /home/airflow/.local/lib/python3.7/site-packages/airflow/example_dags/example_skip_dag.py took 2.127 seconds
[2022-08-11 20:15:16,076] {processor.py:153} INFO - Started process (PID=1068) to work on /home/airflow/.local/lib/python3.7/site-packages/airflow/example_dags/example_skip_dag.py
[2022-08-11 20:15:16,078] {processor.py:641} INFO - Processing file /home/airflow/.local/lib/python3.7/site-packages/airflow/example_dags/example_skip_dag.py for tasks to queue
[2022-08-11 20:15:16,086] {logging_mixin.py:115} INFO - [2022-08-11 20:15:16,086] {dagbag.py:508} INFO - Filling up the DagBag from /home/airflow/.local/lib/python3.7/site-packages/airflow/example_dags/example_skip_dag.py
[2022-08-11 20:15:16,102] {processor.py:651} INFO - DAG(s) dict_keys(['example_skip_dag']) retrieved from /home/airflow/.local/lib/python3.7/site-packages/airflow/example_dags/example_skip_dag.py
[2022-08-11 20:15:16,172] {logging_mixin.py:115} INFO - [2022-08-11 20:15:16,172] {dag.py:2420} INFO - Sync 1 DAGs
[2022-08-11 20:15:16,412] {logging_mixin.py:115} INFO - [2022-08-11 20:15:16,412] {dag.py:2972} INFO - Setting next_dagrun for example_skip_dag to 2022-08-10T20:15:16.412352+00:00, run_after=2022-08-11T20:15:16.412352+00:00
[2022-08-11 20:15:16,421] {processor.py:161} INFO - Processing /home/airflow/.local/lib/python3.7/site-packages/airflow/example_dags/example_skip_dag.py took 0.349 seconds
[2022-08-11 20:15:47,353] {processor.py:153} INFO - Started process (PID=1130) to work on /home/airflow/.local/lib/python3.7/site-packages/airflow/example_dags/example_skip_dag.py
[2022-08-11 20:15:47,357] {processor.py:641} INFO - Processing file /home/airflow/.local/lib/python3.7/site-packages/airflow/example_dags/example_skip_dag.py for tasks to queue
[2022-08-11 20:15:47,359] {logging_mixin.py:115} INFO - [2022-08-11 20:15:47,358] {dagbag.py:508} INFO - Filling up the DagBag from /home/airflow/.local/lib/python3.7/site-packages/airflow/example_dags/example_skip_dag.py
[2022-08-11 20:15:47,370] {processor.py:651} INFO - DAG(s) dict_keys(['example_skip_dag']) retrieved from /home/airflow/.local/lib/python3.7/site-packages/airflow/example_dags/example_skip_dag.py
[2022-08-11 20:15:47,445] {logging_mixin.py:115} INFO - [2022-08-11 20:15:47,445] {dag.py:2420} INFO - Sync 1 DAGs
[2022-08-11 20:15:47,770] {logging_mixin.py:115} INFO - [2022-08-11 20:15:47,770] {dag.py:2972} INFO - Setting next_dagrun for example_skip_dag to 2022-08-10T20:15:47.770133+00:00, run_after=2022-08-11T20:15:47.770133+00:00
[2022-08-11 20:15:47,788] {processor.py:161} INFO - Processing /home/airflow/.local/lib/python3.7/site-packages/airflow/example_dags/example_skip_dag.py took 0.445 seconds
