[2022-08-11 20:06:05,612] {processor.py:153} INFO - Started process (PID=132) to work on /home/airflow/.local/lib/python3.7/site-packages/airflow/example_dags/example_short_circuit_operator.py
[2022-08-11 20:06:05,616] {processor.py:641} INFO - Processing file /home/airflow/.local/lib/python3.7/site-packages/airflow/example_dags/example_short_circuit_operator.py for tasks to queue
[2022-08-11 20:06:05,618] {logging_mixin.py:115} INFO - [2022-08-11 20:06:05,618] {dagbag.py:508} INFO - Filling up the DagBag from /home/airflow/.local/lib/python3.7/site-packages/airflow/example_dags/example_short_circuit_operator.py
[2022-08-11 20:06:05,691] {processor.py:651} INFO - DAG(s) dict_keys(['example_short_circuit_operator']) retrieved from /home/airflow/.local/lib/python3.7/site-packages/airflow/example_dags/example_short_circuit_operator.py
[2022-08-11 20:06:05,959] {logging_mixin.py:115} INFO - [2022-08-11 20:06:05,959] {dag.py:2420} INFO - Sync 1 DAGs
[2022-08-11 20:06:06,343] {logging_mixin.py:115} INFO - [2022-08-11 20:06:06,343] {dag.py:2972} INFO - Setting next_dagrun for example_short_circuit_operator to 2022-08-10T20:06:06.342929+00:00, run_after=2022-08-11T20:06:06.342929+00:00
[2022-08-11 20:06:06,363] {processor.py:161} INFO - Processing /home/airflow/.local/lib/python3.7/site-packages/airflow/example_dags/example_short_circuit_operator.py took 0.761 seconds
[2022-08-11 20:06:36,811] {processor.py:153} INFO - Started process (PID=186) to work on /home/airflow/.local/lib/python3.7/site-packages/airflow/example_dags/example_short_circuit_operator.py
[2022-08-11 20:06:36,816] {processor.py:641} INFO - Processing file /home/airflow/.local/lib/python3.7/site-packages/airflow/example_dags/example_short_circuit_operator.py for tasks to queue
[2022-08-11 20:06:36,819] {logging_mixin.py:115} INFO - [2022-08-11 20:06:36,818] {dagbag.py:508} INFO - Filling up the DagBag from /home/airflow/.local/lib/python3.7/site-packages/airflow/example_dags/example_short_circuit_operator.py
[2022-08-11 20:06:36,833] {processor.py:651} INFO - DAG(s) dict_keys(['example_short_circuit_operator']) retrieved from /home/airflow/.local/lib/python3.7/site-packages/airflow/example_dags/example_short_circuit_operator.py
[2022-08-11 20:06:36,876] {logging_mixin.py:115} INFO - [2022-08-11 20:06:36,876] {dag.py:2420} INFO - Sync 1 DAGs
[2022-08-11 20:06:37,044] {logging_mixin.py:115} INFO - [2022-08-11 20:06:37,044] {dag.py:2972} INFO - Setting next_dagrun for example_short_circuit_operator to 2022-08-10T20:06:37.044684+00:00, run_after=2022-08-11T20:06:37.044684+00:00
[2022-08-11 20:06:37,055] {processor.py:161} INFO - Processing /home/airflow/.local/lib/python3.7/site-packages/airflow/example_dags/example_short_circuit_operator.py took 0.255 seconds
[2022-08-11 20:07:07,725] {processor.py:153} INFO - Started process (PID=239) to work on /home/airflow/.local/lib/python3.7/site-packages/airflow/example_dags/example_short_circuit_operator.py
[2022-08-11 20:07:07,726] {processor.py:641} INFO - Processing file /home/airflow/.local/lib/python3.7/site-packages/airflow/example_dags/example_short_circuit_operator.py for tasks to queue
[2022-08-11 20:07:07,727] {logging_mixin.py:115} INFO - [2022-08-11 20:07:07,727] {dagbag.py:508} INFO - Filling up the DagBag from /home/airflow/.local/lib/python3.7/site-packages/airflow/example_dags/example_short_circuit_operator.py
[2022-08-11 20:07:07,736] {processor.py:651} INFO - DAG(s) dict_keys(['example_short_circuit_operator']) retrieved from /home/airflow/.local/lib/python3.7/site-packages/airflow/example_dags/example_short_circuit_operator.py
[2022-08-11 20:07:07,765] {logging_mixin.py:115} INFO - [2022-08-11 20:07:07,765] {dag.py:2420} INFO - Sync 1 DAGs
[2022-08-11 20:07:08,047] {logging_mixin.py:115} INFO - [2022-08-11 20:07:08,047] {dag.py:2972} INFO - Setting next_dagrun for example_short_circuit_operator to 2022-08-10T20:07:08.047025+00:00, run_after=2022-08-11T20:07:08.047025+00:00
[2022-08-11 20:07:08,071] {processor.py:161} INFO - Processing /home/airflow/.local/lib/python3.7/site-packages/airflow/example_dags/example_short_circuit_operator.py took 0.350 seconds
[2022-08-11 20:07:38,361] {processor.py:153} INFO - Started process (PID=301) to work on /home/airflow/.local/lib/python3.7/site-packages/airflow/example_dags/example_short_circuit_operator.py
[2022-08-11 20:07:38,364] {processor.py:641} INFO - Processing file /home/airflow/.local/lib/python3.7/site-packages/airflow/example_dags/example_short_circuit_operator.py for tasks to queue
[2022-08-11 20:07:38,370] {logging_mixin.py:115} INFO - [2022-08-11 20:07:38,370] {dagbag.py:508} INFO - Filling up the DagBag from /home/airflow/.local/lib/python3.7/site-packages/airflow/example_dags/example_short_circuit_operator.py
[2022-08-11 20:07:38,392] {processor.py:651} INFO - DAG(s) dict_keys(['example_short_circuit_operator']) retrieved from /home/airflow/.local/lib/python3.7/site-packages/airflow/example_dags/example_short_circuit_operator.py
[2022-08-11 20:07:38,428] {logging_mixin.py:115} INFO - [2022-08-11 20:07:38,428] {dag.py:2420} INFO - Sync 1 DAGs
[2022-08-11 20:07:38,559] {logging_mixin.py:115} INFO - [2022-08-11 20:07:38,559] {dag.py:2972} INFO - Setting next_dagrun for example_short_circuit_operator to 2022-08-10T20:07:38.558957+00:00, run_after=2022-08-11T20:07:38.558957+00:00
[2022-08-11 20:07:38,568] {processor.py:161} INFO - Processing /home/airflow/.local/lib/python3.7/site-packages/airflow/example_dags/example_short_circuit_operator.py took 0.212 seconds
[2022-08-11 20:08:09,350] {processor.py:153} INFO - Started process (PID=361) to work on /home/airflow/.local/lib/python3.7/site-packages/airflow/example_dags/example_short_circuit_operator.py
[2022-08-11 20:08:09,352] {processor.py:641} INFO - Processing file /home/airflow/.local/lib/python3.7/site-packages/airflow/example_dags/example_short_circuit_operator.py for tasks to queue
[2022-08-11 20:08:09,353] {logging_mixin.py:115} INFO - [2022-08-11 20:08:09,353] {dagbag.py:508} INFO - Filling up the DagBag from /home/airflow/.local/lib/python3.7/site-packages/airflow/example_dags/example_short_circuit_operator.py
[2022-08-11 20:08:09,363] {processor.py:651} INFO - DAG(s) dict_keys(['example_short_circuit_operator']) retrieved from /home/airflow/.local/lib/python3.7/site-packages/airflow/example_dags/example_short_circuit_operator.py
[2022-08-11 20:08:09,388] {logging_mixin.py:115} INFO - [2022-08-11 20:08:09,388] {dag.py:2420} INFO - Sync 1 DAGs
[2022-08-11 20:08:09,551] {logging_mixin.py:115} INFO - [2022-08-11 20:08:09,551] {dag.py:2972} INFO - Setting next_dagrun for example_short_circuit_operator to 2022-08-10T20:08:09.551482+00:00, run_after=2022-08-11T20:08:09.551482+00:00
[2022-08-11 20:08:09,563] {processor.py:161} INFO - Processing /home/airflow/.local/lib/python3.7/site-packages/airflow/example_dags/example_short_circuit_operator.py took 0.217 seconds
[2022-08-11 20:08:39,996] {processor.py:153} INFO - Started process (PID=423) to work on /home/airflow/.local/lib/python3.7/site-packages/airflow/example_dags/example_short_circuit_operator.py
[2022-08-11 20:08:40,013] {processor.py:641} INFO - Processing file /home/airflow/.local/lib/python3.7/site-packages/airflow/example_dags/example_short_circuit_operator.py for tasks to queue
[2022-08-11 20:08:40,024] {logging_mixin.py:115} INFO - [2022-08-11 20:08:40,024] {dagbag.py:508} INFO - Filling up the DagBag from /home/airflow/.local/lib/python3.7/site-packages/airflow/example_dags/example_short_circuit_operator.py
[2022-08-11 20:08:40,070] {processor.py:651} INFO - DAG(s) dict_keys(['example_short_circuit_operator']) retrieved from /home/airflow/.local/lib/python3.7/site-packages/airflow/example_dags/example_short_circuit_operator.py
[2022-08-11 20:08:40,168] {logging_mixin.py:115} INFO - [2022-08-11 20:08:40,167] {dag.py:2420} INFO - Sync 1 DAGs
[2022-08-11 20:08:40,659] {logging_mixin.py:115} INFO - [2022-08-11 20:08:40,659] {dag.py:2972} INFO - Setting next_dagrun for example_short_circuit_operator to 2022-08-10T20:08:40.659023+00:00, run_after=2022-08-11T20:08:40.659023+00:00
[2022-08-11 20:08:40,694] {processor.py:161} INFO - Processing /home/airflow/.local/lib/python3.7/site-packages/airflow/example_dags/example_short_circuit_operator.py took 0.724 seconds
[2022-08-11 20:09:11,572] {processor.py:153} INFO - Started process (PID=476) to work on /home/airflow/.local/lib/python3.7/site-packages/airflow/example_dags/example_short_circuit_operator.py
[2022-08-11 20:09:11,580] {processor.py:641} INFO - Processing file /home/airflow/.local/lib/python3.7/site-packages/airflow/example_dags/example_short_circuit_operator.py for tasks to queue
[2022-08-11 20:09:11,582] {logging_mixin.py:115} INFO - [2022-08-11 20:09:11,582] {dagbag.py:508} INFO - Filling up the DagBag from /home/airflow/.local/lib/python3.7/site-packages/airflow/example_dags/example_short_circuit_operator.py
[2022-08-11 20:09:11,617] {processor.py:651} INFO - DAG(s) dict_keys(['example_short_circuit_operator']) retrieved from /home/airflow/.local/lib/python3.7/site-packages/airflow/example_dags/example_short_circuit_operator.py
[2022-08-11 20:09:11,717] {logging_mixin.py:115} INFO - [2022-08-11 20:09:11,716] {dag.py:2420} INFO - Sync 1 DAGs
[2022-08-11 20:09:12,034] {logging_mixin.py:115} INFO - [2022-08-11 20:09:12,034] {dag.py:2972} INFO - Setting next_dagrun for example_short_circuit_operator to 2022-08-10T20:09:12.034118+00:00, run_after=2022-08-11T20:09:12.034118+00:00
[2022-08-11 20:09:12,045] {processor.py:161} INFO - Processing /home/airflow/.local/lib/python3.7/site-packages/airflow/example_dags/example_short_circuit_operator.py took 0.482 seconds
[2022-08-11 20:09:43,057] {processor.py:153} INFO - Started process (PID=539) to work on /home/airflow/.local/lib/python3.7/site-packages/airflow/example_dags/example_short_circuit_operator.py
[2022-08-11 20:09:43,061] {processor.py:641} INFO - Processing file /home/airflow/.local/lib/python3.7/site-packages/airflow/example_dags/example_short_circuit_operator.py for tasks to queue
[2022-08-11 20:09:43,066] {logging_mixin.py:115} INFO - [2022-08-11 20:09:43,065] {dagbag.py:508} INFO - Filling up the DagBag from /home/airflow/.local/lib/python3.7/site-packages/airflow/example_dags/example_short_circuit_operator.py
[2022-08-11 20:09:43,105] {processor.py:651} INFO - DAG(s) dict_keys(['example_short_circuit_operator']) retrieved from /home/airflow/.local/lib/python3.7/site-packages/airflow/example_dags/example_short_circuit_operator.py
[2022-08-11 20:09:43,162] {logging_mixin.py:115} INFO - [2022-08-11 20:09:43,162] {dag.py:2420} INFO - Sync 1 DAGs
[2022-08-11 20:09:43,501] {logging_mixin.py:115} INFO - [2022-08-11 20:09:43,501] {dag.py:2972} INFO - Setting next_dagrun for example_short_circuit_operator to 2022-08-10T20:09:43.501638+00:00, run_after=2022-08-11T20:09:43.501638+00:00
[2022-08-11 20:09:43,511] {processor.py:161} INFO - Processing /home/airflow/.local/lib/python3.7/site-packages/airflow/example_dags/example_short_circuit_operator.py took 0.461 seconds
[2022-08-11 20:10:34,149] {processor.py:153} INFO - Started process (PID=622) to work on /home/airflow/.local/lib/python3.7/site-packages/airflow/example_dags/example_short_circuit_operator.py
[2022-08-11 20:10:34,158] {processor.py:641} INFO - Processing file /home/airflow/.local/lib/python3.7/site-packages/airflow/example_dags/example_short_circuit_operator.py for tasks to queue
[2022-08-11 20:10:34,167] {logging_mixin.py:115} INFO - [2022-08-11 20:10:34,166] {dagbag.py:508} INFO - Filling up the DagBag from /home/airflow/.local/lib/python3.7/site-packages/airflow/example_dags/example_short_circuit_operator.py
[2022-08-11 20:10:34,218] {processor.py:651} INFO - DAG(s) dict_keys(['example_short_circuit_operator']) retrieved from /home/airflow/.local/lib/python3.7/site-packages/airflow/example_dags/example_short_circuit_operator.py
[2022-08-11 20:10:34,291] {logging_mixin.py:115} INFO - [2022-08-11 20:10:34,290] {dag.py:2420} INFO - Sync 1 DAGs
[2022-08-11 20:10:36,378] {logging_mixin.py:115} INFO - [2022-08-11 20:10:36,376] {dag.py:2972} INFO - Setting next_dagrun for example_short_circuit_operator to 2022-08-10T20:10:36.375619+00:00, run_after=2022-08-11T20:10:36.375619+00:00
[2022-08-11 20:10:36,507] {processor.py:161} INFO - Processing /home/airflow/.local/lib/python3.7/site-packages/airflow/example_dags/example_short_circuit_operator.py took 2.370 seconds
[2022-08-11 20:11:07,406] {processor.py:153} INFO - Started process (PID=674) to work on /home/airflow/.local/lib/python3.7/site-packages/airflow/example_dags/example_short_circuit_operator.py
[2022-08-11 20:11:07,417] {processor.py:641} INFO - Processing file /home/airflow/.local/lib/python3.7/site-packages/airflow/example_dags/example_short_circuit_operator.py for tasks to queue
[2022-08-11 20:11:07,420] {logging_mixin.py:115} INFO - [2022-08-11 20:11:07,420] {dagbag.py:508} INFO - Filling up the DagBag from /home/airflow/.local/lib/python3.7/site-packages/airflow/example_dags/example_short_circuit_operator.py
[2022-08-11 20:11:07,438] {processor.py:651} INFO - DAG(s) dict_keys(['example_short_circuit_operator']) retrieved from /home/airflow/.local/lib/python3.7/site-packages/airflow/example_dags/example_short_circuit_operator.py
[2022-08-11 20:11:07,513] {logging_mixin.py:115} INFO - [2022-08-11 20:11:07,513] {dag.py:2420} INFO - Sync 1 DAGs
[2022-08-11 20:11:07,797] {logging_mixin.py:115} INFO - [2022-08-11 20:11:07,797] {dag.py:2972} INFO - Setting next_dagrun for example_short_circuit_operator to 2022-08-10T20:11:07.797184+00:00, run_after=2022-08-11T20:11:07.797184+00:00
[2022-08-11 20:11:07,806] {processor.py:161} INFO - Processing /home/airflow/.local/lib/python3.7/site-packages/airflow/example_dags/example_short_circuit_operator.py took 0.405 seconds
[2022-08-11 20:11:51,706] {processor.py:153} INFO - Started process (PID=736) to work on /home/airflow/.local/lib/python3.7/site-packages/airflow/example_dags/example_short_circuit_operator.py
[2022-08-11 20:11:51,708] {processor.py:641} INFO - Processing file /home/airflow/.local/lib/python3.7/site-packages/airflow/example_dags/example_short_circuit_operator.py for tasks to queue
[2022-08-11 20:11:51,709] {logging_mixin.py:115} INFO - [2022-08-11 20:11:51,709] {dagbag.py:508} INFO - Filling up the DagBag from /home/airflow/.local/lib/python3.7/site-packages/airflow/example_dags/example_short_circuit_operator.py
[2022-08-11 20:11:51,721] {processor.py:651} INFO - DAG(s) dict_keys(['example_short_circuit_operator']) retrieved from /home/airflow/.local/lib/python3.7/site-packages/airflow/example_dags/example_short_circuit_operator.py
[2022-08-11 20:11:51,760] {logging_mixin.py:115} INFO - [2022-08-11 20:11:51,760] {dag.py:2420} INFO - Sync 1 DAGs
[2022-08-11 20:11:51,999] {logging_mixin.py:115} INFO - [2022-08-11 20:11:51,999] {dag.py:2972} INFO - Setting next_dagrun for example_short_circuit_operator to 2022-08-10T20:11:51.999535+00:00, run_after=2022-08-11T20:11:51.999535+00:00
[2022-08-11 20:11:52,009] {processor.py:161} INFO - Processing /home/airflow/.local/lib/python3.7/site-packages/airflow/example_dags/example_short_circuit_operator.py took 0.306 seconds
[2022-08-11 20:12:32,117] {processor.py:153} INFO - Started process (PID=800) to work on /home/airflow/.local/lib/python3.7/site-packages/airflow/example_dags/example_short_circuit_operator.py
[2022-08-11 20:12:32,122] {processor.py:641} INFO - Processing file /home/airflow/.local/lib/python3.7/site-packages/airflow/example_dags/example_short_circuit_operator.py for tasks to queue
[2022-08-11 20:12:32,124] {logging_mixin.py:115} INFO - [2022-08-11 20:12:32,124] {dagbag.py:508} INFO - Filling up the DagBag from /home/airflow/.local/lib/python3.7/site-packages/airflow/example_dags/example_short_circuit_operator.py
[2022-08-11 20:12:32,137] {processor.py:651} INFO - DAG(s) dict_keys(['example_short_circuit_operator']) retrieved from /home/airflow/.local/lib/python3.7/site-packages/airflow/example_dags/example_short_circuit_operator.py
[2022-08-11 20:12:32,292] {logging_mixin.py:115} INFO - [2022-08-11 20:12:32,292] {dag.py:2420} INFO - Sync 1 DAGs
[2022-08-11 20:12:32,306] {logging_mixin.py:115} INFO - [2022-08-11 20:12:32,306] {dag.py:2972} INFO - Setting next_dagrun for example_short_circuit_operator to 2022-08-10T20:12:32.306620+00:00, run_after=2022-08-11T20:12:32.306620+00:00
[2022-08-11 20:12:32,316] {processor.py:161} INFO - Processing /home/airflow/.local/lib/python3.7/site-packages/airflow/example_dags/example_short_circuit_operator.py took 0.205 seconds
[2022-08-11 20:13:06,832] {processor.py:153} INFO - Started process (PID=852) to work on /home/airflow/.local/lib/python3.7/site-packages/airflow/example_dags/example_short_circuit_operator.py
[2022-08-11 20:13:06,835] {processor.py:641} INFO - Processing file /home/airflow/.local/lib/python3.7/site-packages/airflow/example_dags/example_short_circuit_operator.py for tasks to queue
[2022-08-11 20:13:06,838] {logging_mixin.py:115} INFO - [2022-08-11 20:13:06,838] {dagbag.py:508} INFO - Filling up the DagBag from /home/airflow/.local/lib/python3.7/site-packages/airflow/example_dags/example_short_circuit_operator.py
[2022-08-11 20:13:06,860] {processor.py:651} INFO - DAG(s) dict_keys(['example_short_circuit_operator']) retrieved from /home/airflow/.local/lib/python3.7/site-packages/airflow/example_dags/example_short_circuit_operator.py
[2022-08-11 20:13:07,362] {logging_mixin.py:115} INFO - [2022-08-11 20:13:07,354] {dag.py:2420} INFO - Sync 1 DAGs
[2022-08-11 20:13:07,433] {logging_mixin.py:115} INFO - [2022-08-11 20:13:07,433] {dag.py:2972} INFO - Setting next_dagrun for example_short_circuit_operator to 2022-08-10T20:13:07.432889+00:00, run_after=2022-08-11T20:13:07.432889+00:00
[2022-08-11 20:13:07,456] {processor.py:161} INFO - Processing /home/airflow/.local/lib/python3.7/site-packages/airflow/example_dags/example_short_circuit_operator.py took 0.633 seconds
[2022-08-11 20:13:37,807] {processor.py:153} INFO - Started process (PID=906) to work on /home/airflow/.local/lib/python3.7/site-packages/airflow/example_dags/example_short_circuit_operator.py
[2022-08-11 20:13:37,808] {processor.py:641} INFO - Processing file /home/airflow/.local/lib/python3.7/site-packages/airflow/example_dags/example_short_circuit_operator.py for tasks to queue
[2022-08-11 20:13:37,809] {logging_mixin.py:115} INFO - [2022-08-11 20:13:37,809] {dagbag.py:508} INFO - Filling up the DagBag from /home/airflow/.local/lib/python3.7/site-packages/airflow/example_dags/example_short_circuit_operator.py
[2022-08-11 20:13:37,819] {processor.py:651} INFO - DAG(s) dict_keys(['example_short_circuit_operator']) retrieved from /home/airflow/.local/lib/python3.7/site-packages/airflow/example_dags/example_short_circuit_operator.py
[2022-08-11 20:13:37,979] {logging_mixin.py:115} INFO - [2022-08-11 20:13:37,979] {dag.py:2420} INFO - Sync 1 DAGs
[2022-08-11 20:13:37,993] {logging_mixin.py:115} INFO - [2022-08-11 20:13:37,993] {dag.py:2972} INFO - Setting next_dagrun for example_short_circuit_operator to 2022-08-10T20:13:37.992896+00:00, run_after=2022-08-11T20:13:37.992896+00:00
[2022-08-11 20:13:38,000] {processor.py:161} INFO - Processing /home/airflow/.local/lib/python3.7/site-packages/airflow/example_dags/example_short_circuit_operator.py took 0.197 seconds
[2022-08-11 20:14:11,913] {processor.py:153} INFO - Started process (PID=958) to work on /home/airflow/.local/lib/python3.7/site-packages/airflow/example_dags/example_short_circuit_operator.py
[2022-08-11 20:14:11,915] {processor.py:641} INFO - Processing file /home/airflow/.local/lib/python3.7/site-packages/airflow/example_dags/example_short_circuit_operator.py for tasks to queue
[2022-08-11 20:14:11,916] {logging_mixin.py:115} INFO - [2022-08-11 20:14:11,916] {dagbag.py:508} INFO - Filling up the DagBag from /home/airflow/.local/lib/python3.7/site-packages/airflow/example_dags/example_short_circuit_operator.py
[2022-08-11 20:14:11,929] {processor.py:651} INFO - DAG(s) dict_keys(['example_short_circuit_operator']) retrieved from /home/airflow/.local/lib/python3.7/site-packages/airflow/example_dags/example_short_circuit_operator.py
[2022-08-11 20:14:12,067] {logging_mixin.py:115} INFO - [2022-08-11 20:14:12,067] {dag.py:2420} INFO - Sync 1 DAGs
[2022-08-11 20:14:12,083] {logging_mixin.py:115} INFO - [2022-08-11 20:14:12,083] {dag.py:2972} INFO - Setting next_dagrun for example_short_circuit_operator to 2022-08-10T20:14:12.083240+00:00, run_after=2022-08-11T20:14:12.083240+00:00
[2022-08-11 20:14:12,093] {processor.py:161} INFO - Processing /home/airflow/.local/lib/python3.7/site-packages/airflow/example_dags/example_short_circuit_operator.py took 0.183 seconds
[2022-08-11 20:14:46,930] {processor.py:153} INFO - Started process (PID=1020) to work on /home/airflow/.local/lib/python3.7/site-packages/airflow/example_dags/example_short_circuit_operator.py
[2022-08-11 20:14:46,936] {processor.py:641} INFO - Processing file /home/airflow/.local/lib/python3.7/site-packages/airflow/example_dags/example_short_circuit_operator.py for tasks to queue
[2022-08-11 20:14:46,944] {logging_mixin.py:115} INFO - [2022-08-11 20:14:46,942] {dagbag.py:508} INFO - Filling up the DagBag from /home/airflow/.local/lib/python3.7/site-packages/airflow/example_dags/example_short_circuit_operator.py
[2022-08-11 20:14:46,977] {processor.py:651} INFO - DAG(s) dict_keys(['example_short_circuit_operator']) retrieved from /home/airflow/.local/lib/python3.7/site-packages/airflow/example_dags/example_short_circuit_operator.py
[2022-08-11 20:14:47,328] {logging_mixin.py:115} INFO - [2022-08-11 20:14:47,327] {dag.py:2420} INFO - Sync 1 DAGs
[2022-08-11 20:14:47,346] {logging_mixin.py:115} INFO - [2022-08-11 20:14:47,345] {dag.py:2972} INFO - Setting next_dagrun for example_short_circuit_operator to 2022-08-10T20:14:47.345746+00:00, run_after=2022-08-11T20:14:47.345746+00:00
[2022-08-11 20:14:47,356] {processor.py:161} INFO - Processing /home/airflow/.local/lib/python3.7/site-packages/airflow/example_dags/example_short_circuit_operator.py took 0.464 seconds
[2022-08-11 20:15:17,651] {processor.py:153} INFO - Started process (PID=1072) to work on /home/airflow/.local/lib/python3.7/site-packages/airflow/example_dags/example_short_circuit_operator.py
[2022-08-11 20:15:17,664] {processor.py:641} INFO - Processing file /home/airflow/.local/lib/python3.7/site-packages/airflow/example_dags/example_short_circuit_operator.py for tasks to queue
[2022-08-11 20:15:17,669] {logging_mixin.py:115} INFO - [2022-08-11 20:15:17,668] {dagbag.py:508} INFO - Filling up the DagBag from /home/airflow/.local/lib/python3.7/site-packages/airflow/example_dags/example_short_circuit_operator.py
[2022-08-11 20:15:17,688] {processor.py:651} INFO - DAG(s) dict_keys(['example_short_circuit_operator']) retrieved from /home/airflow/.local/lib/python3.7/site-packages/airflow/example_dags/example_short_circuit_operator.py
[2022-08-11 20:15:17,991] {logging_mixin.py:115} INFO - [2022-08-11 20:15:17,991] {dag.py:2420} INFO - Sync 1 DAGs
[2022-08-11 20:15:18,046] {logging_mixin.py:115} INFO - [2022-08-11 20:15:18,046] {dag.py:2972} INFO - Setting next_dagrun for example_short_circuit_operator to 2022-08-10T20:15:18.045889+00:00, run_after=2022-08-11T20:15:18.045889+00:00
[2022-08-11 20:15:18,076] {processor.py:161} INFO - Processing /home/airflow/.local/lib/python3.7/site-packages/airflow/example_dags/example_short_circuit_operator.py took 0.429 seconds
[2022-08-11 20:15:48,575] {processor.py:153} INFO - Started process (PID=1134) to work on /home/airflow/.local/lib/python3.7/site-packages/airflow/example_dags/example_short_circuit_operator.py
[2022-08-11 20:15:48,578] {processor.py:641} INFO - Processing file /home/airflow/.local/lib/python3.7/site-packages/airflow/example_dags/example_short_circuit_operator.py for tasks to queue
[2022-08-11 20:15:48,580] {logging_mixin.py:115} INFO - [2022-08-11 20:15:48,580] {dagbag.py:508} INFO - Filling up the DagBag from /home/airflow/.local/lib/python3.7/site-packages/airflow/example_dags/example_short_circuit_operator.py
[2022-08-11 20:15:48,592] {processor.py:651} INFO - DAG(s) dict_keys(['example_short_circuit_operator']) retrieved from /home/airflow/.local/lib/python3.7/site-packages/airflow/example_dags/example_short_circuit_operator.py
[2022-08-11 20:15:48,633] {logging_mixin.py:115} INFO - [2022-08-11 20:15:48,633] {dag.py:2420} INFO - Sync 1 DAGs
[2022-08-11 20:15:48,814] {logging_mixin.py:115} INFO - [2022-08-11 20:15:48,814] {dag.py:2972} INFO - Setting next_dagrun for example_short_circuit_operator to 2022-08-10T20:15:48.814098+00:00, run_after=2022-08-11T20:15:48.814098+00:00
[2022-08-11 20:15:48,832] {processor.py:161} INFO - Processing /home/airflow/.local/lib/python3.7/site-packages/airflow/example_dags/example_short_circuit_operator.py took 0.263 seconds
