[2022-08-11 20:06:08,729] {processor.py:153} INFO - Started process (PID=145) to work on /home/airflow/.local/lib/python3.7/site-packages/airflow/example_dags/example_branch_datetime_operator.py
[2022-08-11 20:06:08,732] {processor.py:641} INFO - Processing file /home/airflow/.local/lib/python3.7/site-packages/airflow/example_dags/example_branch_datetime_operator.py for tasks to queue
[2022-08-11 20:06:08,735] {logging_mixin.py:115} INFO - [2022-08-11 20:06:08,735] {dagbag.py:508} INFO - Filling up the DagBag from /home/airflow/.local/lib/python3.7/site-packages/airflow/example_dags/example_branch_datetime_operator.py
[2022-08-11 20:06:08,762] {processor.py:651} INFO - DAG(s) dict_keys(['example_branch_datetime_operator', 'example_branch_datetime_operator_2']) retrieved from /home/airflow/.local/lib/python3.7/site-packages/airflow/example_dags/example_branch_datetime_operator.py
[2022-08-11 20:06:08,858] {logging_mixin.py:115} INFO - [2022-08-11 20:06:08,857] {dag.py:2420} INFO - Sync 2 DAGs
[2022-08-11 20:06:09,118] {logging_mixin.py:115} INFO - [2022-08-11 20:06:09,118] {dag.py:2972} INFO - Setting next_dagrun for example_branch_datetime_operator to 2022-08-10T00:00:00+00:00, run_after=2022-08-11T00:00:00+00:00
[2022-08-11 20:06:09,122] {logging_mixin.py:115} INFO - [2022-08-11 20:06:09,122] {dag.py:2972} INFO - Setting next_dagrun for example_branch_datetime_operator_2 to 2022-08-10T00:00:00+00:00, run_after=2022-08-11T00:00:00+00:00
[2022-08-11 20:06:09,133] {processor.py:161} INFO - Processing /home/airflow/.local/lib/python3.7/site-packages/airflow/example_dags/example_branch_datetime_operator.py took 0.414 seconds
[2022-08-11 20:06:39,335] {processor.py:153} INFO - Started process (PID=199) to work on /home/airflow/.local/lib/python3.7/site-packages/airflow/example_dags/example_branch_datetime_operator.py
[2022-08-11 20:06:39,339] {processor.py:641} INFO - Processing file /home/airflow/.local/lib/python3.7/site-packages/airflow/example_dags/example_branch_datetime_operator.py for tasks to queue
[2022-08-11 20:06:39,343] {logging_mixin.py:115} INFO - [2022-08-11 20:06:39,343] {dagbag.py:508} INFO - Filling up the DagBag from /home/airflow/.local/lib/python3.7/site-packages/airflow/example_dags/example_branch_datetime_operator.py
[2022-08-11 20:06:39,362] {processor.py:651} INFO - DAG(s) dict_keys(['example_branch_datetime_operator', 'example_branch_datetime_operator_2']) retrieved from /home/airflow/.local/lib/python3.7/site-packages/airflow/example_dags/example_branch_datetime_operator.py
[2022-08-11 20:06:39,414] {logging_mixin.py:115} INFO - [2022-08-11 20:06:39,414] {dag.py:2420} INFO - Sync 2 DAGs
[2022-08-11 20:06:39,552] {logging_mixin.py:115} INFO - [2022-08-11 20:06:39,552] {dag.py:2972} INFO - Setting next_dagrun for example_branch_datetime_operator to 2022-08-10T00:00:00+00:00, run_after=2022-08-11T00:00:00+00:00
[2022-08-11 20:06:39,554] {logging_mixin.py:115} INFO - [2022-08-11 20:06:39,554] {dag.py:2972} INFO - Setting next_dagrun for example_branch_datetime_operator_2 to 2022-08-10T00:00:00+00:00, run_after=2022-08-11T00:00:00+00:00
[2022-08-11 20:06:39,562] {processor.py:161} INFO - Processing /home/airflow/.local/lib/python3.7/site-packages/airflow/example_dags/example_branch_datetime_operator.py took 0.236 seconds
[2022-08-11 20:07:11,492] {processor.py:153} INFO - Started process (PID=261) to work on /home/airflow/.local/lib/python3.7/site-packages/airflow/example_dags/example_branch_datetime_operator.py
[2022-08-11 20:07:11,493] {processor.py:641} INFO - Processing file /home/airflow/.local/lib/python3.7/site-packages/airflow/example_dags/example_branch_datetime_operator.py for tasks to queue
[2022-08-11 20:07:11,494] {logging_mixin.py:115} INFO - [2022-08-11 20:07:11,494] {dagbag.py:508} INFO - Filling up the DagBag from /home/airflow/.local/lib/python3.7/site-packages/airflow/example_dags/example_branch_datetime_operator.py
[2022-08-11 20:07:11,505] {processor.py:651} INFO - DAG(s) dict_keys(['example_branch_datetime_operator', 'example_branch_datetime_operator_2']) retrieved from /home/airflow/.local/lib/python3.7/site-packages/airflow/example_dags/example_branch_datetime_operator.py
[2022-08-11 20:07:11,545] {logging_mixin.py:115} INFO - [2022-08-11 20:07:11,544] {dag.py:2420} INFO - Sync 2 DAGs
[2022-08-11 20:07:11,705] {logging_mixin.py:115} INFO - [2022-08-11 20:07:11,704] {dag.py:2972} INFO - Setting next_dagrun for example_branch_datetime_operator to 2022-08-10T00:00:00+00:00, run_after=2022-08-11T00:00:00+00:00
[2022-08-11 20:07:11,707] {logging_mixin.py:115} INFO - [2022-08-11 20:07:11,707] {dag.py:2972} INFO - Setting next_dagrun for example_branch_datetime_operator_2 to 2022-08-10T00:00:00+00:00, run_after=2022-08-11T00:00:00+00:00
[2022-08-11 20:07:11,716] {processor.py:161} INFO - Processing /home/airflow/.local/lib/python3.7/site-packages/airflow/example_dags/example_branch_datetime_operator.py took 0.227 seconds
[2022-08-11 20:07:42,514] {processor.py:153} INFO - Started process (PID=321) to work on /home/airflow/.local/lib/python3.7/site-packages/airflow/example_dags/example_branch_datetime_operator.py
[2022-08-11 20:07:42,516] {processor.py:641} INFO - Processing file /home/airflow/.local/lib/python3.7/site-packages/airflow/example_dags/example_branch_datetime_operator.py for tasks to queue
[2022-08-11 20:07:42,517] {logging_mixin.py:115} INFO - [2022-08-11 20:07:42,517] {dagbag.py:508} INFO - Filling up the DagBag from /home/airflow/.local/lib/python3.7/site-packages/airflow/example_dags/example_branch_datetime_operator.py
[2022-08-11 20:07:42,538] {processor.py:651} INFO - DAG(s) dict_keys(['example_branch_datetime_operator', 'example_branch_datetime_operator_2']) retrieved from /home/airflow/.local/lib/python3.7/site-packages/airflow/example_dags/example_branch_datetime_operator.py
[2022-08-11 20:07:42,595] {logging_mixin.py:115} INFO - [2022-08-11 20:07:42,595] {dag.py:2420} INFO - Sync 2 DAGs
[2022-08-11 20:07:42,786] {logging_mixin.py:115} INFO - [2022-08-11 20:07:42,786] {dag.py:2972} INFO - Setting next_dagrun for example_branch_datetime_operator to 2022-08-10T00:00:00+00:00, run_after=2022-08-11T00:00:00+00:00
[2022-08-11 20:07:42,790] {logging_mixin.py:115} INFO - [2022-08-11 20:07:42,790] {dag.py:2972} INFO - Setting next_dagrun for example_branch_datetime_operator_2 to 2022-08-10T00:00:00+00:00, run_after=2022-08-11T00:00:00+00:00
[2022-08-11 20:07:42,802] {processor.py:161} INFO - Processing /home/airflow/.local/lib/python3.7/site-packages/airflow/example_dags/example_branch_datetime_operator.py took 0.292 seconds
[2022-08-11 20:08:13,841] {processor.py:153} INFO - Started process (PID=376) to work on /home/airflow/.local/lib/python3.7/site-packages/airflow/example_dags/example_branch_datetime_operator.py
[2022-08-11 20:08:13,844] {processor.py:641} INFO - Processing file /home/airflow/.local/lib/python3.7/site-packages/airflow/example_dags/example_branch_datetime_operator.py for tasks to queue
[2022-08-11 20:08:13,846] {logging_mixin.py:115} INFO - [2022-08-11 20:08:13,846] {dagbag.py:508} INFO - Filling up the DagBag from /home/airflow/.local/lib/python3.7/site-packages/airflow/example_dags/example_branch_datetime_operator.py
[2022-08-11 20:08:13,861] {processor.py:651} INFO - DAG(s) dict_keys(['example_branch_datetime_operator', 'example_branch_datetime_operator_2']) retrieved from /home/airflow/.local/lib/python3.7/site-packages/airflow/example_dags/example_branch_datetime_operator.py
[2022-08-11 20:08:13,897] {logging_mixin.py:115} INFO - [2022-08-11 20:08:13,897] {dag.py:2420} INFO - Sync 2 DAGs
[2022-08-11 20:08:14,014] {logging_mixin.py:115} INFO - [2022-08-11 20:08:14,014] {dag.py:2972} INFO - Setting next_dagrun for example_branch_datetime_operator to 2022-08-10T00:00:00+00:00, run_after=2022-08-11T00:00:00+00:00
[2022-08-11 20:08:14,016] {logging_mixin.py:115} INFO - [2022-08-11 20:08:14,016] {dag.py:2972} INFO - Setting next_dagrun for example_branch_datetime_operator_2 to 2022-08-10T00:00:00+00:00, run_after=2022-08-11T00:00:00+00:00
[2022-08-11 20:08:14,027] {processor.py:161} INFO - Processing /home/airflow/.local/lib/python3.7/site-packages/airflow/example_dags/example_branch_datetime_operator.py took 0.189 seconds
[2022-08-11 20:08:44,925] {processor.py:153} INFO - Started process (PID=441) to work on /home/airflow/.local/lib/python3.7/site-packages/airflow/example_dags/example_branch_datetime_operator.py
[2022-08-11 20:08:44,926] {processor.py:641} INFO - Processing file /home/airflow/.local/lib/python3.7/site-packages/airflow/example_dags/example_branch_datetime_operator.py for tasks to queue
[2022-08-11 20:08:44,927] {logging_mixin.py:115} INFO - [2022-08-11 20:08:44,927] {dagbag.py:508} INFO - Filling up the DagBag from /home/airflow/.local/lib/python3.7/site-packages/airflow/example_dags/example_branch_datetime_operator.py
[2022-08-11 20:08:44,934] {processor.py:651} INFO - DAG(s) dict_keys(['example_branch_datetime_operator', 'example_branch_datetime_operator_2']) retrieved from /home/airflow/.local/lib/python3.7/site-packages/airflow/example_dags/example_branch_datetime_operator.py
[2022-08-11 20:08:44,966] {logging_mixin.py:115} INFO - [2022-08-11 20:08:44,966] {dag.py:2420} INFO - Sync 2 DAGs
[2022-08-11 20:08:45,110] {logging_mixin.py:115} INFO - [2022-08-11 20:08:45,110] {dag.py:2972} INFO - Setting next_dagrun for example_branch_datetime_operator to 2022-08-10T00:00:00+00:00, run_after=2022-08-11T00:00:00+00:00
[2022-08-11 20:08:45,112] {logging_mixin.py:115} INFO - [2022-08-11 20:08:45,112] {dag.py:2972} INFO - Setting next_dagrun for example_branch_datetime_operator_2 to 2022-08-10T00:00:00+00:00, run_after=2022-08-11T00:00:00+00:00
[2022-08-11 20:08:45,122] {processor.py:161} INFO - Processing /home/airflow/.local/lib/python3.7/site-packages/airflow/example_dags/example_branch_datetime_operator.py took 0.199 seconds
[2022-08-11 20:09:15,761] {processor.py:153} INFO - Started process (PID=505) to work on /home/airflow/.local/lib/python3.7/site-packages/airflow/example_dags/example_branch_datetime_operator.py
[2022-08-11 20:09:15,762] {processor.py:641} INFO - Processing file /home/airflow/.local/lib/python3.7/site-packages/airflow/example_dags/example_branch_datetime_operator.py for tasks to queue
[2022-08-11 20:09:15,763] {logging_mixin.py:115} INFO - [2022-08-11 20:09:15,763] {dagbag.py:508} INFO - Filling up the DagBag from /home/airflow/.local/lib/python3.7/site-packages/airflow/example_dags/example_branch_datetime_operator.py
[2022-08-11 20:09:15,770] {processor.py:651} INFO - DAG(s) dict_keys(['example_branch_datetime_operator', 'example_branch_datetime_operator_2']) retrieved from /home/airflow/.local/lib/python3.7/site-packages/airflow/example_dags/example_branch_datetime_operator.py
[2022-08-11 20:09:15,792] {logging_mixin.py:115} INFO - [2022-08-11 20:09:15,792] {dag.py:2420} INFO - Sync 2 DAGs
[2022-08-11 20:09:15,902] {logging_mixin.py:115} INFO - [2022-08-11 20:09:15,901] {dag.py:2972} INFO - Setting next_dagrun for example_branch_datetime_operator to 2022-08-10T00:00:00+00:00, run_after=2022-08-11T00:00:00+00:00
[2022-08-11 20:09:15,904] {logging_mixin.py:115} INFO - [2022-08-11 20:09:15,904] {dag.py:2972} INFO - Setting next_dagrun for example_branch_datetime_operator_2 to 2022-08-10T00:00:00+00:00, run_after=2022-08-11T00:00:00+00:00
[2022-08-11 20:09:15,911] {processor.py:161} INFO - Processing /home/airflow/.local/lib/python3.7/site-packages/airflow/example_dags/example_branch_datetime_operator.py took 0.152 seconds
[2022-08-11 20:09:49,553] {processor.py:153} INFO - Started process (PID=573) to work on /home/airflow/.local/lib/python3.7/site-packages/airflow/example_dags/example_branch_datetime_operator.py
[2022-08-11 20:09:49,560] {processor.py:641} INFO - Processing file /home/airflow/.local/lib/python3.7/site-packages/airflow/example_dags/example_branch_datetime_operator.py for tasks to queue
[2022-08-11 20:09:49,563] {logging_mixin.py:115} INFO - [2022-08-11 20:09:49,562] {dagbag.py:508} INFO - Filling up the DagBag from /home/airflow/.local/lib/python3.7/site-packages/airflow/example_dags/example_branch_datetime_operator.py
[2022-08-11 20:09:49,577] {processor.py:651} INFO - DAG(s) dict_keys(['example_branch_datetime_operator', 'example_branch_datetime_operator_2']) retrieved from /home/airflow/.local/lib/python3.7/site-packages/airflow/example_dags/example_branch_datetime_operator.py
[2022-08-11 20:09:49,667] {logging_mixin.py:115} INFO - [2022-08-11 20:09:49,667] {dag.py:2420} INFO - Sync 2 DAGs
[2022-08-11 20:09:49,801] {logging_mixin.py:115} INFO - [2022-08-11 20:09:49,801] {dag.py:2972} INFO - Setting next_dagrun for example_branch_datetime_operator to 2022-08-10T00:00:00+00:00, run_after=2022-08-11T00:00:00+00:00
[2022-08-11 20:09:49,803] {logging_mixin.py:115} INFO - [2022-08-11 20:09:49,803] {dag.py:2972} INFO - Setting next_dagrun for example_branch_datetime_operator_2 to 2022-08-10T00:00:00+00:00, run_after=2022-08-11T00:00:00+00:00
[2022-08-11 20:09:49,810] {processor.py:161} INFO - Processing /home/airflow/.local/lib/python3.7/site-packages/airflow/example_dags/example_branch_datetime_operator.py took 0.260 seconds
[2022-08-11 20:10:40,670] {processor.py:153} INFO - Started process (PID=635) to work on /home/airflow/.local/lib/python3.7/site-packages/airflow/example_dags/example_branch_datetime_operator.py
[2022-08-11 20:10:40,673] {processor.py:641} INFO - Processing file /home/airflow/.local/lib/python3.7/site-packages/airflow/example_dags/example_branch_datetime_operator.py for tasks to queue
[2022-08-11 20:10:40,677] {logging_mixin.py:115} INFO - [2022-08-11 20:10:40,677] {dagbag.py:508} INFO - Filling up the DagBag from /home/airflow/.local/lib/python3.7/site-packages/airflow/example_dags/example_branch_datetime_operator.py
[2022-08-11 20:10:40,702] {processor.py:651} INFO - DAG(s) dict_keys(['example_branch_datetime_operator', 'example_branch_datetime_operator_2']) retrieved from /home/airflow/.local/lib/python3.7/site-packages/airflow/example_dags/example_branch_datetime_operator.py
[2022-08-11 20:10:40,767] {logging_mixin.py:115} INFO - [2022-08-11 20:10:40,767] {dag.py:2420} INFO - Sync 2 DAGs
[2022-08-11 20:10:40,946] {logging_mixin.py:115} INFO - [2022-08-11 20:10:40,946] {dag.py:2972} INFO - Setting next_dagrun for example_branch_datetime_operator to 2022-08-10T00:00:00+00:00, run_after=2022-08-11T00:00:00+00:00
[2022-08-11 20:10:40,948] {logging_mixin.py:115} INFO - [2022-08-11 20:10:40,948] {dag.py:2972} INFO - Setting next_dagrun for example_branch_datetime_operator_2 to 2022-08-10T00:00:00+00:00, run_after=2022-08-11T00:00:00+00:00
[2022-08-11 20:10:40,956] {processor.py:161} INFO - Processing /home/airflow/.local/lib/python3.7/site-packages/airflow/example_dags/example_branch_datetime_operator.py took 0.291 seconds
[2022-08-11 20:11:12,277] {processor.py:153} INFO - Started process (PID=696) to work on /home/airflow/.local/lib/python3.7/site-packages/airflow/example_dags/example_branch_datetime_operator.py
[2022-08-11 20:11:12,278] {processor.py:641} INFO - Processing file /home/airflow/.local/lib/python3.7/site-packages/airflow/example_dags/example_branch_datetime_operator.py for tasks to queue
[2022-08-11 20:11:12,281] {logging_mixin.py:115} INFO - [2022-08-11 20:11:12,281] {dagbag.py:508} INFO - Filling up the DagBag from /home/airflow/.local/lib/python3.7/site-packages/airflow/example_dags/example_branch_datetime_operator.py
[2022-08-11 20:11:12,294] {processor.py:651} INFO - DAG(s) dict_keys(['example_branch_datetime_operator', 'example_branch_datetime_operator_2']) retrieved from /home/airflow/.local/lib/python3.7/site-packages/airflow/example_dags/example_branch_datetime_operator.py
[2022-08-11 20:11:12,336] {logging_mixin.py:115} INFO - [2022-08-11 20:11:12,336] {dag.py:2420} INFO - Sync 2 DAGs
[2022-08-11 20:11:12,536] {logging_mixin.py:115} INFO - [2022-08-11 20:11:12,536] {dag.py:2972} INFO - Setting next_dagrun for example_branch_datetime_operator to 2022-08-10T00:00:00+00:00, run_after=2022-08-11T00:00:00+00:00
[2022-08-11 20:11:12,545] {logging_mixin.py:115} INFO - [2022-08-11 20:11:12,545] {dag.py:2972} INFO - Setting next_dagrun for example_branch_datetime_operator_2 to 2022-08-10T00:00:00+00:00, run_after=2022-08-11T00:00:00+00:00
[2022-08-11 20:11:12,589] {processor.py:161} INFO - Processing /home/airflow/.local/lib/python3.7/site-packages/airflow/example_dags/example_branch_datetime_operator.py took 0.317 seconds
[2022-08-11 20:11:57,135] {processor.py:153} INFO - Started process (PID=760) to work on /home/airflow/.local/lib/python3.7/site-packages/airflow/example_dags/example_branch_datetime_operator.py
[2022-08-11 20:11:57,140] {processor.py:641} INFO - Processing file /home/airflow/.local/lib/python3.7/site-packages/airflow/example_dags/example_branch_datetime_operator.py for tasks to queue
[2022-08-11 20:11:57,143] {logging_mixin.py:115} INFO - [2022-08-11 20:11:57,143] {dagbag.py:508} INFO - Filling up the DagBag from /home/airflow/.local/lib/python3.7/site-packages/airflow/example_dags/example_branch_datetime_operator.py
[2022-08-11 20:11:57,174] {processor.py:651} INFO - DAG(s) dict_keys(['example_branch_datetime_operator', 'example_branch_datetime_operator_2']) retrieved from /home/airflow/.local/lib/python3.7/site-packages/airflow/example_dags/example_branch_datetime_operator.py
[2022-08-11 20:11:57,304] {logging_mixin.py:115} INFO - [2022-08-11 20:11:57,304] {dag.py:2420} INFO - Sync 2 DAGs
[2022-08-11 20:11:57,874] {logging_mixin.py:115} INFO - [2022-08-11 20:11:57,874] {dag.py:2972} INFO - Setting next_dagrun for example_branch_datetime_operator to 2022-08-10T00:00:00+00:00, run_after=2022-08-11T00:00:00+00:00
[2022-08-11 20:11:57,879] {logging_mixin.py:115} INFO - [2022-08-11 20:11:57,879] {dag.py:2972} INFO - Setting next_dagrun for example_branch_datetime_operator_2 to 2022-08-10T00:00:00+00:00, run_after=2022-08-11T00:00:00+00:00
[2022-08-11 20:11:57,946] {processor.py:161} INFO - Processing /home/airflow/.local/lib/python3.7/site-packages/airflow/example_dags/example_branch_datetime_operator.py took 0.820 seconds
[2022-08-11 20:12:33,973] {processor.py:153} INFO - Started process (PID=813) to work on /home/airflow/.local/lib/python3.7/site-packages/airflow/example_dags/example_branch_datetime_operator.py
[2022-08-11 20:12:33,975] {processor.py:641} INFO - Processing file /home/airflow/.local/lib/python3.7/site-packages/airflow/example_dags/example_branch_datetime_operator.py for tasks to queue
[2022-08-11 20:12:33,976] {logging_mixin.py:115} INFO - [2022-08-11 20:12:33,976] {dagbag.py:508} INFO - Filling up the DagBag from /home/airflow/.local/lib/python3.7/site-packages/airflow/example_dags/example_branch_datetime_operator.py
[2022-08-11 20:12:33,985] {processor.py:651} INFO - DAG(s) dict_keys(['example_branch_datetime_operator', 'example_branch_datetime_operator_2']) retrieved from /home/airflow/.local/lib/python3.7/site-packages/airflow/example_dags/example_branch_datetime_operator.py
[2022-08-11 20:12:34,015] {logging_mixin.py:115} INFO - [2022-08-11 20:12:34,015] {dag.py:2420} INFO - Sync 2 DAGs
[2022-08-11 20:12:34,179] {logging_mixin.py:115} INFO - [2022-08-11 20:12:34,179] {dag.py:2972} INFO - Setting next_dagrun for example_branch_datetime_operator to 2022-08-10T00:00:00+00:00, run_after=2022-08-11T00:00:00+00:00
[2022-08-11 20:12:34,181] {logging_mixin.py:115} INFO - [2022-08-11 20:12:34,181] {dag.py:2972} INFO - Setting next_dagrun for example_branch_datetime_operator_2 to 2022-08-10T00:00:00+00:00, run_after=2022-08-11T00:00:00+00:00
[2022-08-11 20:12:34,190] {processor.py:161} INFO - Processing /home/airflow/.local/lib/python3.7/site-packages/airflow/example_dags/example_branch_datetime_operator.py took 0.220 seconds
[2022-08-11 20:13:11,288] {processor.py:153} INFO - Started process (PID=865) to work on /home/airflow/.local/lib/python3.7/site-packages/airflow/example_dags/example_branch_datetime_operator.py
[2022-08-11 20:13:11,294] {processor.py:641} INFO - Processing file /home/airflow/.local/lib/python3.7/site-packages/airflow/example_dags/example_branch_datetime_operator.py for tasks to queue
[2022-08-11 20:13:11,306] {logging_mixin.py:115} INFO - [2022-08-11 20:13:11,306] {dagbag.py:508} INFO - Filling up the DagBag from /home/airflow/.local/lib/python3.7/site-packages/airflow/example_dags/example_branch_datetime_operator.py
[2022-08-11 20:13:11,342] {processor.py:651} INFO - DAG(s) dict_keys(['example_branch_datetime_operator', 'example_branch_datetime_operator_2']) retrieved from /home/airflow/.local/lib/python3.7/site-packages/airflow/example_dags/example_branch_datetime_operator.py
[2022-08-11 20:13:11,468] {logging_mixin.py:115} INFO - [2022-08-11 20:13:11,468] {dag.py:2420} INFO - Sync 2 DAGs
[2022-08-11 20:13:12,180] {logging_mixin.py:115} INFO - [2022-08-11 20:13:12,180] {dag.py:2972} INFO - Setting next_dagrun for example_branch_datetime_operator to 2022-08-10T00:00:00+00:00, run_after=2022-08-11T00:00:00+00:00
[2022-08-11 20:13:12,194] {logging_mixin.py:115} INFO - [2022-08-11 20:13:12,193] {dag.py:2972} INFO - Setting next_dagrun for example_branch_datetime_operator_2 to 2022-08-10T00:00:00+00:00, run_after=2022-08-11T00:00:00+00:00
[2022-08-11 20:13:12,226] {processor.py:161} INFO - Processing /home/airflow/.local/lib/python3.7/site-packages/airflow/example_dags/example_branch_datetime_operator.py took 0.947 seconds
[2022-08-11 20:14:03,821] {processor.py:153} INFO - Started process (PID=928) to work on /home/airflow/.local/lib/python3.7/site-packages/airflow/example_dags/example_branch_datetime_operator.py
[2022-08-11 20:14:03,826] {processor.py:641} INFO - Processing file /home/airflow/.local/lib/python3.7/site-packages/airflow/example_dags/example_branch_datetime_operator.py for tasks to queue
[2022-08-11 20:14:03,831] {logging_mixin.py:115} INFO - [2022-08-11 20:14:03,831] {dagbag.py:508} INFO - Filling up the DagBag from /home/airflow/.local/lib/python3.7/site-packages/airflow/example_dags/example_branch_datetime_operator.py
[2022-08-11 20:14:03,860] {processor.py:651} INFO - DAG(s) dict_keys(['example_branch_datetime_operator', 'example_branch_datetime_operator_2']) retrieved from /home/airflow/.local/lib/python3.7/site-packages/airflow/example_dags/example_branch_datetime_operator.py
[2022-08-11 20:14:03,948] {logging_mixin.py:115} INFO - [2022-08-11 20:14:03,947] {dag.py:2420} INFO - Sync 2 DAGs
[2022-08-11 20:14:04,132] {logging_mixin.py:115} INFO - [2022-08-11 20:14:04,132] {dag.py:2972} INFO - Setting next_dagrun for example_branch_datetime_operator to 2022-08-10T00:00:00+00:00, run_after=2022-08-11T00:00:00+00:00
[2022-08-11 20:14:04,556] {logging_mixin.py:115} INFO - [2022-08-11 20:14:04,556] {dag.py:2972} INFO - Setting next_dagrun for example_branch_datetime_operator_2 to 2022-08-10T00:00:00+00:00, run_after=2022-08-11T00:00:00+00:00
[2022-08-11 20:14:04,617] {processor.py:161} INFO - Processing /home/airflow/.local/lib/python3.7/site-packages/airflow/example_dags/example_branch_datetime_operator.py took 0.800 seconds
[2022-08-11 20:14:35,198] {processor.py:153} INFO - Started process (PID=989) to work on /home/airflow/.local/lib/python3.7/site-packages/airflow/example_dags/example_branch_datetime_operator.py
[2022-08-11 20:14:35,200] {processor.py:641} INFO - Processing file /home/airflow/.local/lib/python3.7/site-packages/airflow/example_dags/example_branch_datetime_operator.py for tasks to queue
[2022-08-11 20:14:35,204] {logging_mixin.py:115} INFO - [2022-08-11 20:14:35,204] {dagbag.py:508} INFO - Filling up the DagBag from /home/airflow/.local/lib/python3.7/site-packages/airflow/example_dags/example_branch_datetime_operator.py
[2022-08-11 20:14:35,215] {processor.py:651} INFO - DAG(s) dict_keys(['example_branch_datetime_operator', 'example_branch_datetime_operator_2']) retrieved from /home/airflow/.local/lib/python3.7/site-packages/airflow/example_dags/example_branch_datetime_operator.py
[2022-08-11 20:14:35,250] {logging_mixin.py:115} INFO - [2022-08-11 20:14:35,250] {dag.py:2420} INFO - Sync 2 DAGs
[2022-08-11 20:14:35,497] {logging_mixin.py:115} INFO - [2022-08-11 20:14:35,497] {dag.py:2972} INFO - Setting next_dagrun for example_branch_datetime_operator to 2022-08-10T00:00:00+00:00, run_after=2022-08-11T00:00:00+00:00
[2022-08-11 20:14:35,500] {logging_mixin.py:115} INFO - [2022-08-11 20:14:35,500] {dag.py:2972} INFO - Setting next_dagrun for example_branch_datetime_operator_2 to 2022-08-10T00:00:00+00:00, run_after=2022-08-11T00:00:00+00:00
[2022-08-11 20:14:35,512] {processor.py:161} INFO - Processing /home/airflow/.local/lib/python3.7/site-packages/airflow/example_dags/example_branch_datetime_operator.py took 0.318 seconds
[2022-08-11 20:15:06,170] {processor.py:153} INFO - Started process (PID=1042) to work on /home/airflow/.local/lib/python3.7/site-packages/airflow/example_dags/example_branch_datetime_operator.py
[2022-08-11 20:15:06,173] {processor.py:641} INFO - Processing file /home/airflow/.local/lib/python3.7/site-packages/airflow/example_dags/example_branch_datetime_operator.py for tasks to queue
[2022-08-11 20:15:06,176] {logging_mixin.py:115} INFO - [2022-08-11 20:15:06,176] {dagbag.py:508} INFO - Filling up the DagBag from /home/airflow/.local/lib/python3.7/site-packages/airflow/example_dags/example_branch_datetime_operator.py
[2022-08-11 20:15:06,199] {processor.py:651} INFO - DAG(s) dict_keys(['example_branch_datetime_operator', 'example_branch_datetime_operator_2']) retrieved from /home/airflow/.local/lib/python3.7/site-packages/airflow/example_dags/example_branch_datetime_operator.py
[2022-08-11 20:15:06,251] {logging_mixin.py:115} INFO - [2022-08-11 20:15:06,251] {dag.py:2420} INFO - Sync 2 DAGs
[2022-08-11 20:15:06,380] {logging_mixin.py:115} INFO - [2022-08-11 20:15:06,380] {dag.py:2972} INFO - Setting next_dagrun for example_branch_datetime_operator to 2022-08-10T00:00:00+00:00, run_after=2022-08-11T00:00:00+00:00
[2022-08-11 20:15:06,381] {logging_mixin.py:115} INFO - [2022-08-11 20:15:06,381] {dag.py:2972} INFO - Setting next_dagrun for example_branch_datetime_operator_2 to 2022-08-10T00:00:00+00:00, run_after=2022-08-11T00:00:00+00:00
[2022-08-11 20:15:06,389] {processor.py:161} INFO - Processing /home/airflow/.local/lib/python3.7/site-packages/airflow/example_dags/example_branch_datetime_operator.py took 0.222 seconds
[2022-08-11 20:15:37,330] {processor.py:153} INFO - Started process (PID=1103) to work on /home/airflow/.local/lib/python3.7/site-packages/airflow/example_dags/example_branch_datetime_operator.py
[2022-08-11 20:15:37,332] {processor.py:641} INFO - Processing file /home/airflow/.local/lib/python3.7/site-packages/airflow/example_dags/example_branch_datetime_operator.py for tasks to queue
[2022-08-11 20:15:37,334] {logging_mixin.py:115} INFO - [2022-08-11 20:15:37,334] {dagbag.py:508} INFO - Filling up the DagBag from /home/airflow/.local/lib/python3.7/site-packages/airflow/example_dags/example_branch_datetime_operator.py
[2022-08-11 20:15:37,353] {processor.py:651} INFO - DAG(s) dict_keys(['example_branch_datetime_operator', 'example_branch_datetime_operator_2']) retrieved from /home/airflow/.local/lib/python3.7/site-packages/airflow/example_dags/example_branch_datetime_operator.py
[2022-08-11 20:15:37,392] {logging_mixin.py:115} INFO - [2022-08-11 20:15:37,392] {dag.py:2420} INFO - Sync 2 DAGs
[2022-08-11 20:15:37,610] {logging_mixin.py:115} INFO - [2022-08-11 20:15:37,610] {dag.py:2972} INFO - Setting next_dagrun for example_branch_datetime_operator to 2022-08-10T00:00:00+00:00, run_after=2022-08-11T00:00:00+00:00
[2022-08-11 20:15:37,613] {logging_mixin.py:115} INFO - [2022-08-11 20:15:37,613] {dag.py:2972} INFO - Setting next_dagrun for example_branch_datetime_operator_2 to 2022-08-10T00:00:00+00:00, run_after=2022-08-11T00:00:00+00:00
[2022-08-11 20:15:37,628] {processor.py:161} INFO - Processing /home/airflow/.local/lib/python3.7/site-packages/airflow/example_dags/example_branch_datetime_operator.py took 0.301 seconds
