[2022-08-11 20:06:05,295] {processor.py:153} INFO - Started process (PID=131) to work on /home/airflow/.local/lib/python3.7/site-packages/airflow/example_dags/example_xcom.py
[2022-08-11 20:06:05,298] {processor.py:641} INFO - Processing file /home/airflow/.local/lib/python3.7/site-packages/airflow/example_dags/example_xcom.py for tasks to queue
[2022-08-11 20:06:05,303] {logging_mixin.py:115} INFO - [2022-08-11 20:06:05,303] {dagbag.py:508} INFO - Filling up the DagBag from /home/airflow/.local/lib/python3.7/site-packages/airflow/example_dags/example_xcom.py
[2022-08-11 20:06:05,394] {processor.py:651} INFO - DAG(s) dict_keys(['example_xcom']) retrieved from /home/airflow/.local/lib/python3.7/site-packages/airflow/example_dags/example_xcom.py
[2022-08-11 20:06:06,351] {logging_mixin.py:115} INFO - [2022-08-11 20:06:06,351] {dag.py:2420} INFO - Sync 1 DAGs
[2022-08-11 20:06:06,384] {logging_mixin.py:115} INFO - [2022-08-11 20:06:06,384] {dag.py:2972} INFO - Setting next_dagrun for example_xcom to 2021-01-01T00:00:00+00:00, run_after=2021-01-01T00:00:00+00:00
[2022-08-11 20:06:06,401] {processor.py:161} INFO - Processing /home/airflow/.local/lib/python3.7/site-packages/airflow/example_dags/example_xcom.py took 1.118 seconds
[2022-08-11 20:06:36,601] {processor.py:153} INFO - Started process (PID=185) to work on /home/airflow/.local/lib/python3.7/site-packages/airflow/example_dags/example_xcom.py
[2022-08-11 20:06:36,605] {processor.py:641} INFO - Processing file /home/airflow/.local/lib/python3.7/site-packages/airflow/example_dags/example_xcom.py for tasks to queue
[2022-08-11 20:06:36,606] {logging_mixin.py:115} INFO - [2022-08-11 20:06:36,606] {dagbag.py:508} INFO - Filling up the DagBag from /home/airflow/.local/lib/python3.7/site-packages/airflow/example_dags/example_xcom.py
[2022-08-11 20:06:36,634] {processor.py:651} INFO - DAG(s) dict_keys(['example_xcom']) retrieved from /home/airflow/.local/lib/python3.7/site-packages/airflow/example_dags/example_xcom.py
[2022-08-11 20:06:36,827] {logging_mixin.py:115} INFO - [2022-08-11 20:06:36,827] {dag.py:2420} INFO - Sync 1 DAGs
[2022-08-11 20:06:36,852] {logging_mixin.py:115} INFO - [2022-08-11 20:06:36,851] {dag.py:2972} INFO - Setting next_dagrun for example_xcom to 2021-01-01T00:00:00+00:00, run_after=2021-01-01T00:00:00+00:00
[2022-08-11 20:06:36,866] {processor.py:161} INFO - Processing /home/airflow/.local/lib/python3.7/site-packages/airflow/example_dags/example_xcom.py took 0.271 seconds
[2022-08-11 20:07:07,513] {processor.py:153} INFO - Started process (PID=238) to work on /home/airflow/.local/lib/python3.7/site-packages/airflow/example_dags/example_xcom.py
[2022-08-11 20:07:07,516] {processor.py:641} INFO - Processing file /home/airflow/.local/lib/python3.7/site-packages/airflow/example_dags/example_xcom.py for tasks to queue
[2022-08-11 20:07:07,517] {logging_mixin.py:115} INFO - [2022-08-11 20:07:07,517] {dagbag.py:508} INFO - Filling up the DagBag from /home/airflow/.local/lib/python3.7/site-packages/airflow/example_dags/example_xcom.py
[2022-08-11 20:07:07,540] {processor.py:651} INFO - DAG(s) dict_keys(['example_xcom']) retrieved from /home/airflow/.local/lib/python3.7/site-packages/airflow/example_dags/example_xcom.py
[2022-08-11 20:07:07,675] {logging_mixin.py:115} INFO - [2022-08-11 20:07:07,675] {dag.py:2420} INFO - Sync 1 DAGs
[2022-08-11 20:07:07,688] {logging_mixin.py:115} INFO - [2022-08-11 20:07:07,688] {dag.py:2972} INFO - Setting next_dagrun for example_xcom to 2021-01-01T00:00:00+00:00, run_after=2021-01-01T00:00:00+00:00
[2022-08-11 20:07:07,695] {processor.py:161} INFO - Processing /home/airflow/.local/lib/python3.7/site-packages/airflow/example_dags/example_xcom.py took 0.186 seconds
[2022-08-11 20:07:38,166] {processor.py:153} INFO - Started process (PID=300) to work on /home/airflow/.local/lib/python3.7/site-packages/airflow/example_dags/example_xcom.py
[2022-08-11 20:07:38,169] {processor.py:641} INFO - Processing file /home/airflow/.local/lib/python3.7/site-packages/airflow/example_dags/example_xcom.py for tasks to queue
[2022-08-11 20:07:38,170] {logging_mixin.py:115} INFO - [2022-08-11 20:07:38,170] {dagbag.py:508} INFO - Filling up the DagBag from /home/airflow/.local/lib/python3.7/site-packages/airflow/example_dags/example_xcom.py
[2022-08-11 20:07:38,187] {processor.py:651} INFO - DAG(s) dict_keys(['example_xcom']) retrieved from /home/airflow/.local/lib/python3.7/site-packages/airflow/example_dags/example_xcom.py
[2022-08-11 20:07:38,311] {logging_mixin.py:115} INFO - [2022-08-11 20:07:38,311] {dag.py:2420} INFO - Sync 1 DAGs
[2022-08-11 20:07:38,321] {logging_mixin.py:115} INFO - [2022-08-11 20:07:38,321] {dag.py:2972} INFO - Setting next_dagrun for example_xcom to 2021-01-01T00:00:00+00:00, run_after=2021-01-01T00:00:00+00:00
[2022-08-11 20:07:38,329] {processor.py:161} INFO - Processing /home/airflow/.local/lib/python3.7/site-packages/airflow/example_dags/example_xcom.py took 0.167 seconds
[2022-08-11 20:08:09,137] {processor.py:153} INFO - Started process (PID=360) to work on /home/airflow/.local/lib/python3.7/site-packages/airflow/example_dags/example_xcom.py
[2022-08-11 20:08:09,139] {processor.py:641} INFO - Processing file /home/airflow/.local/lib/python3.7/site-packages/airflow/example_dags/example_xcom.py for tasks to queue
[2022-08-11 20:08:09,140] {logging_mixin.py:115} INFO - [2022-08-11 20:08:09,140] {dagbag.py:508} INFO - Filling up the DagBag from /home/airflow/.local/lib/python3.7/site-packages/airflow/example_dags/example_xcom.py
[2022-08-11 20:08:09,155] {processor.py:651} INFO - DAG(s) dict_keys(['example_xcom']) retrieved from /home/airflow/.local/lib/python3.7/site-packages/airflow/example_dags/example_xcom.py
[2022-08-11 20:08:09,304] {logging_mixin.py:115} INFO - [2022-08-11 20:08:09,304] {dag.py:2420} INFO - Sync 1 DAGs
[2022-08-11 20:08:09,316] {logging_mixin.py:115} INFO - [2022-08-11 20:08:09,316] {dag.py:2972} INFO - Setting next_dagrun for example_xcom to 2021-01-01T00:00:00+00:00, run_after=2021-01-01T00:00:00+00:00
[2022-08-11 20:08:09,322] {processor.py:161} INFO - Processing /home/airflow/.local/lib/python3.7/site-packages/airflow/example_dags/example_xcom.py took 0.187 seconds
[2022-08-11 20:08:40,002] {processor.py:153} INFO - Started process (PID=422) to work on /home/airflow/.local/lib/python3.7/site-packages/airflow/example_dags/example_xcom.py
[2022-08-11 20:08:40,025] {processor.py:641} INFO - Processing file /home/airflow/.local/lib/python3.7/site-packages/airflow/example_dags/example_xcom.py for tasks to queue
[2022-08-11 20:08:40,038] {logging_mixin.py:115} INFO - [2022-08-11 20:08:40,038] {dagbag.py:508} INFO - Filling up the DagBag from /home/airflow/.local/lib/python3.7/site-packages/airflow/example_dags/example_xcom.py
[2022-08-11 20:08:40,126] {processor.py:651} INFO - DAG(s) dict_keys(['example_xcom']) retrieved from /home/airflow/.local/lib/python3.7/site-packages/airflow/example_dags/example_xcom.py
[2022-08-11 20:08:40,671] {logging_mixin.py:115} INFO - [2022-08-11 20:08:40,671] {dag.py:2420} INFO - Sync 1 DAGs
[2022-08-11 20:08:40,712] {logging_mixin.py:115} INFO - [2022-08-11 20:08:40,711] {dag.py:2972} INFO - Setting next_dagrun for example_xcom to 2021-01-01T00:00:00+00:00, run_after=2021-01-01T00:00:00+00:00
[2022-08-11 20:08:40,735] {processor.py:161} INFO - Processing /home/airflow/.local/lib/python3.7/site-packages/airflow/example_dags/example_xcom.py took 0.761 seconds
[2022-08-11 20:09:11,566] {processor.py:153} INFO - Started process (PID=475) to work on /home/airflow/.local/lib/python3.7/site-packages/airflow/example_dags/example_xcom.py
[2022-08-11 20:09:11,569] {processor.py:641} INFO - Processing file /home/airflow/.local/lib/python3.7/site-packages/airflow/example_dags/example_xcom.py for tasks to queue
[2022-08-11 20:09:11,578] {logging_mixin.py:115} INFO - [2022-08-11 20:09:11,578] {dagbag.py:508} INFO - Filling up the DagBag from /home/airflow/.local/lib/python3.7/site-packages/airflow/example_dags/example_xcom.py
[2022-08-11 20:09:11,672] {processor.py:651} INFO - DAG(s) dict_keys(['example_xcom']) retrieved from /home/airflow/.local/lib/python3.7/site-packages/airflow/example_dags/example_xcom.py
[2022-08-11 20:09:12,056] {logging_mixin.py:115} INFO - [2022-08-11 20:09:12,056] {dag.py:2420} INFO - Sync 1 DAGs
[2022-08-11 20:09:12,071] {logging_mixin.py:115} INFO - [2022-08-11 20:09:12,071] {dag.py:2972} INFO - Setting next_dagrun for example_xcom to 2021-01-01T00:00:00+00:00, run_after=2021-01-01T00:00:00+00:00
[2022-08-11 20:09:12,084] {processor.py:161} INFO - Processing /home/airflow/.local/lib/python3.7/site-packages/airflow/example_dags/example_xcom.py took 0.529 seconds
[2022-08-11 20:09:43,058] {processor.py:153} INFO - Started process (PID=538) to work on /home/airflow/.local/lib/python3.7/site-packages/airflow/example_dags/example_xcom.py
[2022-08-11 20:09:43,061] {processor.py:641} INFO - Processing file /home/airflow/.local/lib/python3.7/site-packages/airflow/example_dags/example_xcom.py for tasks to queue
[2022-08-11 20:09:43,066] {logging_mixin.py:115} INFO - [2022-08-11 20:09:43,065] {dagbag.py:508} INFO - Filling up the DagBag from /home/airflow/.local/lib/python3.7/site-packages/airflow/example_dags/example_xcom.py
[2022-08-11 20:09:43,123] {processor.py:651} INFO - DAG(s) dict_keys(['example_xcom']) retrieved from /home/airflow/.local/lib/python3.7/site-packages/airflow/example_dags/example_xcom.py
[2022-08-11 20:09:43,495] {logging_mixin.py:115} INFO - [2022-08-11 20:09:43,495] {dag.py:2420} INFO - Sync 1 DAGs
[2022-08-11 20:09:43,512] {logging_mixin.py:115} INFO - [2022-08-11 20:09:43,512] {dag.py:2972} INFO - Setting next_dagrun for example_xcom to 2021-01-01T00:00:00+00:00, run_after=2021-01-01T00:00:00+00:00
[2022-08-11 20:09:43,525] {processor.py:161} INFO - Processing /home/airflow/.local/lib/python3.7/site-packages/airflow/example_dags/example_xcom.py took 0.477 seconds
[2022-08-11 20:10:33,895] {processor.py:153} INFO - Started process (PID=621) to work on /home/airflow/.local/lib/python3.7/site-packages/airflow/example_dags/example_xcom.py
[2022-08-11 20:10:33,898] {processor.py:641} INFO - Processing file /home/airflow/.local/lib/python3.7/site-packages/airflow/example_dags/example_xcom.py for tasks to queue
[2022-08-11 20:10:33,901] {logging_mixin.py:115} INFO - [2022-08-11 20:10:33,901] {dagbag.py:508} INFO - Filling up the DagBag from /home/airflow/.local/lib/python3.7/site-packages/airflow/example_dags/example_xcom.py
[2022-08-11 20:10:33,935] {processor.py:651} INFO - DAG(s) dict_keys(['example_xcom']) retrieved from /home/airflow/.local/lib/python3.7/site-packages/airflow/example_dags/example_xcom.py
[2022-08-11 20:10:34,970] {logging_mixin.py:115} INFO - [2022-08-11 20:10:34,969] {dag.py:2420} INFO - Sync 1 DAGs
[2022-08-11 20:10:35,508] {logging_mixin.py:115} INFO - [2022-08-11 20:10:35,506] {dag.py:2972} INFO - Setting next_dagrun for example_xcom to 2021-01-01T00:00:00+00:00, run_after=2021-01-01T00:00:00+00:00
[2022-08-11 20:10:35,718] {processor.py:161} INFO - Processing /home/airflow/.local/lib/python3.7/site-packages/airflow/example_dags/example_xcom.py took 1.827 seconds
[2022-08-11 20:11:07,406] {processor.py:153} INFO - Started process (PID=673) to work on /home/airflow/.local/lib/python3.7/site-packages/airflow/example_dags/example_xcom.py
[2022-08-11 20:11:07,416] {processor.py:641} INFO - Processing file /home/airflow/.local/lib/python3.7/site-packages/airflow/example_dags/example_xcom.py for tasks to queue
[2022-08-11 20:11:07,419] {logging_mixin.py:115} INFO - [2022-08-11 20:11:07,419] {dagbag.py:508} INFO - Filling up the DagBag from /home/airflow/.local/lib/python3.7/site-packages/airflow/example_dags/example_xcom.py
[2022-08-11 20:11:07,475] {processor.py:651} INFO - DAG(s) dict_keys(['example_xcom']) retrieved from /home/airflow/.local/lib/python3.7/site-packages/airflow/example_dags/example_xcom.py
[2022-08-11 20:11:07,817] {logging_mixin.py:115} INFO - [2022-08-11 20:11:07,817] {dag.py:2420} INFO - Sync 1 DAGs
[2022-08-11 20:11:07,830] {logging_mixin.py:115} INFO - [2022-08-11 20:11:07,830] {dag.py:2972} INFO - Setting next_dagrun for example_xcom to 2021-01-01T00:00:00+00:00, run_after=2021-01-01T00:00:00+00:00
[2022-08-11 20:11:07,837] {processor.py:161} INFO - Processing /home/airflow/.local/lib/python3.7/site-packages/airflow/example_dags/example_xcom.py took 0.441 seconds
[2022-08-11 20:11:51,435] {processor.py:153} INFO - Started process (PID=735) to work on /home/airflow/.local/lib/python3.7/site-packages/airflow/example_dags/example_xcom.py
[2022-08-11 20:11:51,439] {processor.py:641} INFO - Processing file /home/airflow/.local/lib/python3.7/site-packages/airflow/example_dags/example_xcom.py for tasks to queue
[2022-08-11 20:11:51,441] {logging_mixin.py:115} INFO - [2022-08-11 20:11:51,441] {dagbag.py:508} INFO - Filling up the DagBag from /home/airflow/.local/lib/python3.7/site-packages/airflow/example_dags/example_xcom.py
[2022-08-11 20:11:51,466] {processor.py:651} INFO - DAG(s) dict_keys(['example_xcom']) retrieved from /home/airflow/.local/lib/python3.7/site-packages/airflow/example_dags/example_xcom.py
[2022-08-11 20:11:51,647] {logging_mixin.py:115} INFO - [2022-08-11 20:11:51,647] {dag.py:2420} INFO - Sync 1 DAGs
[2022-08-11 20:11:51,660] {logging_mixin.py:115} INFO - [2022-08-11 20:11:51,660] {dag.py:2972} INFO - Setting next_dagrun for example_xcom to 2021-01-01T00:00:00+00:00, run_after=2021-01-01T00:00:00+00:00
[2022-08-11 20:11:51,669] {processor.py:161} INFO - Processing /home/airflow/.local/lib/python3.7/site-packages/airflow/example_dags/example_xcom.py took 0.238 seconds
[2022-08-11 20:12:32,089] {processor.py:153} INFO - Started process (PID=799) to work on /home/airflow/.local/lib/python3.7/site-packages/airflow/example_dags/example_xcom.py
[2022-08-11 20:12:32,091] {processor.py:641} INFO - Processing file /home/airflow/.local/lib/python3.7/site-packages/airflow/example_dags/example_xcom.py for tasks to queue
[2022-08-11 20:12:32,095] {logging_mixin.py:115} INFO - [2022-08-11 20:12:32,095] {dagbag.py:508} INFO - Filling up the DagBag from /home/airflow/.local/lib/python3.7/site-packages/airflow/example_dags/example_xcom.py
[2022-08-11 20:12:32,127] {processor.py:651} INFO - DAG(s) dict_keys(['example_xcom']) retrieved from /home/airflow/.local/lib/python3.7/site-packages/airflow/example_dags/example_xcom.py
[2022-08-11 20:12:32,309] {logging_mixin.py:115} INFO - [2022-08-11 20:12:32,309] {dag.py:2420} INFO - Sync 1 DAGs
[2022-08-11 20:12:32,324] {logging_mixin.py:115} INFO - [2022-08-11 20:12:32,324] {dag.py:2972} INFO - Setting next_dagrun for example_xcom to 2021-01-01T00:00:00+00:00, run_after=2021-01-01T00:00:00+00:00
[2022-08-11 20:12:32,336] {processor.py:161} INFO - Processing /home/airflow/.local/lib/python3.7/site-packages/airflow/example_dags/example_xcom.py took 0.251 seconds
[2022-08-11 20:13:06,121] {processor.py:153} INFO - Started process (PID=851) to work on /home/airflow/.local/lib/python3.7/site-packages/airflow/example_dags/example_xcom.py
[2022-08-11 20:13:06,130] {processor.py:641} INFO - Processing file /home/airflow/.local/lib/python3.7/site-packages/airflow/example_dags/example_xcom.py for tasks to queue
[2022-08-11 20:13:06,143] {logging_mixin.py:115} INFO - [2022-08-11 20:13:06,143] {dagbag.py:508} INFO - Filling up the DagBag from /home/airflow/.local/lib/python3.7/site-packages/airflow/example_dags/example_xcom.py
[2022-08-11 20:13:06,284] {processor.py:651} INFO - DAG(s) dict_keys(['example_xcom']) retrieved from /home/airflow/.local/lib/python3.7/site-packages/airflow/example_dags/example_xcom.py
[2022-08-11 20:13:06,855] {logging_mixin.py:115} INFO - [2022-08-11 20:13:06,855] {dag.py:2420} INFO - Sync 1 DAGs
[2022-08-11 20:13:06,887] {logging_mixin.py:115} INFO - [2022-08-11 20:13:06,887] {dag.py:2972} INFO - Setting next_dagrun for example_xcom to 2021-01-01T00:00:00+00:00, run_after=2021-01-01T00:00:00+00:00
[2022-08-11 20:13:06,900] {processor.py:161} INFO - Processing /home/airflow/.local/lib/python3.7/site-packages/airflow/example_dags/example_xcom.py took 0.796 seconds
[2022-08-11 20:13:37,365] {processor.py:153} INFO - Started process (PID=905) to work on /home/airflow/.local/lib/python3.7/site-packages/airflow/example_dags/example_xcom.py
[2022-08-11 20:13:37,367] {processor.py:641} INFO - Processing file /home/airflow/.local/lib/python3.7/site-packages/airflow/example_dags/example_xcom.py for tasks to queue
[2022-08-11 20:13:37,370] {logging_mixin.py:115} INFO - [2022-08-11 20:13:37,370] {dagbag.py:508} INFO - Filling up the DagBag from /home/airflow/.local/lib/python3.7/site-packages/airflow/example_dags/example_xcom.py
[2022-08-11 20:13:37,398] {processor.py:651} INFO - DAG(s) dict_keys(['example_xcom']) retrieved from /home/airflow/.local/lib/python3.7/site-packages/airflow/example_dags/example_xcom.py
[2022-08-11 20:13:37,749] {logging_mixin.py:115} INFO - [2022-08-11 20:13:37,749] {dag.py:2420} INFO - Sync 1 DAGs
[2022-08-11 20:13:37,771] {logging_mixin.py:115} INFO - [2022-08-11 20:13:37,771] {dag.py:2972} INFO - Setting next_dagrun for example_xcom to 2021-01-01T00:00:00+00:00, run_after=2021-01-01T00:00:00+00:00
[2022-08-11 20:13:37,788] {processor.py:161} INFO - Processing /home/airflow/.local/lib/python3.7/site-packages/airflow/example_dags/example_xcom.py took 0.428 seconds
[2022-08-11 20:14:11,668] {processor.py:153} INFO - Started process (PID=957) to work on /home/airflow/.local/lib/python3.7/site-packages/airflow/example_dags/example_xcom.py
[2022-08-11 20:14:11,673] {processor.py:641} INFO - Processing file /home/airflow/.local/lib/python3.7/site-packages/airflow/example_dags/example_xcom.py for tasks to queue
[2022-08-11 20:14:11,686] {logging_mixin.py:115} INFO - [2022-08-11 20:14:11,686] {dagbag.py:508} INFO - Filling up the DagBag from /home/airflow/.local/lib/python3.7/site-packages/airflow/example_dags/example_xcom.py
[2022-08-11 20:14:11,729] {processor.py:651} INFO - DAG(s) dict_keys(['example_xcom']) retrieved from /home/airflow/.local/lib/python3.7/site-packages/airflow/example_dags/example_xcom.py
[2022-08-11 20:14:11,903] {logging_mixin.py:115} INFO - [2022-08-11 20:14:11,903] {dag.py:2420} INFO - Sync 1 DAGs
[2022-08-11 20:14:11,929] {logging_mixin.py:115} INFO - [2022-08-11 20:14:11,928] {dag.py:2972} INFO - Setting next_dagrun for example_xcom to 2021-01-01T00:00:00+00:00, run_after=2021-01-01T00:00:00+00:00
[2022-08-11 20:14:11,940] {processor.py:161} INFO - Processing /home/airflow/.local/lib/python3.7/site-packages/airflow/example_dags/example_xcom.py took 0.278 seconds
[2022-08-11 20:14:45,910] {processor.py:153} INFO - Started process (PID=1019) to work on /home/airflow/.local/lib/python3.7/site-packages/airflow/example_dags/example_xcom.py
[2022-08-11 20:14:45,918] {processor.py:641} INFO - Processing file /home/airflow/.local/lib/python3.7/site-packages/airflow/example_dags/example_xcom.py for tasks to queue
[2022-08-11 20:14:45,927] {logging_mixin.py:115} INFO - [2022-08-11 20:14:45,927] {dagbag.py:508} INFO - Filling up the DagBag from /home/airflow/.local/lib/python3.7/site-packages/airflow/example_dags/example_xcom.py
[2022-08-11 20:14:45,988] {processor.py:651} INFO - DAG(s) dict_keys(['example_xcom']) retrieved from /home/airflow/.local/lib/python3.7/site-packages/airflow/example_dags/example_xcom.py
[2022-08-11 20:14:46,703] {logging_mixin.py:115} INFO - [2022-08-11 20:14:46,703] {dag.py:2420} INFO - Sync 1 DAGs
[2022-08-11 20:14:46,779] {logging_mixin.py:115} INFO - [2022-08-11 20:14:46,778] {dag.py:2972} INFO - Setting next_dagrun for example_xcom to 2021-01-01T00:00:00+00:00, run_after=2021-01-01T00:00:00+00:00
[2022-08-11 20:14:46,838] {processor.py:161} INFO - Processing /home/airflow/.local/lib/python3.7/site-packages/airflow/example_dags/example_xcom.py took 0.937 seconds
[2022-08-11 20:15:17,265] {processor.py:153} INFO - Started process (PID=1071) to work on /home/airflow/.local/lib/python3.7/site-packages/airflow/example_dags/example_xcom.py
[2022-08-11 20:15:17,274] {processor.py:641} INFO - Processing file /home/airflow/.local/lib/python3.7/site-packages/airflow/example_dags/example_xcom.py for tasks to queue
[2022-08-11 20:15:17,285] {logging_mixin.py:115} INFO - [2022-08-11 20:15:17,285] {dagbag.py:508} INFO - Filling up the DagBag from /home/airflow/.local/lib/python3.7/site-packages/airflow/example_dags/example_xcom.py
[2022-08-11 20:15:17,343] {processor.py:651} INFO - DAG(s) dict_keys(['example_xcom']) retrieved from /home/airflow/.local/lib/python3.7/site-packages/airflow/example_dags/example_xcom.py
[2022-08-11 20:15:17,568] {logging_mixin.py:115} INFO - [2022-08-11 20:15:17,568] {dag.py:2420} INFO - Sync 1 DAGs
[2022-08-11 20:15:17,595] {logging_mixin.py:115} INFO - [2022-08-11 20:15:17,595] {dag.py:2972} INFO - Setting next_dagrun for example_xcom to 2021-01-01T00:00:00+00:00, run_after=2021-01-01T00:00:00+00:00
[2022-08-11 20:15:17,620] {processor.py:161} INFO - Processing /home/airflow/.local/lib/python3.7/site-packages/airflow/example_dags/example_xcom.py took 0.373 seconds
[2022-08-11 20:15:48,240] {processor.py:153} INFO - Started process (PID=1133) to work on /home/airflow/.local/lib/python3.7/site-packages/airflow/example_dags/example_xcom.py
[2022-08-11 20:15:48,242] {processor.py:641} INFO - Processing file /home/airflow/.local/lib/python3.7/site-packages/airflow/example_dags/example_xcom.py for tasks to queue
[2022-08-11 20:15:48,243] {logging_mixin.py:115} INFO - [2022-08-11 20:15:48,243] {dagbag.py:508} INFO - Filling up the DagBag from /home/airflow/.local/lib/python3.7/site-packages/airflow/example_dags/example_xcom.py
[2022-08-11 20:15:48,269] {processor.py:651} INFO - DAG(s) dict_keys(['example_xcom']) retrieved from /home/airflow/.local/lib/python3.7/site-packages/airflow/example_dags/example_xcom.py
[2022-08-11 20:15:48,454] {logging_mixin.py:115} INFO - [2022-08-11 20:15:48,454] {dag.py:2420} INFO - Sync 1 DAGs
[2022-08-11 20:15:48,471] {logging_mixin.py:115} INFO - [2022-08-11 20:15:48,471] {dag.py:2972} INFO - Setting next_dagrun for example_xcom to 2021-01-01T00:00:00+00:00, run_after=2021-01-01T00:00:00+00:00
[2022-08-11 20:15:48,485] {processor.py:161} INFO - Processing /home/airflow/.local/lib/python3.7/site-packages/airflow/example_dags/example_xcom.py took 0.250 seconds
