[2022-08-11 20:02:27,036] {processor.py:153} INFO - Started process (PID=58) to work on /home/airflow/.local/lib/python3.7/site-packages/airflow/example_dags/example_branch_operator_decorator.py
[2022-08-11 20:02:27,108] {processor.py:641} INFO - Processing file /home/airflow/.local/lib/python3.7/site-packages/airflow/example_dags/example_branch_operator_decorator.py for tasks to queue
[2022-08-11 20:02:27,172] {logging_mixin.py:115} INFO - [2022-08-11 20:02:27,172] {dagbag.py:508} INFO - Filling up the DagBag from /home/airflow/.local/lib/python3.7/site-packages/airflow/example_dags/example_branch_operator_decorator.py
[2022-08-11 20:02:29,375] {processor.py:651} INFO - DAG(s) dict_keys(['example_branch_python_operator_decorator']) retrieved from /home/airflow/.local/lib/python3.7/site-packages/airflow/example_dags/example_branch_operator_decorator.py
[2022-08-11 20:02:41,635] {logging_mixin.py:115} INFO - [2022-08-11 20:02:41,633] {dag.py:2420} INFO - Sync 1 DAGs
[2022-08-11 20:02:43,713] {logging_mixin.py:115} INFO - [2022-08-11 20:02:43,701] {dag.py:2972} INFO - Setting next_dagrun for example_branch_python_operator_decorator to 2022-08-10T00:00:00+00:00, run_after=2022-08-11T00:00:00+00:00
[2022-08-11 20:02:44,331] {processor.py:161} INFO - Processing /home/airflow/.local/lib/python3.7/site-packages/airflow/example_dags/example_branch_operator_decorator.py took 17.341 seconds
[2022-08-11 20:06:10,539] {processor.py:153} INFO - Started process (PID=156) to work on /home/airflow/.local/lib/python3.7/site-packages/airflow/example_dags/example_branch_operator_decorator.py
[2022-08-11 20:06:10,543] {processor.py:641} INFO - Processing file /home/airflow/.local/lib/python3.7/site-packages/airflow/example_dags/example_branch_operator_decorator.py for tasks to queue
[2022-08-11 20:06:10,544] {logging_mixin.py:115} INFO - [2022-08-11 20:06:10,544] {dagbag.py:508} INFO - Filling up the DagBag from /home/airflow/.local/lib/python3.7/site-packages/airflow/example_dags/example_branch_operator_decorator.py
[2022-08-11 20:06:10,565] {processor.py:651} INFO - DAG(s) dict_keys(['example_branch_python_operator_decorator']) retrieved from /home/airflow/.local/lib/python3.7/site-packages/airflow/example_dags/example_branch_operator_decorator.py
[2022-08-11 20:06:10,708] {logging_mixin.py:115} INFO - [2022-08-11 20:06:10,707] {dag.py:2420} INFO - Sync 1 DAGs
[2022-08-11 20:06:10,721] {logging_mixin.py:115} INFO - [2022-08-11 20:06:10,721] {dag.py:2972} INFO - Setting next_dagrun for example_branch_python_operator_decorator to 2022-08-10T00:00:00+00:00, run_after=2022-08-11T00:00:00+00:00
[2022-08-11 20:06:10,732] {processor.py:161} INFO - Processing /home/airflow/.local/lib/python3.7/site-packages/airflow/example_dags/example_branch_operator_decorator.py took 0.196 seconds
[2022-08-11 20:06:41,584] {processor.py:153} INFO - Started process (PID=210) to work on /home/airflow/.local/lib/python3.7/site-packages/airflow/example_dags/example_branch_operator_decorator.py
[2022-08-11 20:06:41,586] {processor.py:641} INFO - Processing file /home/airflow/.local/lib/python3.7/site-packages/airflow/example_dags/example_branch_operator_decorator.py for tasks to queue
[2022-08-11 20:06:41,591] {logging_mixin.py:115} INFO - [2022-08-11 20:06:41,591] {dagbag.py:508} INFO - Filling up the DagBag from /home/airflow/.local/lib/python3.7/site-packages/airflow/example_dags/example_branch_operator_decorator.py
[2022-08-11 20:06:41,630] {processor.py:651} INFO - DAG(s) dict_keys(['example_branch_python_operator_decorator']) retrieved from /home/airflow/.local/lib/python3.7/site-packages/airflow/example_dags/example_branch_operator_decorator.py
[2022-08-11 20:06:41,818] {logging_mixin.py:115} INFO - [2022-08-11 20:06:41,818] {dag.py:2420} INFO - Sync 1 DAGs
[2022-08-11 20:06:41,836] {logging_mixin.py:115} INFO - [2022-08-11 20:06:41,836] {dag.py:2972} INFO - Setting next_dagrun for example_branch_python_operator_decorator to 2022-08-10T00:00:00+00:00, run_after=2022-08-11T00:00:00+00:00
[2022-08-11 20:06:41,857] {processor.py:161} INFO - Processing /home/airflow/.local/lib/python3.7/site-packages/airflow/example_dags/example_branch_operator_decorator.py took 0.278 seconds
[2022-08-11 20:07:13,077] {processor.py:153} INFO - Started process (PID=272) to work on /home/airflow/.local/lib/python3.7/site-packages/airflow/example_dags/example_branch_operator_decorator.py
[2022-08-11 20:07:13,078] {processor.py:641} INFO - Processing file /home/airflow/.local/lib/python3.7/site-packages/airflow/example_dags/example_branch_operator_decorator.py for tasks to queue
[2022-08-11 20:07:13,079] {logging_mixin.py:115} INFO - [2022-08-11 20:07:13,079] {dagbag.py:508} INFO - Filling up the DagBag from /home/airflow/.local/lib/python3.7/site-packages/airflow/example_dags/example_branch_operator_decorator.py
[2022-08-11 20:07:13,097] {processor.py:651} INFO - DAG(s) dict_keys(['example_branch_python_operator_decorator']) retrieved from /home/airflow/.local/lib/python3.7/site-packages/airflow/example_dags/example_branch_operator_decorator.py
[2022-08-11 20:07:13,205] {logging_mixin.py:115} INFO - [2022-08-11 20:07:13,205] {dag.py:2420} INFO - Sync 1 DAGs
[2022-08-11 20:07:13,218] {logging_mixin.py:115} INFO - [2022-08-11 20:07:13,218] {dag.py:2972} INFO - Setting next_dagrun for example_branch_python_operator_decorator to 2022-08-10T00:00:00+00:00, run_after=2022-08-11T00:00:00+00:00
[2022-08-11 20:07:13,225] {processor.py:161} INFO - Processing /home/airflow/.local/lib/python3.7/site-packages/airflow/example_dags/example_branch_operator_decorator.py took 0.151 seconds
[2022-08-11 20:07:43,666] {processor.py:153} INFO - Started process (PID=330) to work on /home/airflow/.local/lib/python3.7/site-packages/airflow/example_dags/example_branch_operator_decorator.py
[2022-08-11 20:07:43,668] {processor.py:641} INFO - Processing file /home/airflow/.local/lib/python3.7/site-packages/airflow/example_dags/example_branch_operator_decorator.py for tasks to queue
[2022-08-11 20:07:43,670] {logging_mixin.py:115} INFO - [2022-08-11 20:07:43,669] {dagbag.py:508} INFO - Filling up the DagBag from /home/airflow/.local/lib/python3.7/site-packages/airflow/example_dags/example_branch_operator_decorator.py
[2022-08-11 20:07:43,717] {processor.py:651} INFO - DAG(s) dict_keys(['example_branch_python_operator_decorator']) retrieved from /home/airflow/.local/lib/python3.7/site-packages/airflow/example_dags/example_branch_operator_decorator.py
[2022-08-11 20:07:43,920] {logging_mixin.py:115} INFO - [2022-08-11 20:07:43,920] {dag.py:2420} INFO - Sync 1 DAGs
[2022-08-11 20:07:43,939] {logging_mixin.py:115} INFO - [2022-08-11 20:07:43,939] {dag.py:2972} INFO - Setting next_dagrun for example_branch_python_operator_decorator to 2022-08-10T00:00:00+00:00, run_after=2022-08-11T00:00:00+00:00
[2022-08-11 20:07:43,958] {processor.py:161} INFO - Processing /home/airflow/.local/lib/python3.7/site-packages/airflow/example_dags/example_branch_operator_decorator.py took 0.296 seconds
[2022-08-11 20:08:14,683] {processor.py:153} INFO - Started process (PID=382) to work on /home/airflow/.local/lib/python3.7/site-packages/airflow/example_dags/example_branch_operator_decorator.py
[2022-08-11 20:08:14,688] {processor.py:641} INFO - Processing file /home/airflow/.local/lib/python3.7/site-packages/airflow/example_dags/example_branch_operator_decorator.py for tasks to queue
[2022-08-11 20:08:14,693] {logging_mixin.py:115} INFO - [2022-08-11 20:08:14,693] {dagbag.py:508} INFO - Filling up the DagBag from /home/airflow/.local/lib/python3.7/site-packages/airflow/example_dags/example_branch_operator_decorator.py
[2022-08-11 20:08:14,738] {processor.py:651} INFO - DAG(s) dict_keys(['example_branch_python_operator_decorator']) retrieved from /home/airflow/.local/lib/python3.7/site-packages/airflow/example_dags/example_branch_operator_decorator.py
[2022-08-11 20:08:14,931] {logging_mixin.py:115} INFO - [2022-08-11 20:08:14,931] {dag.py:2420} INFO - Sync 1 DAGs
[2022-08-11 20:08:14,948] {logging_mixin.py:115} INFO - [2022-08-11 20:08:14,948] {dag.py:2972} INFO - Setting next_dagrun for example_branch_python_operator_decorator to 2022-08-10T00:00:00+00:00, run_after=2022-08-11T00:00:00+00:00
[2022-08-11 20:08:14,959] {processor.py:161} INFO - Processing /home/airflow/.local/lib/python3.7/site-packages/airflow/example_dags/example_branch_operator_decorator.py took 0.283 seconds
[2022-08-11 20:08:45,160] {processor.py:153} INFO - Started process (PID=444) to work on /home/airflow/.local/lib/python3.7/site-packages/airflow/example_dags/example_branch_operator_decorator.py
[2022-08-11 20:08:45,161] {processor.py:641} INFO - Processing file /home/airflow/.local/lib/python3.7/site-packages/airflow/example_dags/example_branch_operator_decorator.py for tasks to queue
[2022-08-11 20:08:45,162] {logging_mixin.py:115} INFO - [2022-08-11 20:08:45,162] {dagbag.py:508} INFO - Filling up the DagBag from /home/airflow/.local/lib/python3.7/site-packages/airflow/example_dags/example_branch_operator_decorator.py
[2022-08-11 20:08:45,177] {processor.py:651} INFO - DAG(s) dict_keys(['example_branch_python_operator_decorator']) retrieved from /home/airflow/.local/lib/python3.7/site-packages/airflow/example_dags/example_branch_operator_decorator.py
[2022-08-11 20:08:45,311] {logging_mixin.py:115} INFO - [2022-08-11 20:08:45,311] {dag.py:2420} INFO - Sync 1 DAGs
[2022-08-11 20:08:45,333] {logging_mixin.py:115} INFO - [2022-08-11 20:08:45,333] {dag.py:2972} INFO - Setting next_dagrun for example_branch_python_operator_decorator to 2022-08-10T00:00:00+00:00, run_after=2022-08-11T00:00:00+00:00
[2022-08-11 20:08:45,344] {processor.py:161} INFO - Processing /home/airflow/.local/lib/python3.7/site-packages/airflow/example_dags/example_branch_operator_decorator.py took 0.186 seconds
[2022-08-11 20:09:15,609] {processor.py:153} INFO - Started process (PID=504) to work on /home/airflow/.local/lib/python3.7/site-packages/airflow/example_dags/example_branch_operator_decorator.py
[2022-08-11 20:09:15,610] {processor.py:641} INFO - Processing file /home/airflow/.local/lib/python3.7/site-packages/airflow/example_dags/example_branch_operator_decorator.py for tasks to queue
[2022-08-11 20:09:15,611] {logging_mixin.py:115} INFO - [2022-08-11 20:09:15,611] {dagbag.py:508} INFO - Filling up the DagBag from /home/airflow/.local/lib/python3.7/site-packages/airflow/example_dags/example_branch_operator_decorator.py
[2022-08-11 20:09:15,625] {processor.py:651} INFO - DAG(s) dict_keys(['example_branch_python_operator_decorator']) retrieved from /home/airflow/.local/lib/python3.7/site-packages/airflow/example_dags/example_branch_operator_decorator.py
[2022-08-11 20:09:15,719] {logging_mixin.py:115} INFO - [2022-08-11 20:09:15,719] {dag.py:2420} INFO - Sync 1 DAGs
[2022-08-11 20:09:15,729] {logging_mixin.py:115} INFO - [2022-08-11 20:09:15,729] {dag.py:2972} INFO - Setting next_dagrun for example_branch_python_operator_decorator to 2022-08-10T00:00:00+00:00, run_after=2022-08-11T00:00:00+00:00
[2022-08-11 20:09:15,735] {processor.py:161} INFO - Processing /home/airflow/.local/lib/python3.7/site-packages/airflow/example_dags/example_branch_operator_decorator.py took 0.128 seconds
[2022-08-11 20:09:47,267] {processor.py:153} INFO - Started process (PID=563) to work on /home/airflow/.local/lib/python3.7/site-packages/airflow/example_dags/example_branch_operator_decorator.py
[2022-08-11 20:09:47,272] {processor.py:641} INFO - Processing file /home/airflow/.local/lib/python3.7/site-packages/airflow/example_dags/example_branch_operator_decorator.py for tasks to queue
[2022-08-11 20:09:47,278] {logging_mixin.py:115} INFO - [2022-08-11 20:09:47,278] {dagbag.py:508} INFO - Filling up the DagBag from /home/airflow/.local/lib/python3.7/site-packages/airflow/example_dags/example_branch_operator_decorator.py
[2022-08-11 20:09:47,367] {processor.py:651} INFO - DAG(s) dict_keys(['example_branch_python_operator_decorator']) retrieved from /home/airflow/.local/lib/python3.7/site-packages/airflow/example_dags/example_branch_operator_decorator.py
[2022-08-11 20:09:47,828] {logging_mixin.py:115} INFO - [2022-08-11 20:09:47,828] {dag.py:2420} INFO - Sync 1 DAGs
[2022-08-11 20:09:47,864] {logging_mixin.py:115} INFO - [2022-08-11 20:09:47,863] {dag.py:2972} INFO - Setting next_dagrun for example_branch_python_operator_decorator to 2022-08-10T00:00:00+00:00, run_after=2022-08-11T00:00:00+00:00
[2022-08-11 20:09:47,883] {processor.py:161} INFO - Processing /home/airflow/.local/lib/python3.7/site-packages/airflow/example_dags/example_branch_operator_decorator.py took 0.633 seconds
[2022-08-11 20:10:31,979] {processor.py:153} INFO - Started process (PID=606) to work on /home/airflow/.local/lib/python3.7/site-packages/airflow/example_dags/example_branch_operator_decorator.py
[2022-08-11 20:10:31,986] {processor.py:641} INFO - Processing file /home/airflow/.local/lib/python3.7/site-packages/airflow/example_dags/example_branch_operator_decorator.py for tasks to queue
[2022-08-11 20:10:31,989] {logging_mixin.py:115} INFO - [2022-08-11 20:10:31,989] {dagbag.py:508} INFO - Filling up the DagBag from /home/airflow/.local/lib/python3.7/site-packages/airflow/example_dags/example_branch_operator_decorator.py
[2022-08-11 20:10:32,032] {processor.py:651} INFO - DAG(s) dict_keys(['example_branch_python_operator_decorator']) retrieved from /home/airflow/.local/lib/python3.7/site-packages/airflow/example_dags/example_branch_operator_decorator.py
[2022-08-11 20:10:32,408] {logging_mixin.py:115} INFO - [2022-08-11 20:10:32,408] {dag.py:2420} INFO - Sync 1 DAGs
[2022-08-11 20:10:32,469] {logging_mixin.py:115} INFO - [2022-08-11 20:10:32,466] {dag.py:2972} INFO - Setting next_dagrun for example_branch_python_operator_decorator to 2022-08-10T00:00:00+00:00, run_after=2022-08-11T00:00:00+00:00
[2022-08-11 20:10:32,514] {processor.py:161} INFO - Processing /home/airflow/.local/lib/python3.7/site-packages/airflow/example_dags/example_branch_operator_decorator.py took 0.541 seconds
[2022-08-11 20:11:03,111] {processor.py:153} INFO - Started process (PID=667) to work on /home/airflow/.local/lib/python3.7/site-packages/airflow/example_dags/example_branch_operator_decorator.py
[2022-08-11 20:11:03,117] {processor.py:641} INFO - Processing file /home/airflow/.local/lib/python3.7/site-packages/airflow/example_dags/example_branch_operator_decorator.py for tasks to queue
[2022-08-11 20:11:03,120] {logging_mixin.py:115} INFO - [2022-08-11 20:11:03,120] {dagbag.py:508} INFO - Filling up the DagBag from /home/airflow/.local/lib/python3.7/site-packages/airflow/example_dags/example_branch_operator_decorator.py
[2022-08-11 20:11:03,141] {processor.py:651} INFO - DAG(s) dict_keys(['example_branch_python_operator_decorator']) retrieved from /home/airflow/.local/lib/python3.7/site-packages/airflow/example_dags/example_branch_operator_decorator.py
[2022-08-11 20:11:03,376] {logging_mixin.py:115} INFO - [2022-08-11 20:11:03,376] {dag.py:2420} INFO - Sync 1 DAGs
[2022-08-11 20:11:03,393] {logging_mixin.py:115} INFO - [2022-08-11 20:11:03,393] {dag.py:2972} INFO - Setting next_dagrun for example_branch_python_operator_decorator to 2022-08-10T00:00:00+00:00, run_after=2022-08-11T00:00:00+00:00
[2022-08-11 20:11:03,408] {processor.py:161} INFO - Processing /home/airflow/.local/lib/python3.7/site-packages/airflow/example_dags/example_branch_operator_decorator.py took 0.302 seconds
[2022-08-11 20:11:50,103] {processor.py:153} INFO - Started process (PID=729) to work on /home/airflow/.local/lib/python3.7/site-packages/airflow/example_dags/example_branch_operator_decorator.py
[2022-08-11 20:11:50,105] {processor.py:641} INFO - Processing file /home/airflow/.local/lib/python3.7/site-packages/airflow/example_dags/example_branch_operator_decorator.py for tasks to queue
[2022-08-11 20:11:50,110] {logging_mixin.py:115} INFO - [2022-08-11 20:11:50,110] {dagbag.py:508} INFO - Filling up the DagBag from /home/airflow/.local/lib/python3.7/site-packages/airflow/example_dags/example_branch_operator_decorator.py
[2022-08-11 20:11:50,138] {processor.py:651} INFO - DAG(s) dict_keys(['example_branch_python_operator_decorator']) retrieved from /home/airflow/.local/lib/python3.7/site-packages/airflow/example_dags/example_branch_operator_decorator.py
[2022-08-11 20:11:50,299] {logging_mixin.py:115} INFO - [2022-08-11 20:11:50,299] {dag.py:2420} INFO - Sync 1 DAGs
[2022-08-11 20:11:50,319] {logging_mixin.py:115} INFO - [2022-08-11 20:11:50,319] {dag.py:2972} INFO - Setting next_dagrun for example_branch_python_operator_decorator to 2022-08-10T00:00:00+00:00, run_after=2022-08-11T00:00:00+00:00
[2022-08-11 20:11:50,329] {processor.py:161} INFO - Processing /home/airflow/.local/lib/python3.7/site-packages/airflow/example_dags/example_branch_operator_decorator.py took 0.229 seconds
[2022-08-11 20:12:27,859] {processor.py:153} INFO - Started process (PID=791) to work on /home/airflow/.local/lib/python3.7/site-packages/airflow/example_dags/example_branch_operator_decorator.py
[2022-08-11 20:12:27,875] {processor.py:641} INFO - Processing file /home/airflow/.local/lib/python3.7/site-packages/airflow/example_dags/example_branch_operator_decorator.py for tasks to queue
[2022-08-11 20:12:27,882] {logging_mixin.py:115} INFO - [2022-08-11 20:12:27,882] {dagbag.py:508} INFO - Filling up the DagBag from /home/airflow/.local/lib/python3.7/site-packages/airflow/example_dags/example_branch_operator_decorator.py
[2022-08-11 20:12:28,147] {processor.py:651} INFO - DAG(s) dict_keys(['example_branch_python_operator_decorator']) retrieved from /home/airflow/.local/lib/python3.7/site-packages/airflow/example_dags/example_branch_operator_decorator.py
[2022-08-11 20:12:29,878] {logging_mixin.py:115} INFO - [2022-08-11 20:12:29,878] {dag.py:2420} INFO - Sync 1 DAGs
[2022-08-11 20:12:30,159] {logging_mixin.py:115} INFO - [2022-08-11 20:12:30,159] {dag.py:2972} INFO - Setting next_dagrun for example_branch_python_operator_decorator to 2022-08-10T00:00:00+00:00, run_after=2022-08-11T00:00:00+00:00
[2022-08-11 20:12:30,324] {processor.py:161} INFO - Processing /home/airflow/.local/lib/python3.7/site-packages/airflow/example_dags/example_branch_operator_decorator.py took 2.482 seconds
[2022-08-11 20:13:04,047] {processor.py:153} INFO - Started process (PID=843) to work on /home/airflow/.local/lib/python3.7/site-packages/airflow/example_dags/example_branch_operator_decorator.py
[2022-08-11 20:13:04,057] {processor.py:641} INFO - Processing file /home/airflow/.local/lib/python3.7/site-packages/airflow/example_dags/example_branch_operator_decorator.py for tasks to queue
[2022-08-11 20:13:04,063] {logging_mixin.py:115} INFO - [2022-08-11 20:13:04,063] {dagbag.py:508} INFO - Filling up the DagBag from /home/airflow/.local/lib/python3.7/site-packages/airflow/example_dags/example_branch_operator_decorator.py
[2022-08-11 20:13:04,118] {processor.py:651} INFO - DAG(s) dict_keys(['example_branch_python_operator_decorator']) retrieved from /home/airflow/.local/lib/python3.7/site-packages/airflow/example_dags/example_branch_operator_decorator.py
[2022-08-11 20:13:04,493] {logging_mixin.py:115} INFO - [2022-08-11 20:13:04,493] {dag.py:2420} INFO - Sync 1 DAGs
[2022-08-11 20:13:04,568] {logging_mixin.py:115} INFO - [2022-08-11 20:13:04,568] {dag.py:2972} INFO - Setting next_dagrun for example_branch_python_operator_decorator to 2022-08-10T00:00:00+00:00, run_after=2022-08-11T00:00:00+00:00
[2022-08-11 20:13:04,638] {processor.py:161} INFO - Processing /home/airflow/.local/lib/python3.7/site-packages/airflow/example_dags/example_branch_operator_decorator.py took 0.598 seconds
[2022-08-11 20:13:35,157] {processor.py:153} INFO - Started process (PID=897) to work on /home/airflow/.local/lib/python3.7/site-packages/airflow/example_dags/example_branch_operator_decorator.py
[2022-08-11 20:13:35,159] {processor.py:641} INFO - Processing file /home/airflow/.local/lib/python3.7/site-packages/airflow/example_dags/example_branch_operator_decorator.py for tasks to queue
[2022-08-11 20:13:35,160] {logging_mixin.py:115} INFO - [2022-08-11 20:13:35,160] {dagbag.py:508} INFO - Filling up the DagBag from /home/airflow/.local/lib/python3.7/site-packages/airflow/example_dags/example_branch_operator_decorator.py
[2022-08-11 20:13:35,193] {processor.py:651} INFO - DAG(s) dict_keys(['example_branch_python_operator_decorator']) retrieved from /home/airflow/.local/lib/python3.7/site-packages/airflow/example_dags/example_branch_operator_decorator.py
[2022-08-11 20:13:35,412] {logging_mixin.py:115} INFO - [2022-08-11 20:13:35,411] {dag.py:2420} INFO - Sync 1 DAGs
[2022-08-11 20:13:35,438] {logging_mixin.py:115} INFO - [2022-08-11 20:13:35,438] {dag.py:2972} INFO - Setting next_dagrun for example_branch_python_operator_decorator to 2022-08-10T00:00:00+00:00, run_after=2022-08-11T00:00:00+00:00
[2022-08-11 20:13:35,448] {processor.py:161} INFO - Processing /home/airflow/.local/lib/python3.7/site-packages/airflow/example_dags/example_branch_operator_decorator.py took 0.295 seconds
[2022-08-11 20:14:10,606] {processor.py:153} INFO - Started process (PID=949) to work on /home/airflow/.local/lib/python3.7/site-packages/airflow/example_dags/example_branch_operator_decorator.py
[2022-08-11 20:14:10,608] {processor.py:641} INFO - Processing file /home/airflow/.local/lib/python3.7/site-packages/airflow/example_dags/example_branch_operator_decorator.py for tasks to queue
[2022-08-11 20:14:10,609] {logging_mixin.py:115} INFO - [2022-08-11 20:14:10,609] {dagbag.py:508} INFO - Filling up the DagBag from /home/airflow/.local/lib/python3.7/site-packages/airflow/example_dags/example_branch_operator_decorator.py
[2022-08-11 20:14:10,626] {processor.py:651} INFO - DAG(s) dict_keys(['example_branch_python_operator_decorator']) retrieved from /home/airflow/.local/lib/python3.7/site-packages/airflow/example_dags/example_branch_operator_decorator.py
[2022-08-11 20:14:10,757] {logging_mixin.py:115} INFO - [2022-08-11 20:14:10,757] {dag.py:2420} INFO - Sync 1 DAGs
[2022-08-11 20:14:10,769] {logging_mixin.py:115} INFO - [2022-08-11 20:14:10,769] {dag.py:2972} INFO - Setting next_dagrun for example_branch_python_operator_decorator to 2022-08-10T00:00:00+00:00, run_after=2022-08-11T00:00:00+00:00
[2022-08-11 20:14:10,776] {processor.py:161} INFO - Processing /home/airflow/.local/lib/python3.7/site-packages/airflow/example_dags/example_branch_operator_decorator.py took 0.173 seconds
[2022-08-11 20:14:41,153] {processor.py:153} INFO - Started process (PID=1002) to work on /home/airflow/.local/lib/python3.7/site-packages/airflow/example_dags/example_branch_operator_decorator.py
[2022-08-11 20:14:41,154] {processor.py:641} INFO - Processing file /home/airflow/.local/lib/python3.7/site-packages/airflow/example_dags/example_branch_operator_decorator.py for tasks to queue
[2022-08-11 20:14:41,155] {logging_mixin.py:115} INFO - [2022-08-11 20:14:41,155] {dagbag.py:508} INFO - Filling up the DagBag from /home/airflow/.local/lib/python3.7/site-packages/airflow/example_dags/example_branch_operator_decorator.py
[2022-08-11 20:14:41,179] {processor.py:651} INFO - DAG(s) dict_keys(['example_branch_python_operator_decorator']) retrieved from /home/airflow/.local/lib/python3.7/site-packages/airflow/example_dags/example_branch_operator_decorator.py
[2022-08-11 20:14:41,547] {logging_mixin.py:115} INFO - [2022-08-11 20:14:41,547] {dag.py:2420} INFO - Sync 1 DAGs
[2022-08-11 20:14:41,580] {logging_mixin.py:115} INFO - [2022-08-11 20:14:41,580] {dag.py:2972} INFO - Setting next_dagrun for example_branch_python_operator_decorator to 2022-08-10T00:00:00+00:00, run_after=2022-08-11T00:00:00+00:00
[2022-08-11 20:14:41,635] {processor.py:161} INFO - Processing /home/airflow/.local/lib/python3.7/site-packages/airflow/example_dags/example_branch_operator_decorator.py took 0.484 seconds
[2022-08-11 20:15:13,688] {processor.py:153} INFO - Started process (PID=1059) to work on /home/airflow/.local/lib/python3.7/site-packages/airflow/example_dags/example_branch_operator_decorator.py
[2022-08-11 20:15:13,691] {processor.py:641} INFO - Processing file /home/airflow/.local/lib/python3.7/site-packages/airflow/example_dags/example_branch_operator_decorator.py for tasks to queue
[2022-08-11 20:15:13,692] {logging_mixin.py:115} INFO - [2022-08-11 20:15:13,692] {dagbag.py:508} INFO - Filling up the DagBag from /home/airflow/.local/lib/python3.7/site-packages/airflow/example_dags/example_branch_operator_decorator.py
[2022-08-11 20:15:13,733] {processor.py:651} INFO - DAG(s) dict_keys(['example_branch_python_operator_decorator']) retrieved from /home/airflow/.local/lib/python3.7/site-packages/airflow/example_dags/example_branch_operator_decorator.py
[2022-08-11 20:15:14,000] {logging_mixin.py:115} INFO - [2022-08-11 20:15:14,000] {dag.py:2420} INFO - Sync 1 DAGs
[2022-08-11 20:15:14,021] {logging_mixin.py:115} INFO - [2022-08-11 20:15:14,021] {dag.py:2972} INFO - Setting next_dagrun for example_branch_python_operator_decorator to 2022-08-10T00:00:00+00:00, run_after=2022-08-11T00:00:00+00:00
[2022-08-11 20:15:14,037] {processor.py:161} INFO - Processing /home/airflow/.local/lib/python3.7/site-packages/airflow/example_dags/example_branch_operator_decorator.py took 0.359 seconds
[2022-08-11 20:15:45,014] {processor.py:153} INFO - Started process (PID=1112) to work on /home/airflow/.local/lib/python3.7/site-packages/airflow/example_dags/example_branch_operator_decorator.py
[2022-08-11 20:15:45,022] {processor.py:641} INFO - Processing file /home/airflow/.local/lib/python3.7/site-packages/airflow/example_dags/example_branch_operator_decorator.py for tasks to queue
[2022-08-11 20:15:45,030] {logging_mixin.py:115} INFO - [2022-08-11 20:15:45,029] {dagbag.py:508} INFO - Filling up the DagBag from /home/airflow/.local/lib/python3.7/site-packages/airflow/example_dags/example_branch_operator_decorator.py
[2022-08-11 20:15:45,097] {processor.py:651} INFO - DAG(s) dict_keys(['example_branch_python_operator_decorator']) retrieved from /home/airflow/.local/lib/python3.7/site-packages/airflow/example_dags/example_branch_operator_decorator.py
[2022-08-11 20:15:45,363] {logging_mixin.py:115} INFO - [2022-08-11 20:15:45,363] {dag.py:2420} INFO - Sync 1 DAGs
[2022-08-11 20:15:45,393] {logging_mixin.py:115} INFO - [2022-08-11 20:15:45,393] {dag.py:2972} INFO - Setting next_dagrun for example_branch_python_operator_decorator to 2022-08-10T00:00:00+00:00, run_after=2022-08-11T00:00:00+00:00
[2022-08-11 20:15:45,400] {processor.py:161} INFO - Processing /home/airflow/.local/lib/python3.7/site-packages/airflow/example_dags/example_branch_operator_decorator.py took 0.401 seconds
