[2022-08-11 20:06:07,405] {processor.py:153} INFO - Started process (PID=139) to work on /home/airflow/.local/lib/python3.7/site-packages/airflow/example_dags/tutorial_etl_dag.py
[2022-08-11 20:06:07,407] {processor.py:641} INFO - Processing file /home/airflow/.local/lib/python3.7/site-packages/airflow/example_dags/tutorial_etl_dag.py for tasks to queue
[2022-08-11 20:06:07,411] {logging_mixin.py:115} INFO - [2022-08-11 20:06:07,410] {dagbag.py:508} INFO - Filling up the DagBag from /home/airflow/.local/lib/python3.7/site-packages/airflow/example_dags/tutorial_etl_dag.py
[2022-08-11 20:06:07,424] {processor.py:651} INFO - DAG(s) dict_keys(['tutorial_etl_dag']) retrieved from /home/airflow/.local/lib/python3.7/site-packages/airflow/example_dags/tutorial_etl_dag.py
[2022-08-11 20:06:07,461] {logging_mixin.py:115} INFO - [2022-08-11 20:06:07,461] {dag.py:2420} INFO - Sync 1 DAGs
[2022-08-11 20:06:07,604] {logging_mixin.py:115} INFO - [2022-08-11 20:06:07,604] {dag.py:2972} INFO - Setting next_dagrun for tutorial_etl_dag to None, run_after=None
[2022-08-11 20:06:07,616] {processor.py:161} INFO - Processing /home/airflow/.local/lib/python3.7/site-packages/airflow/example_dags/tutorial_etl_dag.py took 0.213 seconds
[2022-08-11 20:06:38,215] {processor.py:153} INFO - Started process (PID=193) to work on /home/airflow/.local/lib/python3.7/site-packages/airflow/example_dags/tutorial_etl_dag.py
[2022-08-11 20:06:38,218] {processor.py:641} INFO - Processing file /home/airflow/.local/lib/python3.7/site-packages/airflow/example_dags/tutorial_etl_dag.py for tasks to queue
[2022-08-11 20:06:38,220] {logging_mixin.py:115} INFO - [2022-08-11 20:06:38,220] {dagbag.py:508} INFO - Filling up the DagBag from /home/airflow/.local/lib/python3.7/site-packages/airflow/example_dags/tutorial_etl_dag.py
[2022-08-11 20:06:38,228] {processor.py:651} INFO - DAG(s) dict_keys(['tutorial_etl_dag']) retrieved from /home/airflow/.local/lib/python3.7/site-packages/airflow/example_dags/tutorial_etl_dag.py
[2022-08-11 20:06:38,275] {logging_mixin.py:115} INFO - [2022-08-11 20:06:38,274] {dag.py:2420} INFO - Sync 1 DAGs
[2022-08-11 20:06:38,470] {logging_mixin.py:115} INFO - [2022-08-11 20:06:38,470] {dag.py:2972} INFO - Setting next_dagrun for tutorial_etl_dag to None, run_after=None
[2022-08-11 20:06:38,483] {processor.py:161} INFO - Processing /home/airflow/.local/lib/python3.7/site-packages/airflow/example_dags/tutorial_etl_dag.py took 0.271 seconds
[2022-08-11 20:07:09,884] {processor.py:153} INFO - Started process (PID=255) to work on /home/airflow/.local/lib/python3.7/site-packages/airflow/example_dags/tutorial_etl_dag.py
[2022-08-11 20:07:09,889] {processor.py:641} INFO - Processing file /home/airflow/.local/lib/python3.7/site-packages/airflow/example_dags/tutorial_etl_dag.py for tasks to queue
[2022-08-11 20:07:09,890] {logging_mixin.py:115} INFO - [2022-08-11 20:07:09,890] {dagbag.py:508} INFO - Filling up the DagBag from /home/airflow/.local/lib/python3.7/site-packages/airflow/example_dags/tutorial_etl_dag.py
[2022-08-11 20:07:09,899] {processor.py:651} INFO - DAG(s) dict_keys(['tutorial_etl_dag']) retrieved from /home/airflow/.local/lib/python3.7/site-packages/airflow/example_dags/tutorial_etl_dag.py
[2022-08-11 20:07:09,942] {logging_mixin.py:115} INFO - [2022-08-11 20:07:09,942] {dag.py:2420} INFO - Sync 1 DAGs
[2022-08-11 20:07:10,166] {logging_mixin.py:115} INFO - [2022-08-11 20:07:10,166] {dag.py:2972} INFO - Setting next_dagrun for tutorial_etl_dag to None, run_after=None
[2022-08-11 20:07:10,189] {processor.py:161} INFO - Processing /home/airflow/.local/lib/python3.7/site-packages/airflow/example_dags/tutorial_etl_dag.py took 0.309 seconds
[2022-08-11 20:07:41,106] {processor.py:153} INFO - Started process (PID=308) to work on /home/airflow/.local/lib/python3.7/site-packages/airflow/example_dags/tutorial_etl_dag.py
[2022-08-11 20:07:41,108] {processor.py:641} INFO - Processing file /home/airflow/.local/lib/python3.7/site-packages/airflow/example_dags/tutorial_etl_dag.py for tasks to queue
[2022-08-11 20:07:41,110] {logging_mixin.py:115} INFO - [2022-08-11 20:07:41,110] {dagbag.py:508} INFO - Filling up the DagBag from /home/airflow/.local/lib/python3.7/site-packages/airflow/example_dags/tutorial_etl_dag.py
[2022-08-11 20:07:41,119] {processor.py:651} INFO - DAG(s) dict_keys(['tutorial_etl_dag']) retrieved from /home/airflow/.local/lib/python3.7/site-packages/airflow/example_dags/tutorial_etl_dag.py
[2022-08-11 20:07:41,146] {logging_mixin.py:115} INFO - [2022-08-11 20:07:41,146] {dag.py:2420} INFO - Sync 1 DAGs
[2022-08-11 20:07:41,387] {logging_mixin.py:115} INFO - [2022-08-11 20:07:41,387] {dag.py:2972} INFO - Setting next_dagrun for tutorial_etl_dag to None, run_after=None
[2022-08-11 20:07:41,412] {processor.py:161} INFO - Processing /home/airflow/.local/lib/python3.7/site-packages/airflow/example_dags/tutorial_etl_dag.py took 0.309 seconds
[2022-08-11 20:08:12,099] {processor.py:153} INFO - Started process (PID=368) to work on /home/airflow/.local/lib/python3.7/site-packages/airflow/example_dags/tutorial_etl_dag.py
[2022-08-11 20:08:12,105] {processor.py:641} INFO - Processing file /home/airflow/.local/lib/python3.7/site-packages/airflow/example_dags/tutorial_etl_dag.py for tasks to queue
[2022-08-11 20:08:12,113] {logging_mixin.py:115} INFO - [2022-08-11 20:08:12,113] {dagbag.py:508} INFO - Filling up the DagBag from /home/airflow/.local/lib/python3.7/site-packages/airflow/example_dags/tutorial_etl_dag.py
[2022-08-11 20:08:12,156] {processor.py:651} INFO - DAG(s) dict_keys(['tutorial_etl_dag']) retrieved from /home/airflow/.local/lib/python3.7/site-packages/airflow/example_dags/tutorial_etl_dag.py
[2022-08-11 20:08:12,404] {logging_mixin.py:115} INFO - [2022-08-11 20:08:12,403] {dag.py:2420} INFO - Sync 1 DAGs
[2022-08-11 20:08:12,766] {logging_mixin.py:115} INFO - [2022-08-11 20:08:12,765] {dag.py:2972} INFO - Setting next_dagrun for tutorial_etl_dag to None, run_after=None
[2022-08-11 20:08:12,788] {processor.py:161} INFO - Processing /home/airflow/.local/lib/python3.7/site-packages/airflow/example_dags/tutorial_etl_dag.py took 0.704 seconds
[2022-08-11 20:08:43,197] {processor.py:153} INFO - Started process (PID=430) to work on /home/airflow/.local/lib/python3.7/site-packages/airflow/example_dags/tutorial_etl_dag.py
[2022-08-11 20:08:43,201] {processor.py:641} INFO - Processing file /home/airflow/.local/lib/python3.7/site-packages/airflow/example_dags/tutorial_etl_dag.py for tasks to queue
[2022-08-11 20:08:43,204] {logging_mixin.py:115} INFO - [2022-08-11 20:08:43,204] {dagbag.py:508} INFO - Filling up the DagBag from /home/airflow/.local/lib/python3.7/site-packages/airflow/example_dags/tutorial_etl_dag.py
[2022-08-11 20:08:43,216] {processor.py:651} INFO - DAG(s) dict_keys(['tutorial_etl_dag']) retrieved from /home/airflow/.local/lib/python3.7/site-packages/airflow/example_dags/tutorial_etl_dag.py
[2022-08-11 20:08:43,262] {logging_mixin.py:115} INFO - [2022-08-11 20:08:43,262] {dag.py:2420} INFO - Sync 1 DAGs
[2022-08-11 20:08:43,505] {logging_mixin.py:115} INFO - [2022-08-11 20:08:43,505] {dag.py:2972} INFO - Setting next_dagrun for tutorial_etl_dag to None, run_after=None
[2022-08-11 20:08:43,519] {processor.py:161} INFO - Processing /home/airflow/.local/lib/python3.7/site-packages/airflow/example_dags/tutorial_etl_dag.py took 0.328 seconds
[2022-08-11 20:09:13,744] {processor.py:153} INFO - Started process (PID=492) to work on /home/airflow/.local/lib/python3.7/site-packages/airflow/example_dags/tutorial_etl_dag.py
[2022-08-11 20:09:13,746] {processor.py:641} INFO - Processing file /home/airflow/.local/lib/python3.7/site-packages/airflow/example_dags/tutorial_etl_dag.py for tasks to queue
[2022-08-11 20:09:13,748] {logging_mixin.py:115} INFO - [2022-08-11 20:09:13,748] {dagbag.py:508} INFO - Filling up the DagBag from /home/airflow/.local/lib/python3.7/site-packages/airflow/example_dags/tutorial_etl_dag.py
[2022-08-11 20:09:13,756] {processor.py:651} INFO - DAG(s) dict_keys(['tutorial_etl_dag']) retrieved from /home/airflow/.local/lib/python3.7/site-packages/airflow/example_dags/tutorial_etl_dag.py
[2022-08-11 20:09:13,799] {logging_mixin.py:115} INFO - [2022-08-11 20:09:13,799] {dag.py:2420} INFO - Sync 1 DAGs
[2022-08-11 20:09:14,111] {logging_mixin.py:115} INFO - [2022-08-11 20:09:14,111] {dag.py:2972} INFO - Setting next_dagrun for tutorial_etl_dag to None, run_after=None
[2022-08-11 20:09:14,125] {processor.py:161} INFO - Processing /home/airflow/.local/lib/python3.7/site-packages/airflow/example_dags/tutorial_etl_dag.py took 0.383 seconds
[2022-08-11 20:09:44,792] {processor.py:153} INFO - Started process (PID=546) to work on /home/airflow/.local/lib/python3.7/site-packages/airflow/example_dags/tutorial_etl_dag.py
[2022-08-11 20:09:44,793] {processor.py:641} INFO - Processing file /home/airflow/.local/lib/python3.7/site-packages/airflow/example_dags/tutorial_etl_dag.py for tasks to queue
[2022-08-11 20:09:44,794] {logging_mixin.py:115} INFO - [2022-08-11 20:09:44,794] {dagbag.py:508} INFO - Filling up the DagBag from /home/airflow/.local/lib/python3.7/site-packages/airflow/example_dags/tutorial_etl_dag.py
[2022-08-11 20:09:44,801] {processor.py:651} INFO - DAG(s) dict_keys(['tutorial_etl_dag']) retrieved from /home/airflow/.local/lib/python3.7/site-packages/airflow/example_dags/tutorial_etl_dag.py
[2022-08-11 20:09:44,827] {logging_mixin.py:115} INFO - [2022-08-11 20:09:44,827] {dag.py:2420} INFO - Sync 1 DAGs
[2022-08-11 20:09:44,965] {logging_mixin.py:115} INFO - [2022-08-11 20:09:44,965] {dag.py:2972} INFO - Setting next_dagrun for tutorial_etl_dag to None, run_after=None
[2022-08-11 20:09:44,973] {processor.py:161} INFO - Processing /home/airflow/.local/lib/python3.7/site-packages/airflow/example_dags/tutorial_etl_dag.py took 0.185 seconds
[2022-08-11 20:10:39,306] {processor.py:153} INFO - Started process (PID=629) to work on /home/airflow/.local/lib/python3.7/site-packages/airflow/example_dags/tutorial_etl_dag.py
[2022-08-11 20:10:39,309] {processor.py:641} INFO - Processing file /home/airflow/.local/lib/python3.7/site-packages/airflow/example_dags/tutorial_etl_dag.py for tasks to queue
[2022-08-11 20:10:39,325] {logging_mixin.py:115} INFO - [2022-08-11 20:10:39,324] {dagbag.py:508} INFO - Filling up the DagBag from /home/airflow/.local/lib/python3.7/site-packages/airflow/example_dags/tutorial_etl_dag.py
[2022-08-11 20:10:39,337] {processor.py:651} INFO - DAG(s) dict_keys(['tutorial_etl_dag']) retrieved from /home/airflow/.local/lib/python3.7/site-packages/airflow/example_dags/tutorial_etl_dag.py
[2022-08-11 20:10:39,375] {logging_mixin.py:115} INFO - [2022-08-11 20:10:39,375] {dag.py:2420} INFO - Sync 1 DAGs
[2022-08-11 20:10:39,584] {logging_mixin.py:115} INFO - [2022-08-11 20:10:39,583] {dag.py:2972} INFO - Setting next_dagrun for tutorial_etl_dag to None, run_after=None
[2022-08-11 20:10:39,606] {processor.py:161} INFO - Processing /home/airflow/.local/lib/python3.7/site-packages/airflow/example_dags/tutorial_etl_dag.py took 0.303 seconds
[2022-08-11 20:11:10,451] {processor.py:153} INFO - Started process (PID=690) to work on /home/airflow/.local/lib/python3.7/site-packages/airflow/example_dags/tutorial_etl_dag.py
[2022-08-11 20:11:10,457] {processor.py:641} INFO - Processing file /home/airflow/.local/lib/python3.7/site-packages/airflow/example_dags/tutorial_etl_dag.py for tasks to queue
[2022-08-11 20:11:10,459] {logging_mixin.py:115} INFO - [2022-08-11 20:11:10,459] {dagbag.py:508} INFO - Filling up the DagBag from /home/airflow/.local/lib/python3.7/site-packages/airflow/example_dags/tutorial_etl_dag.py
[2022-08-11 20:11:10,470] {processor.py:651} INFO - DAG(s) dict_keys(['tutorial_etl_dag']) retrieved from /home/airflow/.local/lib/python3.7/site-packages/airflow/example_dags/tutorial_etl_dag.py
[2022-08-11 20:11:10,525] {logging_mixin.py:115} INFO - [2022-08-11 20:11:10,525] {dag.py:2420} INFO - Sync 1 DAGs
[2022-08-11 20:11:10,901] {logging_mixin.py:115} INFO - [2022-08-11 20:11:10,901] {dag.py:2972} INFO - Setting next_dagrun for tutorial_etl_dag to None, run_after=None
[2022-08-11 20:11:10,924] {processor.py:161} INFO - Processing /home/airflow/.local/lib/python3.7/site-packages/airflow/example_dags/tutorial_etl_dag.py took 0.480 seconds
[2022-08-11 20:11:53,450] {processor.py:153} INFO - Started process (PID=743) to work on /home/airflow/.local/lib/python3.7/site-packages/airflow/example_dags/tutorial_etl_dag.py
[2022-08-11 20:11:53,456] {processor.py:641} INFO - Processing file /home/airflow/.local/lib/python3.7/site-packages/airflow/example_dags/tutorial_etl_dag.py for tasks to queue
[2022-08-11 20:11:53,458] {logging_mixin.py:115} INFO - [2022-08-11 20:11:53,458] {dagbag.py:508} INFO - Filling up the DagBag from /home/airflow/.local/lib/python3.7/site-packages/airflow/example_dags/tutorial_etl_dag.py
[2022-08-11 20:11:53,471] {processor.py:651} INFO - DAG(s) dict_keys(['tutorial_etl_dag']) retrieved from /home/airflow/.local/lib/python3.7/site-packages/airflow/example_dags/tutorial_etl_dag.py
[2022-08-11 20:11:53,541] {logging_mixin.py:115} INFO - [2022-08-11 20:11:53,541] {dag.py:2420} INFO - Sync 1 DAGs
[2022-08-11 20:11:53,988] {logging_mixin.py:115} INFO - [2022-08-11 20:11:53,988] {dag.py:2972} INFO - Setting next_dagrun for tutorial_etl_dag to None, run_after=None
[2022-08-11 20:11:54,017] {processor.py:161} INFO - Processing /home/airflow/.local/lib/python3.7/site-packages/airflow/example_dags/tutorial_etl_dag.py took 0.573 seconds
[2022-08-11 20:12:33,208] {processor.py:153} INFO - Started process (PID=807) to work on /home/airflow/.local/lib/python3.7/site-packages/airflow/example_dags/tutorial_etl_dag.py
[2022-08-11 20:12:33,210] {processor.py:641} INFO - Processing file /home/airflow/.local/lib/python3.7/site-packages/airflow/example_dags/tutorial_etl_dag.py for tasks to queue
[2022-08-11 20:12:33,212] {logging_mixin.py:115} INFO - [2022-08-11 20:12:33,212] {dagbag.py:508} INFO - Filling up the DagBag from /home/airflow/.local/lib/python3.7/site-packages/airflow/example_dags/tutorial_etl_dag.py
[2022-08-11 20:12:33,220] {processor.py:651} INFO - DAG(s) dict_keys(['tutorial_etl_dag']) retrieved from /home/airflow/.local/lib/python3.7/site-packages/airflow/example_dags/tutorial_etl_dag.py
[2022-08-11 20:12:33,246] {logging_mixin.py:115} INFO - [2022-08-11 20:12:33,245] {dag.py:2420} INFO - Sync 1 DAGs
[2022-08-11 20:12:33,379] {logging_mixin.py:115} INFO - [2022-08-11 20:12:33,379] {dag.py:2972} INFO - Setting next_dagrun for tutorial_etl_dag to None, run_after=None
[2022-08-11 20:12:33,390] {processor.py:161} INFO - Processing /home/airflow/.local/lib/python3.7/site-packages/airflow/example_dags/tutorial_etl_dag.py took 0.186 seconds
[2022-08-11 20:13:09,228] {processor.py:153} INFO - Started process (PID=859) to work on /home/airflow/.local/lib/python3.7/site-packages/airflow/example_dags/tutorial_etl_dag.py
[2022-08-11 20:13:09,229] {processor.py:641} INFO - Processing file /home/airflow/.local/lib/python3.7/site-packages/airflow/example_dags/tutorial_etl_dag.py for tasks to queue
[2022-08-11 20:13:09,231] {logging_mixin.py:115} INFO - [2022-08-11 20:13:09,231] {dagbag.py:508} INFO - Filling up the DagBag from /home/airflow/.local/lib/python3.7/site-packages/airflow/example_dags/tutorial_etl_dag.py
[2022-08-11 20:13:09,248] {processor.py:651} INFO - DAG(s) dict_keys(['tutorial_etl_dag']) retrieved from /home/airflow/.local/lib/python3.7/site-packages/airflow/example_dags/tutorial_etl_dag.py
[2022-08-11 20:13:09,290] {logging_mixin.py:115} INFO - [2022-08-11 20:13:09,290] {dag.py:2420} INFO - Sync 1 DAGs
[2022-08-11 20:13:09,514] {logging_mixin.py:115} INFO - [2022-08-11 20:13:09,514] {dag.py:2972} INFO - Setting next_dagrun for tutorial_etl_dag to None, run_after=None
[2022-08-11 20:13:09,529] {processor.py:161} INFO - Processing /home/airflow/.local/lib/python3.7/site-packages/airflow/example_dags/tutorial_etl_dag.py took 0.305 seconds
[2022-08-11 20:13:40,495] {processor.py:153} INFO - Started process (PID=913) to work on /home/airflow/.local/lib/python3.7/site-packages/airflow/example_dags/tutorial_etl_dag.py
[2022-08-11 20:13:40,496] {processor.py:641} INFO - Processing file /home/airflow/.local/lib/python3.7/site-packages/airflow/example_dags/tutorial_etl_dag.py for tasks to queue
[2022-08-11 20:13:40,498] {logging_mixin.py:115} INFO - [2022-08-11 20:13:40,498] {dagbag.py:508} INFO - Filling up the DagBag from /home/airflow/.local/lib/python3.7/site-packages/airflow/example_dags/tutorial_etl_dag.py
[2022-08-11 20:13:40,513] {processor.py:651} INFO - DAG(s) dict_keys(['tutorial_etl_dag']) retrieved from /home/airflow/.local/lib/python3.7/site-packages/airflow/example_dags/tutorial_etl_dag.py
[2022-08-11 20:13:40,558] {logging_mixin.py:115} INFO - [2022-08-11 20:13:40,558] {dag.py:2420} INFO - Sync 1 DAGs
[2022-08-11 20:13:41,034] {logging_mixin.py:115} INFO - [2022-08-11 20:13:41,033] {dag.py:2972} INFO - Setting next_dagrun for tutorial_etl_dag to None, run_after=None
[2022-08-11 20:13:41,150] {processor.py:161} INFO - Processing /home/airflow/.local/lib/python3.7/site-packages/airflow/example_dags/tutorial_etl_dag.py took 0.659 seconds
[2022-08-11 20:14:12,761] {processor.py:153} INFO - Started process (PID=965) to work on /home/airflow/.local/lib/python3.7/site-packages/airflow/example_dags/tutorial_etl_dag.py
[2022-08-11 20:14:12,763] {processor.py:641} INFO - Processing file /home/airflow/.local/lib/python3.7/site-packages/airflow/example_dags/tutorial_etl_dag.py for tasks to queue
[2022-08-11 20:14:12,764] {logging_mixin.py:115} INFO - [2022-08-11 20:14:12,764] {dagbag.py:508} INFO - Filling up the DagBag from /home/airflow/.local/lib/python3.7/site-packages/airflow/example_dags/tutorial_etl_dag.py
[2022-08-11 20:14:12,772] {processor.py:651} INFO - DAG(s) dict_keys(['tutorial_etl_dag']) retrieved from /home/airflow/.local/lib/python3.7/site-packages/airflow/example_dags/tutorial_etl_dag.py
[2022-08-11 20:14:12,793] {logging_mixin.py:115} INFO - [2022-08-11 20:14:12,793] {dag.py:2420} INFO - Sync 1 DAGs
[2022-08-11 20:14:12,885] {logging_mixin.py:115} INFO - [2022-08-11 20:14:12,885] {dag.py:2972} INFO - Setting next_dagrun for tutorial_etl_dag to None, run_after=None
[2022-08-11 20:14:12,895] {processor.py:161} INFO - Processing /home/airflow/.local/lib/python3.7/site-packages/airflow/example_dags/tutorial_etl_dag.py took 0.136 seconds
[2022-08-11 20:14:48,327] {processor.py:153} INFO - Started process (PID=1027) to work on /home/airflow/.local/lib/python3.7/site-packages/airflow/example_dags/tutorial_etl_dag.py
[2022-08-11 20:14:48,329] {processor.py:641} INFO - Processing file /home/airflow/.local/lib/python3.7/site-packages/airflow/example_dags/tutorial_etl_dag.py for tasks to queue
[2022-08-11 20:14:48,331] {logging_mixin.py:115} INFO - [2022-08-11 20:14:48,331] {dagbag.py:508} INFO - Filling up the DagBag from /home/airflow/.local/lib/python3.7/site-packages/airflow/example_dags/tutorial_etl_dag.py
[2022-08-11 20:14:48,340] {processor.py:651} INFO - DAG(s) dict_keys(['tutorial_etl_dag']) retrieved from /home/airflow/.local/lib/python3.7/site-packages/airflow/example_dags/tutorial_etl_dag.py
[2022-08-11 20:14:48,360] {logging_mixin.py:115} INFO - [2022-08-11 20:14:48,360] {dag.py:2420} INFO - Sync 1 DAGs
[2022-08-11 20:14:48,466] {logging_mixin.py:115} INFO - [2022-08-11 20:14:48,466] {dag.py:2972} INFO - Setting next_dagrun for tutorial_etl_dag to None, run_after=None
[2022-08-11 20:14:48,474] {processor.py:161} INFO - Processing /home/airflow/.local/lib/python3.7/site-packages/airflow/example_dags/tutorial_etl_dag.py took 0.151 seconds
[2022-08-11 20:15:19,324] {processor.py:153} INFO - Started process (PID=1079) to work on /home/airflow/.local/lib/python3.7/site-packages/airflow/example_dags/tutorial_etl_dag.py
[2022-08-11 20:15:19,327] {processor.py:641} INFO - Processing file /home/airflow/.local/lib/python3.7/site-packages/airflow/example_dags/tutorial_etl_dag.py for tasks to queue
[2022-08-11 20:15:19,329] {logging_mixin.py:115} INFO - [2022-08-11 20:15:19,329] {dagbag.py:508} INFO - Filling up the DagBag from /home/airflow/.local/lib/python3.7/site-packages/airflow/example_dags/tutorial_etl_dag.py
[2022-08-11 20:15:19,341] {processor.py:651} INFO - DAG(s) dict_keys(['tutorial_etl_dag']) retrieved from /home/airflow/.local/lib/python3.7/site-packages/airflow/example_dags/tutorial_etl_dag.py
[2022-08-11 20:15:19,367] {logging_mixin.py:115} INFO - [2022-08-11 20:15:19,367] {dag.py:2420} INFO - Sync 1 DAGs
[2022-08-11 20:15:19,541] {logging_mixin.py:115} INFO - [2022-08-11 20:15:19,541] {dag.py:2972} INFO - Setting next_dagrun for tutorial_etl_dag to None, run_after=None
[2022-08-11 20:15:19,559] {processor.py:161} INFO - Processing /home/airflow/.local/lib/python3.7/site-packages/airflow/example_dags/tutorial_etl_dag.py took 0.238 seconds
[2022-08-11 20:15:49,724] {processor.py:153} INFO - Started process (PID=1141) to work on /home/airflow/.local/lib/python3.7/site-packages/airflow/example_dags/tutorial_etl_dag.py
[2022-08-11 20:15:49,727] {processor.py:641} INFO - Processing file /home/airflow/.local/lib/python3.7/site-packages/airflow/example_dags/tutorial_etl_dag.py for tasks to queue
[2022-08-11 20:15:49,729] {logging_mixin.py:115} INFO - [2022-08-11 20:15:49,728] {dagbag.py:508} INFO - Filling up the DagBag from /home/airflow/.local/lib/python3.7/site-packages/airflow/example_dags/tutorial_etl_dag.py
[2022-08-11 20:15:49,735] {processor.py:651} INFO - DAG(s) dict_keys(['tutorial_etl_dag']) retrieved from /home/airflow/.local/lib/python3.7/site-packages/airflow/example_dags/tutorial_etl_dag.py
[2022-08-11 20:15:49,755] {logging_mixin.py:115} INFO - [2022-08-11 20:15:49,755] {dag.py:2420} INFO - Sync 1 DAGs
[2022-08-11 20:15:49,894] {logging_mixin.py:115} INFO - [2022-08-11 20:15:49,894] {dag.py:2972} INFO - Setting next_dagrun for tutorial_etl_dag to None, run_after=None
[2022-08-11 20:15:49,911] {processor.py:161} INFO - Processing /home/airflow/.local/lib/python3.7/site-packages/airflow/example_dags/tutorial_etl_dag.py took 0.190 seconds
