[2022-08-11 20:02:13,198] {processor.py:153} INFO - Started process (PID=52) to work on /opt/airflow/dags/master_DAG_script.py
[2022-08-11 20:02:13,209] {processor.py:641} INFO - Processing file /opt/airflow/dags/master_DAG_script.py for tasks to queue
[2022-08-11 20:02:13,212] {logging_mixin.py:115} INFO - [2022-08-11 20:02:13,212] {dagbag.py:508} INFO - Filling up the DagBag from /opt/airflow/dags/master_DAG_script.py
[2022-08-11 20:02:13,465] {logging_mixin.py:115} INFO - [2022-08-11 20:02:13,465] {crypto.py:82} WARNING - empty cryptography key - values will not be stored encrypted.
[2022-08-11 20:02:13,543] {processor.py:651} INFO - DAG(s) dict_keys(['nytimes_bestsellers_extract']) retrieved from /opt/airflow/dags/master_DAG_script.py
[2022-08-11 20:02:17,849] {logging_mixin.py:115} INFO - [2022-08-11 20:02:17,849] {dag.py:2420} INFO - Sync 1 DAGs
[2022-08-11 20:02:17,994] {logging_mixin.py:115} INFO - [2022-08-11 20:02:17,994] {dag.py:2972} INFO - Setting next_dagrun for nytimes_bestsellers_extract to 2022-08-11T04:07:55.409651+00:00, run_after=2022-08-12T00:00:00+00:00
[2022-08-11 20:02:18,079] {processor.py:161} INFO - Processing /opt/airflow/dags/master_DAG_script.py took 4.965 seconds
[2022-08-11 20:06:09,595] {processor.py:153} INFO - Started process (PID=150) to work on /opt/airflow/dags/master_DAG_script.py
[2022-08-11 20:06:09,596] {processor.py:641} INFO - Processing file /opt/airflow/dags/master_DAG_script.py for tasks to queue
[2022-08-11 20:06:09,598] {logging_mixin.py:115} INFO - [2022-08-11 20:06:09,598] {dagbag.py:508} INFO - Filling up the DagBag from /opt/airflow/dags/master_DAG_script.py
[2022-08-11 20:06:09,677] {logging_mixin.py:115} INFO - [2022-08-11 20:06:09,677] {crypto.py:82} WARNING - empty cryptography key - values will not be stored encrypted.
[2022-08-11 20:06:09,685] {processor.py:651} INFO - DAG(s) dict_keys(['nytimes_bestsellers_extract']) retrieved from /opt/airflow/dags/master_DAG_script.py
[2022-08-11 20:06:09,836] {logging_mixin.py:115} INFO - [2022-08-11 20:06:09,836] {dag.py:2420} INFO - Sync 1 DAGs
[2022-08-11 20:06:09,854] {logging_mixin.py:115} INFO - [2022-08-11 20:06:09,854] {dag.py:2972} INFO - Setting next_dagrun for nytimes_bestsellers_extract to 2022-08-11T04:07:55.409651+00:00, run_after=2022-08-12T00:00:00+00:00
[2022-08-11 20:06:09,863] {processor.py:161} INFO - Processing /opt/airflow/dags/master_DAG_script.py took 0.271 seconds
[2022-08-11 20:06:39,934] {processor.py:153} INFO - Started process (PID=203) to work on /opt/airflow/dags/master_DAG_script.py
[2022-08-11 20:06:39,947] {processor.py:641} INFO - Processing file /opt/airflow/dags/master_DAG_script.py for tasks to queue
[2022-08-11 20:06:39,951] {logging_mixin.py:115} INFO - [2022-08-11 20:06:39,951] {dagbag.py:508} INFO - Filling up the DagBag from /opt/airflow/dags/master_DAG_script.py
[2022-08-11 20:06:40,056] {logging_mixin.py:115} INFO - [2022-08-11 20:06:40,055] {crypto.py:82} WARNING - empty cryptography key - values will not be stored encrypted.
[2022-08-11 20:06:40,075] {processor.py:651} INFO - DAG(s) dict_keys(['nytimes_bestsellers_extract']) retrieved from /opt/airflow/dags/master_DAG_script.py
[2022-08-11 20:06:40,422] {logging_mixin.py:115} INFO - [2022-08-11 20:06:40,422] {dag.py:2420} INFO - Sync 1 DAGs
[2022-08-11 20:06:40,452] {logging_mixin.py:115} INFO - [2022-08-11 20:06:40,452] {dag.py:2972} INFO - Setting next_dagrun for nytimes_bestsellers_extract to 2022-08-11T04:07:55.409651+00:00, run_after=2022-08-12T00:00:00+00:00
[2022-08-11 20:06:40,466] {processor.py:161} INFO - Processing /opt/airflow/dags/master_DAG_script.py took 0.538 seconds
[2022-08-11 20:07:11,527] {processor.py:153} INFO - Started process (PID=262) to work on /opt/airflow/dags/master_DAG_script.py
[2022-08-11 20:07:11,530] {processor.py:641} INFO - Processing file /opt/airflow/dags/master_DAG_script.py for tasks to queue
[2022-08-11 20:07:11,535] {logging_mixin.py:115} INFO - [2022-08-11 20:07:11,534] {dagbag.py:508} INFO - Filling up the DagBag from /opt/airflow/dags/master_DAG_script.py
[2022-08-11 20:07:11,581] {logging_mixin.py:115} INFO - [2022-08-11 20:07:11,581] {crypto.py:82} WARNING - empty cryptography key - values will not be stored encrypted.
[2022-08-11 20:07:11,602] {processor.py:651} INFO - DAG(s) dict_keys(['nytimes_bestsellers_extract']) retrieved from /opt/airflow/dags/master_DAG_script.py
[2022-08-11 20:07:11,749] {logging_mixin.py:115} INFO - [2022-08-11 20:07:11,749] {dag.py:2420} INFO - Sync 1 DAGs
[2022-08-11 20:07:11,766] {logging_mixin.py:115} INFO - [2022-08-11 20:07:11,766] {dag.py:2972} INFO - Setting next_dagrun for nytimes_bestsellers_extract to 2022-08-11T04:07:55.409651+00:00, run_after=2022-08-12T00:00:00+00:00
[2022-08-11 20:07:11,773] {processor.py:161} INFO - Processing /opt/airflow/dags/master_DAG_script.py took 0.249 seconds
[2022-08-11 20:07:41,876] {processor.py:153} INFO - Started process (PID=311) to work on /opt/airflow/dags/master_DAG_script.py
[2022-08-11 20:07:41,880] {processor.py:641} INFO - Processing file /opt/airflow/dags/master_DAG_script.py for tasks to queue
[2022-08-11 20:07:41,883] {logging_mixin.py:115} INFO - [2022-08-11 20:07:41,882] {dagbag.py:508} INFO - Filling up the DagBag from /opt/airflow/dags/master_DAG_script.py
[2022-08-11 20:07:41,954] {logging_mixin.py:115} INFO - [2022-08-11 20:07:41,954] {crypto.py:82} WARNING - empty cryptography key - values will not be stored encrypted.
[2022-08-11 20:07:41,969] {processor.py:651} INFO - DAG(s) dict_keys(['nytimes_bestsellers_extract']) retrieved from /opt/airflow/dags/master_DAG_script.py
[2022-08-11 20:07:42,122] {logging_mixin.py:115} INFO - [2022-08-11 20:07:42,122] {dag.py:2420} INFO - Sync 1 DAGs
[2022-08-11 20:07:42,151] {logging_mixin.py:115} INFO - [2022-08-11 20:07:42,151] {dag.py:2972} INFO - Setting next_dagrun for nytimes_bestsellers_extract to 2022-08-11T04:07:55.409651+00:00, run_after=2022-08-12T00:00:00+00:00
[2022-08-11 20:07:42,162] {processor.py:161} INFO - Processing /opt/airflow/dags/master_DAG_script.py took 0.292 seconds
[2022-08-11 20:08:13,161] {processor.py:153} INFO - Started process (PID=371) to work on /opt/airflow/dags/master_DAG_script.py
[2022-08-11 20:08:13,164] {processor.py:641} INFO - Processing file /opt/airflow/dags/master_DAG_script.py for tasks to queue
[2022-08-11 20:08:13,165] {logging_mixin.py:115} INFO - [2022-08-11 20:08:13,165] {dagbag.py:508} INFO - Filling up the DagBag from /opt/airflow/dags/master_DAG_script.py
[2022-08-11 20:08:13,226] {logging_mixin.py:115} INFO - [2022-08-11 20:08:13,226] {crypto.py:82} WARNING - empty cryptography key - values will not be stored encrypted.
[2022-08-11 20:08:13,239] {processor.py:651} INFO - DAG(s) dict_keys(['nytimes_bestsellers_extract']) retrieved from /opt/airflow/dags/master_DAG_script.py
[2022-08-11 20:08:13,380] {logging_mixin.py:115} INFO - [2022-08-11 20:08:13,380] {dag.py:2420} INFO - Sync 1 DAGs
[2022-08-11 20:08:13,399] {logging_mixin.py:115} INFO - [2022-08-11 20:08:13,399] {dag.py:2972} INFO - Setting next_dagrun for nytimes_bestsellers_extract to 2022-08-11T04:07:55.409651+00:00, run_after=2022-08-12T00:00:00+00:00
[2022-08-11 20:08:13,409] {processor.py:161} INFO - Processing /opt/airflow/dags/master_DAG_script.py took 0.251 seconds
[2022-08-11 20:08:43,869] {processor.py:153} INFO - Started process (PID=432) to work on /opt/airflow/dags/master_DAG_script.py
[2022-08-11 20:08:43,870] {processor.py:641} INFO - Processing file /opt/airflow/dags/master_DAG_script.py for tasks to queue
[2022-08-11 20:08:43,871] {logging_mixin.py:115} INFO - [2022-08-11 20:08:43,871] {dagbag.py:508} INFO - Filling up the DagBag from /opt/airflow/dags/master_DAG_script.py
[2022-08-11 20:08:43,920] {logging_mixin.py:115} INFO - [2022-08-11 20:08:43,920] {crypto.py:82} WARNING - empty cryptography key - values will not be stored encrypted.
[2022-08-11 20:08:43,927] {processor.py:651} INFO - DAG(s) dict_keys(['nytimes_bestsellers_extract']) retrieved from /opt/airflow/dags/master_DAG_script.py
[2022-08-11 20:08:44,055] {logging_mixin.py:115} INFO - [2022-08-11 20:08:44,055] {dag.py:2420} INFO - Sync 1 DAGs
[2022-08-11 20:08:44,075] {logging_mixin.py:115} INFO - [2022-08-11 20:08:44,074] {dag.py:2972} INFO - Setting next_dagrun for nytimes_bestsellers_extract to 2022-08-11T04:07:55.409651+00:00, run_after=2022-08-12T00:00:00+00:00
[2022-08-11 20:08:44,091] {processor.py:161} INFO - Processing /opt/airflow/dags/master_DAG_script.py took 0.225 seconds
[2022-08-11 20:09:14,180] {processor.py:153} INFO - Started process (PID=493) to work on /opt/airflow/dags/master_DAG_script.py
[2022-08-11 20:09:14,183] {processor.py:641} INFO - Processing file /opt/airflow/dags/master_DAG_script.py for tasks to queue
[2022-08-11 20:09:14,185] {logging_mixin.py:115} INFO - [2022-08-11 20:09:14,185] {dagbag.py:508} INFO - Filling up the DagBag from /opt/airflow/dags/master_DAG_script.py
[2022-08-11 20:09:14,228] {logging_mixin.py:115} INFO - [2022-08-11 20:09:14,228] {crypto.py:82} WARNING - empty cryptography key - values will not be stored encrypted.
[2022-08-11 20:09:14,235] {processor.py:651} INFO - DAG(s) dict_keys(['nytimes_bestsellers_extract']) retrieved from /opt/airflow/dags/master_DAG_script.py
[2022-08-11 20:09:14,359] {logging_mixin.py:115} INFO - [2022-08-11 20:09:14,359] {dag.py:2420} INFO - Sync 1 DAGs
[2022-08-11 20:09:14,371] {logging_mixin.py:115} INFO - [2022-08-11 20:09:14,371] {dag.py:2972} INFO - Setting next_dagrun for nytimes_bestsellers_extract to 2022-08-11T04:07:55.409651+00:00, run_after=2022-08-12T00:00:00+00:00
[2022-08-11 20:09:14,377] {processor.py:161} INFO - Processing /opt/airflow/dags/master_DAG_script.py took 0.205 seconds
[2022-08-11 20:09:45,027] {processor.py:153} INFO - Started process (PID=547) to work on /opt/airflow/dags/master_DAG_script.py
[2022-08-11 20:09:45,031] {processor.py:641} INFO - Processing file /opt/airflow/dags/master_DAG_script.py for tasks to queue
[2022-08-11 20:09:45,034] {logging_mixin.py:115} INFO - [2022-08-11 20:09:45,034] {dagbag.py:508} INFO - Filling up the DagBag from /opt/airflow/dags/master_DAG_script.py
[2022-08-11 20:09:45,115] {logging_mixin.py:115} INFO - [2022-08-11 20:09:45,115] {crypto.py:82} WARNING - empty cryptography key - values will not be stored encrypted.
[2022-08-11 20:09:45,123] {processor.py:651} INFO - DAG(s) dict_keys(['nytimes_bestsellers_extract']) retrieved from /opt/airflow/dags/master_DAG_script.py
[2022-08-11 20:09:45,322] {logging_mixin.py:115} INFO - [2022-08-11 20:09:45,322] {dag.py:2420} INFO - Sync 1 DAGs
[2022-08-11 20:09:45,342] {logging_mixin.py:115} INFO - [2022-08-11 20:09:45,342] {dag.py:2972} INFO - Setting next_dagrun for nytimes_bestsellers_extract to 2022-08-11T04:07:55.409651+00:00, run_after=2022-08-12T00:00:00+00:00
[2022-08-11 20:09:45,353] {processor.py:161} INFO - Processing /opt/airflow/dags/master_DAG_script.py took 0.330 seconds
[2022-08-11 20:10:30,154] {processor.py:153} INFO - Started process (PID=600) to work on /opt/airflow/dags/master_DAG_script.py
[2022-08-11 20:10:30,360] {processor.py:641} INFO - Processing file /opt/airflow/dags/master_DAG_script.py for tasks to queue
[2022-08-11 20:10:30,486] {logging_mixin.py:115} INFO - [2022-08-11 20:10:30,486] {dagbag.py:508} INFO - Filling up the DagBag from /opt/airflow/dags/master_DAG_script.py
[2022-08-11 20:10:30,688] {logging_mixin.py:115} INFO - [2022-08-11 20:10:30,688] {crypto.py:82} WARNING - empty cryptography key - values will not be stored encrypted.
[2022-08-11 20:10:30,713] {processor.py:651} INFO - DAG(s) dict_keys(['nytimes_bestsellers_extract']) retrieved from /opt/airflow/dags/master_DAG_script.py
[2022-08-11 20:10:31,060] {logging_mixin.py:115} INFO - [2022-08-11 20:10:31,059] {dag.py:2420} INFO - Sync 1 DAGs
[2022-08-11 20:10:31,096] {logging_mixin.py:115} INFO - [2022-08-11 20:10:31,096] {dag.py:2972} INFO - Setting next_dagrun for nytimes_bestsellers_extract to 2022-08-11T04:07:55.409651+00:00, run_after=2022-08-12T00:00:00+00:00
[2022-08-11 20:10:31,110] {processor.py:161} INFO - Processing /opt/airflow/dags/master_DAG_script.py took 1.034 seconds
[2022-08-11 20:11:01,771] {processor.py:153} INFO - Started process (PID=661) to work on /opt/airflow/dags/master_DAG_script.py
[2022-08-11 20:11:01,773] {processor.py:641} INFO - Processing file /opt/airflow/dags/master_DAG_script.py for tasks to queue
[2022-08-11 20:11:01,779] {logging_mixin.py:115} INFO - [2022-08-11 20:11:01,779] {dagbag.py:508} INFO - Filling up the DagBag from /opt/airflow/dags/master_DAG_script.py
[2022-08-11 20:11:01,864] {logging_mixin.py:115} INFO - [2022-08-11 20:11:01,864] {crypto.py:82} WARNING - empty cryptography key - values will not be stored encrypted.
[2022-08-11 20:11:01,876] {processor.py:651} INFO - DAG(s) dict_keys(['nytimes_bestsellers_extract']) retrieved from /opt/airflow/dags/master_DAG_script.py
[2022-08-11 20:11:02,208] {logging_mixin.py:115} INFO - [2022-08-11 20:11:02,208] {dag.py:2420} INFO - Sync 1 DAGs
[2022-08-11 20:11:02,237] {logging_mixin.py:115} INFO - [2022-08-11 20:11:02,237] {dag.py:2972} INFO - Setting next_dagrun for nytimes_bestsellers_extract to 2022-08-11T04:07:55.409651+00:00, run_after=2022-08-12T00:00:00+00:00
[2022-08-11 20:11:02,257] {processor.py:161} INFO - Processing /opt/airflow/dags/master_DAG_script.py took 0.485 seconds
[2022-08-11 20:11:41,240] {processor.py:153} INFO - Started process (PID=723) to work on /opt/airflow/dags/master_DAG_script.py
[2022-08-11 20:11:41,372] {processor.py:641} INFO - Processing file /opt/airflow/dags/master_DAG_script.py for tasks to queue
[2022-08-11 20:11:41,497] {logging_mixin.py:115} INFO - [2022-08-11 20:11:41,492] {dagbag.py:508} INFO - Filling up the DagBag from /opt/airflow/dags/master_DAG_script.py
[2022-08-11 20:11:44,729] {logging_mixin.py:115} INFO - [2022-08-11 20:11:44,727] {crypto.py:82} WARNING - empty cryptography key - values will not be stored encrypted.
[2022-08-11 20:11:45,356] {processor.py:651} INFO - DAG(s) dict_keys(['nytimes_bestsellers_extract']) retrieved from /opt/airflow/dags/master_DAG_script.py
[2022-08-11 20:11:49,110] {logging_mixin.py:115} INFO - [2022-08-11 20:11:49,110] {dag.py:2420} INFO - Sync 1 DAGs
[2022-08-11 20:11:49,136] {logging_mixin.py:115} INFO - [2022-08-11 20:11:49,136] {dag.py:2972} INFO - Setting next_dagrun for nytimes_bestsellers_extract to 2022-08-11T04:07:55.409651+00:00, run_after=2022-08-12T00:00:00+00:00
[2022-08-11 20:11:49,156] {processor.py:161} INFO - Processing /opt/airflow/dags/master_DAG_script.py took 8.472 seconds
[2022-08-11 20:12:19,393] {processor.py:153} INFO - Started process (PID=776) to work on /opt/airflow/dags/master_DAG_script.py
[2022-08-11 20:12:19,397] {processor.py:641} INFO - Processing file /opt/airflow/dags/master_DAG_script.py for tasks to queue
[2022-08-11 20:12:19,412] {logging_mixin.py:115} INFO - [2022-08-11 20:12:19,412] {dagbag.py:508} INFO - Filling up the DagBag from /opt/airflow/dags/master_DAG_script.py
[2022-08-11 20:12:19,559] {logging_mixin.py:115} INFO - [2022-08-11 20:12:19,559] {crypto.py:82} WARNING - empty cryptography key - values will not be stored encrypted.
[2022-08-11 20:12:19,582] {processor.py:651} INFO - DAG(s) dict_keys(['nytimes_bestsellers_extract']) retrieved from /opt/airflow/dags/master_DAG_script.py
[2022-08-11 20:12:20,232] {logging_mixin.py:115} INFO - [2022-08-11 20:12:20,232] {dag.py:2420} INFO - Sync 1 DAGs
[2022-08-11 20:12:20,300] {logging_mixin.py:115} INFO - [2022-08-11 20:12:20,300] {dag.py:2972} INFO - Setting next_dagrun for nytimes_bestsellers_extract to 2022-08-11T04:07:55.409651+00:00, run_after=2022-08-12T00:00:00+00:00
[2022-08-11 20:12:20,329] {processor.py:161} INFO - Processing /opt/airflow/dags/master_DAG_script.py took 0.937 seconds
[2022-08-11 20:12:50,877] {processor.py:153} INFO - Started process (PID=828) to work on /opt/airflow/dags/master_DAG_script.py
[2022-08-11 20:12:50,972] {processor.py:641} INFO - Processing file /opt/airflow/dags/master_DAG_script.py for tasks to queue
[2022-08-11 20:12:51,430] {logging_mixin.py:115} INFO - [2022-08-11 20:12:51,427] {dagbag.py:508} INFO - Filling up the DagBag from /opt/airflow/dags/master_DAG_script.py
[2022-08-11 20:12:51,858] {logging_mixin.py:115} INFO - [2022-08-11 20:12:51,857] {crypto.py:82} WARNING - empty cryptography key - values will not be stored encrypted.
[2022-08-11 20:12:51,885] {processor.py:651} INFO - DAG(s) dict_keys(['nytimes_bestsellers_extract']) retrieved from /opt/airflow/dags/master_DAG_script.py
[2022-08-11 20:12:53,627] {logging_mixin.py:115} INFO - [2022-08-11 20:12:53,587] {dag.py:2420} INFO - Sync 1 DAGs
[2022-08-11 20:12:56,548] {logging_mixin.py:115} INFO - [2022-08-11 20:12:56,544] {dag.py:2972} INFO - Setting next_dagrun for nytimes_bestsellers_extract to 2022-08-11T04:07:55.409651+00:00, run_after=2022-08-12T00:00:00+00:00
[2022-08-11 20:12:57,718] {processor.py:161} INFO - Processing /opt/airflow/dags/master_DAG_script.py took 6.849 seconds
[2022-08-11 20:13:28,768] {processor.py:153} INFO - Started process (PID=882) to work on /opt/airflow/dags/master_DAG_script.py
[2022-08-11 20:13:28,778] {processor.py:641} INFO - Processing file /opt/airflow/dags/master_DAG_script.py for tasks to queue
[2022-08-11 20:13:28,784] {logging_mixin.py:115} INFO - [2022-08-11 20:13:28,784] {dagbag.py:508} INFO - Filling up the DagBag from /opt/airflow/dags/master_DAG_script.py
[2022-08-11 20:13:28,955] {logging_mixin.py:115} INFO - [2022-08-11 20:13:28,955] {crypto.py:82} WARNING - empty cryptography key - values will not be stored encrypted.
[2022-08-11 20:13:28,990] {processor.py:651} INFO - DAG(s) dict_keys(['nytimes_bestsellers_extract']) retrieved from /opt/airflow/dags/master_DAG_script.py
[2022-08-11 20:13:29,434] {logging_mixin.py:115} INFO - [2022-08-11 20:13:29,434] {dag.py:2420} INFO - Sync 1 DAGs
[2022-08-11 20:13:29,491] {logging_mixin.py:115} INFO - [2022-08-11 20:13:29,491] {dag.py:2972} INFO - Setting next_dagrun for nytimes_bestsellers_extract to 2022-08-11T04:07:55.409651+00:00, run_after=2022-08-12T00:00:00+00:00
[2022-08-11 20:13:29,511] {processor.py:161} INFO - Processing /opt/airflow/dags/master_DAG_script.py took 0.769 seconds
[2022-08-11 20:14:04,827] {processor.py:153} INFO - Started process (PID=937) to work on /opt/airflow/dags/master_DAG_script.py
[2022-08-11 20:14:04,832] {processor.py:641} INFO - Processing file /opt/airflow/dags/master_DAG_script.py for tasks to queue
[2022-08-11 20:14:04,848] {logging_mixin.py:115} INFO - [2022-08-11 20:14:04,836] {dagbag.py:508} INFO - Filling up the DagBag from /opt/airflow/dags/master_DAG_script.py
[2022-08-11 20:14:05,489] {logging_mixin.py:115} INFO - [2022-08-11 20:14:05,489] {crypto.py:82} WARNING - empty cryptography key - values will not be stored encrypted.
[2022-08-11 20:14:05,560] {processor.py:651} INFO - DAG(s) dict_keys(['nytimes_bestsellers_extract']) retrieved from /opt/airflow/dags/master_DAG_script.py
[2022-08-11 20:14:07,371] {logging_mixin.py:115} INFO - [2022-08-11 20:14:07,371] {dag.py:2420} INFO - Sync 1 DAGs
[2022-08-11 20:14:07,441] {logging_mixin.py:115} INFO - [2022-08-11 20:14:07,440] {dag.py:2972} INFO - Setting next_dagrun for nytimes_bestsellers_extract to 2022-08-11T04:07:55.409651+00:00, run_after=2022-08-12T00:00:00+00:00
[2022-08-11 20:14:07,485] {processor.py:161} INFO - Processing /opt/airflow/dags/master_DAG_script.py took 2.683 seconds
[2022-08-11 20:14:38,661] {processor.py:153} INFO - Started process (PID=990) to work on /opt/airflow/dags/master_DAG_script.py
[2022-08-11 20:14:38,664] {processor.py:641} INFO - Processing file /opt/airflow/dags/master_DAG_script.py for tasks to queue
[2022-08-11 20:14:38,667] {logging_mixin.py:115} INFO - [2022-08-11 20:14:38,667] {dagbag.py:508} INFO - Filling up the DagBag from /opt/airflow/dags/master_DAG_script.py
[2022-08-11 20:14:38,794] {logging_mixin.py:115} INFO - [2022-08-11 20:14:38,793] {crypto.py:82} WARNING - empty cryptography key - values will not be stored encrypted.
[2022-08-11 20:14:38,808] {processor.py:651} INFO - DAG(s) dict_keys(['nytimes_bestsellers_extract']) retrieved from /opt/airflow/dags/master_DAG_script.py
[2022-08-11 20:14:39,145] {logging_mixin.py:115} INFO - [2022-08-11 20:14:39,145] {dag.py:2420} INFO - Sync 1 DAGs
[2022-08-11 20:14:39,165] {logging_mixin.py:115} INFO - [2022-08-11 20:14:39,164] {dag.py:2972} INFO - Setting next_dagrun for nytimes_bestsellers_extract to 2022-08-11T04:07:55.409651+00:00, run_after=2022-08-12T00:00:00+00:00
[2022-08-11 20:14:39,179] {processor.py:161} INFO - Processing /opt/airflow/dags/master_DAG_script.py took 0.522 seconds
[2022-08-11 20:15:09,465] {processor.py:153} INFO - Started process (PID=1043) to work on /opt/airflow/dags/master_DAG_script.py
[2022-08-11 20:15:09,473] {processor.py:641} INFO - Processing file /opt/airflow/dags/master_DAG_script.py for tasks to queue
[2022-08-11 20:15:09,478] {logging_mixin.py:115} INFO - [2022-08-11 20:15:09,478] {dagbag.py:508} INFO - Filling up the DagBag from /opt/airflow/dags/master_DAG_script.py
[2022-08-11 20:15:09,563] {logging_mixin.py:115} INFO - [2022-08-11 20:15:09,563] {crypto.py:82} WARNING - empty cryptography key - values will not be stored encrypted.
[2022-08-11 20:15:09,582] {processor.py:651} INFO - DAG(s) dict_keys(['nytimes_bestsellers_extract']) retrieved from /opt/airflow/dags/master_DAG_script.py
[2022-08-11 20:15:10,162] {logging_mixin.py:115} INFO - [2022-08-11 20:15:10,162] {dag.py:2420} INFO - Sync 1 DAGs
[2022-08-11 20:15:10,210] {logging_mixin.py:115} INFO - [2022-08-11 20:15:10,210] {dag.py:2972} INFO - Setting next_dagrun for nytimes_bestsellers_extract to 2022-08-11T04:07:55.409651+00:00, run_after=2022-08-12T00:00:00+00:00
[2022-08-11 20:15:10,231] {processor.py:161} INFO - Processing /opt/airflow/dags/master_DAG_script.py took 0.774 seconds
[2022-08-11 20:15:40,851] {processor.py:153} INFO - Started process (PID=1104) to work on /opt/airflow/dags/master_DAG_script.py
[2022-08-11 20:15:40,856] {processor.py:641} INFO - Processing file /opt/airflow/dags/master_DAG_script.py for tasks to queue
[2022-08-11 20:15:40,864] {logging_mixin.py:115} INFO - [2022-08-11 20:15:40,863] {dagbag.py:508} INFO - Filling up the DagBag from /opt/airflow/dags/master_DAG_script.py
[2022-08-11 20:15:41,023] {logging_mixin.py:115} INFO - [2022-08-11 20:15:41,023] {crypto.py:82} WARNING - empty cryptography key - values will not be stored encrypted.
[2022-08-11 20:15:41,038] {processor.py:651} INFO - DAG(s) dict_keys(['nytimes_bestsellers_extract']) retrieved from /opt/airflow/dags/master_DAG_script.py
[2022-08-11 20:15:41,356] {logging_mixin.py:115} INFO - [2022-08-11 20:15:41,356] {dag.py:2420} INFO - Sync 1 DAGs
[2022-08-11 20:15:41,387] {logging_mixin.py:115} INFO - [2022-08-11 20:15:41,387] {dag.py:2972} INFO - Setting next_dagrun for nytimes_bestsellers_extract to 2022-08-11T04:07:55.409651+00:00, run_after=2022-08-12T00:00:00+00:00
[2022-08-11 20:15:41,405] {processor.py:161} INFO - Processing /opt/airflow/dags/master_DAG_script.py took 0.578 seconds
